20210118 09:47:31.496 [restartedMain] INFO c.e.u.FileUploadApplication -
				Starting FileUploadApplication using Java 15 on LAPTOP-OGKDVBPP with PID 11684 (C:\Users\sjeon\Documents\workspace-spring-tool-suite-4-4.8.1.RELEASE\fileUpload\bin\main started by sjeon in C:\Users\sjeon\Documents\workspace-spring-tool-suite-4-4.8.1.RELEASE\fileUpload) 
20210118 09:47:31.498 [restartedMain] INFO c.e.u.FileUploadApplication -
				No active profile set, falling back to default profiles: default 
20210118 09:47:41.476 [restartedMain] INFO c.e.u.FileUploadApplication -
				Started FileUploadApplication in 10.682 seconds (JVM running for 12.018) 
20210118 09:49:09.333 [restartedMain] INFO c.e.u.FileUploadApplication -
				Starting FileUploadApplication using Java 15 on LAPTOP-OGKDVBPP with PID 1268 (C:\Users\sjeon\Documents\workspace-spring-tool-suite-4-4.8.1.RELEASE\fileUpload\bin\main started by sjeon in C:\Users\sjeon\Documents\workspace-spring-tool-suite-4-4.8.1.RELEASE\fileUpload) 
20210118 09:49:09.336 [restartedMain] INFO c.e.u.FileUploadApplication -
				No active profile set, falling back to default profiles: default 
20210118 09:53:30.417 [restartedMain] INFO c.e.u.FileUploadApplication -
				Starting FileUploadApplication using Java 15 on LAPTOP-OGKDVBPP with PID 17052 (C:\Users\sjeon\Documents\workspace-spring-tool-suite-4-4.8.1.RELEASE\fileUpload\bin\main started by sjeon in C:\Users\sjeon\Documents\workspace-spring-tool-suite-4-4.8.1.RELEASE\fileUpload) 
20210118 09:53:30.420 [restartedMain] INFO c.e.u.FileUploadApplication -
				No active profile set, falling back to default profiles: default 
20210118 09:53:38.005 [restartedMain] INFO c.e.u.FileUploadApplication -
				Started FileUploadApplication in 8.146 seconds (JVM running for 9.204) 
20210118 09:54:04.898 [http-nio-8080-exec-6] INFO jdbc.sqlonly -
				select renrakutus0_.PNO as pno1_0_, renrakutus0_.CARTON_ON as carton_on2_0_, renrakutus0_.DME_PNO 
as dme_pno3_0_, renrakutus0_.FCS_DATE as fcs_date4_0_, renrakutus0_.GLOBAL_SKU as global_sku5_0_, 
renrakutus0_.GMDL_PL_CD as gmdl_pl_cd6_0_, renrakutus0_.GMDL_PL_NO as gmdl_pl_no7_0_, renrakutus0_.JAN_UPC_EAN 
as jan_upc_ean8_0_, renrakutus0_.MATNR as matnr9_0_, renrakutus0_.MFG_NO as mfg_no10_0_, renrakutus0_.MODEL_NO 
as model_no11_0_, renrakutus0_.PRODUCT_CATEGORY as product_category12_0_, renrakutus0_.PRODUCT_NAME 
as product_name13_0_, renrakutus0_.REGION as region14_0_, renrakutus0_.REGIST_DAY as regist_day15_0_, 
renrakutus0_.ROUTE as route16_0_, renrakutus0_.SUB_PRODUCT_NAME as sub_product_name17_0_, renrakutus0_.VENDER 
as vender18_0_ from RENRAKUTSUCHI_V renrakutus0_ where renrakutus0_.MATNR='A1PBS10E112H' 
 
20210118 09:54:20.940 [http-nio-8080-exec-6] INFO jdbc.sqltiming -
				select renrakutus0_.PNO as pno1_0_, renrakutus0_.CARTON_ON as carton_on2_0_, renrakutus0_.DME_PNO 
as dme_pno3_0_, renrakutus0_.FCS_DATE as fcs_date4_0_, renrakutus0_.GLOBAL_SKU as global_sku5_0_, 
renrakutus0_.GMDL_PL_CD as gmdl_pl_cd6_0_, renrakutus0_.GMDL_PL_NO as gmdl_pl_no7_0_, renrakutus0_.JAN_UPC_EAN 
as jan_upc_ean8_0_, renrakutus0_.MATNR as matnr9_0_, renrakutus0_.MFG_NO as mfg_no10_0_, renrakutus0_.MODEL_NO 
as model_no11_0_, renrakutus0_.PRODUCT_CATEGORY as product_category12_0_, renrakutus0_.PRODUCT_NAME 
as product_name13_0_, renrakutus0_.REGION as region14_0_, renrakutus0_.REGIST_DAY as regist_day15_0_, 
renrakutus0_.ROUTE as route16_0_, renrakutus0_.SUB_PRODUCT_NAME as sub_product_name17_0_, renrakutus0_.VENDER 
as vender18_0_ from RENRAKUTSUCHI_V renrakutus0_ where renrakutus0_.MATNR='A1PBS10E112H' 
 {executed in 16042 msec} 
20210118 09:54:22.682 [http-nio-8080-exec-7] INFO jdbc.sqlonly -
				select renrakutus0_.PNO as pno1_0_, renrakutus0_.CARTON_ON as carton_on2_0_, renrakutus0_.DME_PNO 
as dme_pno3_0_, renrakutus0_.FCS_DATE as fcs_date4_0_, renrakutus0_.GLOBAL_SKU as global_sku5_0_, 
renrakutus0_.GMDL_PL_CD as gmdl_pl_cd6_0_, renrakutus0_.GMDL_PL_NO as gmdl_pl_no7_0_, renrakutus0_.JAN_UPC_EAN 
as jan_upc_ean8_0_, renrakutus0_.MATNR as matnr9_0_, renrakutus0_.MFG_NO as mfg_no10_0_, renrakutus0_.MODEL_NO 
as model_no11_0_, renrakutus0_.PRODUCT_CATEGORY as product_category12_0_, renrakutus0_.PRODUCT_NAME 
as product_name13_0_, renrakutus0_.REGION as region14_0_, renrakutus0_.REGIST_DAY as regist_day15_0_, 
renrakutus0_.ROUTE as route16_0_, renrakutus0_.SUB_PRODUCT_NAME as sub_product_name17_0_, renrakutus0_.VENDER 
as vender18_0_ from RENRAKUTSUCHI_V renrakutus0_ where renrakutus0_.MATNR='A1PBS10E112H' 
 
20210118 09:54:25.864 [http-nio-8080-exec-7] INFO jdbc.sqltiming -
				select renrakutus0_.PNO as pno1_0_, renrakutus0_.CARTON_ON as carton_on2_0_, renrakutus0_.DME_PNO 
as dme_pno3_0_, renrakutus0_.FCS_DATE as fcs_date4_0_, renrakutus0_.GLOBAL_SKU as global_sku5_0_, 
renrakutus0_.GMDL_PL_CD as gmdl_pl_cd6_0_, renrakutus0_.GMDL_PL_NO as gmdl_pl_no7_0_, renrakutus0_.JAN_UPC_EAN 
as jan_upc_ean8_0_, renrakutus0_.MATNR as matnr9_0_, renrakutus0_.MFG_NO as mfg_no10_0_, renrakutus0_.MODEL_NO 
as model_no11_0_, renrakutus0_.PRODUCT_CATEGORY as product_category12_0_, renrakutus0_.PRODUCT_NAME 
as product_name13_0_, renrakutus0_.REGION as region14_0_, renrakutus0_.REGIST_DAY as regist_day15_0_, 
renrakutus0_.ROUTE as route16_0_, renrakutus0_.SUB_PRODUCT_NAME as sub_product_name17_0_, renrakutus0_.VENDER 
as vender18_0_ from RENRAKUTSUCHI_V renrakutus0_ where renrakutus0_.MATNR='A1PBS10E112H' 
 {executed in 3182 msec} 
20210118 09:54:31.565 [http-nio-8080-exec-8] INFO jdbc.sqlonly -
				select renrakutus0_.PNO as pno1_0_, renrakutus0_.CARTON_ON as carton_on2_0_, renrakutus0_.DME_PNO 
as dme_pno3_0_, renrakutus0_.FCS_DATE as fcs_date4_0_, renrakutus0_.GLOBAL_SKU as global_sku5_0_, 
renrakutus0_.GMDL_PL_CD as gmdl_pl_cd6_0_, renrakutus0_.GMDL_PL_NO as gmdl_pl_no7_0_, renrakutus0_.JAN_UPC_EAN 
as jan_upc_ean8_0_, renrakutus0_.MATNR as matnr9_0_, renrakutus0_.MFG_NO as mfg_no10_0_, renrakutus0_.MODEL_NO 
as model_no11_0_, renrakutus0_.PRODUCT_CATEGORY as product_category12_0_, renrakutus0_.PRODUCT_NAME 
as product_name13_0_, renrakutus0_.REGION as region14_0_, renrakutus0_.REGIST_DAY as regist_day15_0_, 
renrakutus0_.ROUTE as route16_0_, renrakutus0_.SUB_PRODUCT_NAME as sub_product_name17_0_, renrakutus0_.VENDER 
as vender18_0_ from RENRAKUTSUCHI_V renrakutus0_ where renrakutus0_.MATNR='A1PBS10E112H' 
 
20210118 09:54:34.985 [http-nio-8080-exec-8] INFO jdbc.sqltiming -
				select renrakutus0_.PNO as pno1_0_, renrakutus0_.CARTON_ON as carton_on2_0_, renrakutus0_.DME_PNO 
as dme_pno3_0_, renrakutus0_.FCS_DATE as fcs_date4_0_, renrakutus0_.GLOBAL_SKU as global_sku5_0_, 
renrakutus0_.GMDL_PL_CD as gmdl_pl_cd6_0_, renrakutus0_.GMDL_PL_NO as gmdl_pl_no7_0_, renrakutus0_.JAN_UPC_EAN 
as jan_upc_ean8_0_, renrakutus0_.MATNR as matnr9_0_, renrakutus0_.MFG_NO as mfg_no10_0_, renrakutus0_.MODEL_NO 
as model_no11_0_, renrakutus0_.PRODUCT_CATEGORY as product_category12_0_, renrakutus0_.PRODUCT_NAME 
as product_name13_0_, renrakutus0_.REGION as region14_0_, renrakutus0_.REGIST_DAY as regist_day15_0_, 
renrakutus0_.ROUTE as route16_0_, renrakutus0_.SUB_PRODUCT_NAME as sub_product_name17_0_, renrakutus0_.VENDER 
as vender18_0_ from RENRAKUTSUCHI_V renrakutus0_ where renrakutus0_.MATNR='A1PBS10E112H' 
 {executed in 3419 msec} 
20210118 09:54:56.746 [restartedMain] INFO c.e.u.FileUploadApplication -
				Starting FileUploadApplication using Java 15 on LAPTOP-OGKDVBPP with PID 17052 (C:\Users\sjeon\Documents\workspace-spring-tool-suite-4-4.8.1.RELEASE\fileUpload\bin\main started by sjeon in C:\Users\sjeon\Documents\workspace-spring-tool-suite-4-4.8.1.RELEASE\fileUpload) 
20210118 09:54:56.747 [restartedMain] INFO c.e.u.FileUploadApplication -
				No active profile set, falling back to default profiles: default 
20210118 09:54:59.124 [restartedMain] INFO c.e.u.FileUploadApplication -
				Started FileUploadApplication in 2.441 seconds (JVM running for 90.323) 
20210118 09:55:05.723 [http-nio-8080-exec-1] INFO jdbc.sqlonly -
				select renrakutus0_.PNO as pno1_0_, renrakutus0_.CARTON_ON as carton_on2_0_, renrakutus0_.DME_PNO 
as dme_pno3_0_, renrakutus0_.FCS_DATE as fcs_date4_0_, renrakutus0_.GLOBAL_SKU as global_sku5_0_, 
renrakutus0_.GMDL_PL_CD as gmdl_pl_cd6_0_, renrakutus0_.GMDL_PL_NO as gmdl_pl_no7_0_, renrakutus0_.JAN_UPC_EAN 
as jan_upc_ean8_0_, renrakutus0_.MATNR as matnr9_0_, renrakutus0_.MFG_NO as mfg_no10_0_, renrakutus0_.MODEL_NO 
as model_no11_0_, renrakutus0_.PRODUCT_CATEGORY as product_category12_0_, renrakutus0_.PRODUCT_NAME 
as product_name13_0_, renrakutus0_.REGION as region14_0_, renrakutus0_.REGIST_DAY as regist_day15_0_, 
renrakutus0_.ROUTE as route16_0_, renrakutus0_.SUB_PRODUCT_NAME as sub_product_name17_0_, renrakutus0_.VENDER 
as vender18_0_ from RENRAKUTSUCHI_V renrakutus0_ where renrakutus0_.MATNR='A1PBS10E112H' 
 
20210118 09:55:07.773 [http-nio-8080-exec-1] INFO jdbc.sqltiming -
				select renrakutus0_.PNO as pno1_0_, renrakutus0_.CARTON_ON as carton_on2_0_, renrakutus0_.DME_PNO 
as dme_pno3_0_, renrakutus0_.FCS_DATE as fcs_date4_0_, renrakutus0_.GLOBAL_SKU as global_sku5_0_, 
renrakutus0_.GMDL_PL_CD as gmdl_pl_cd6_0_, renrakutus0_.GMDL_PL_NO as gmdl_pl_no7_0_, renrakutus0_.JAN_UPC_EAN 
as jan_upc_ean8_0_, renrakutus0_.MATNR as matnr9_0_, renrakutus0_.MFG_NO as mfg_no10_0_, renrakutus0_.MODEL_NO 
as model_no11_0_, renrakutus0_.PRODUCT_CATEGORY as product_category12_0_, renrakutus0_.PRODUCT_NAME 
as product_name13_0_, renrakutus0_.REGION as region14_0_, renrakutus0_.REGIST_DAY as regist_day15_0_, 
renrakutus0_.ROUTE as route16_0_, renrakutus0_.SUB_PRODUCT_NAME as sub_product_name17_0_, renrakutus0_.VENDER 
as vender18_0_ from RENRAKUTSUCHI_V renrakutus0_ where renrakutus0_.MATNR='A1PBS10E112H' 
 {executed in 2049 msec} 
20210118 09:56:04.858 [restartedMain] INFO c.e.u.FileUploadApplication -
				Starting FileUploadApplication using Java 15 on LAPTOP-OGKDVBPP with PID 17052 (C:\Users\sjeon\Documents\workspace-spring-tool-suite-4-4.8.1.RELEASE\fileUpload\bin\main started by sjeon in C:\Users\sjeon\Documents\workspace-spring-tool-suite-4-4.8.1.RELEASE\fileUpload) 
20210118 09:56:04.858 [restartedMain] INFO c.e.u.FileUploadApplication -
				No active profile set, falling back to default profiles: default 
20210118 09:56:07.209 [restartedMain] INFO c.e.u.FileUploadApplication -
				Started FileUploadApplication in 2.438 seconds (JVM running for 158.408) 
20210118 09:56:20.173 [restartedMain] INFO c.e.u.FileUploadApplication -
				Starting FileUploadApplication using Java 15 on LAPTOP-OGKDVBPP with PID 17052 (C:\Users\sjeon\Documents\workspace-spring-tool-suite-4-4.8.1.RELEASE\fileUpload\bin\main started by sjeon in C:\Users\sjeon\Documents\workspace-spring-tool-suite-4-4.8.1.RELEASE\fileUpload) 
20210118 09:56:20.173 [restartedMain] INFO c.e.u.FileUploadApplication -
				No active profile set, falling back to default profiles: default 
20210118 09:56:22.385 [restartedMain] INFO c.e.u.FileUploadApplication -
				Started FileUploadApplication in 2.248 seconds (JVM running for 173.584) 
20210118 09:56:44.599 [restartedMain] INFO c.e.u.FileUploadApplication -
				Starting FileUploadApplication using Java 15 on LAPTOP-OGKDVBPP with PID 17052 (C:\Users\sjeon\Documents\workspace-spring-tool-suite-4-4.8.1.RELEASE\fileUpload\bin\main started by sjeon in C:\Users\sjeon\Documents\workspace-spring-tool-suite-4-4.8.1.RELEASE\fileUpload) 
20210118 09:56:44.600 [restartedMain] INFO c.e.u.FileUploadApplication -
				No active profile set, falling back to default profiles: default 
20210118 09:56:46.662 [restartedMain] INFO c.e.u.FileUploadApplication -
				Started FileUploadApplication in 2.098 seconds (JVM running for 197.86) 
20210118 09:56:49.251 [restartedMain] INFO c.e.u.FileUploadApplication -
				Starting FileUploadApplication using Java 15 on LAPTOP-OGKDVBPP with PID 17052 (C:\Users\sjeon\Documents\workspace-spring-tool-suite-4-4.8.1.RELEASE\fileUpload\bin\main started by sjeon in C:\Users\sjeon\Documents\workspace-spring-tool-suite-4-4.8.1.RELEASE\fileUpload) 
20210118 09:56:49.251 [restartedMain] INFO c.e.u.FileUploadApplication -
				No active profile set, falling back to default profiles: default 
20210118 09:56:53.205 [restartedMain] INFO c.e.u.FileUploadApplication -
				Started FileUploadApplication in 3.988 seconds (JVM running for 204.403) 
20210118 09:56:54.701 [restartedMain] INFO c.e.u.FileUploadApplication -
				Starting FileUploadApplication using Java 15 on LAPTOP-OGKDVBPP with PID 17052 (C:\Users\sjeon\Documents\workspace-spring-tool-suite-4-4.8.1.RELEASE\fileUpload\bin\main started by sjeon in C:\Users\sjeon\Documents\workspace-spring-tool-suite-4-4.8.1.RELEASE\fileUpload) 
20210118 09:56:54.701 [restartedMain] INFO c.e.u.FileUploadApplication -
				No active profile set, falling back to default profiles: default 
20210118 09:56:57.571 [restartedMain] INFO c.e.u.FileUploadApplication -
				Started FileUploadApplication in 2.897 seconds (JVM running for 208.77) 
20210118 09:57:13.421 [restartedMain] INFO c.e.u.FileUploadApplication -
				Starting FileUploadApplication using Java 15 on LAPTOP-OGKDVBPP with PID 17052 (C:\Users\sjeon\Documents\workspace-spring-tool-suite-4-4.8.1.RELEASE\fileUpload\bin\main started by sjeon in C:\Users\sjeon\Documents\workspace-spring-tool-suite-4-4.8.1.RELEASE\fileUpload) 
20210118 09:57:13.422 [restartedMain] INFO c.e.u.FileUploadApplication -
				No active profile set, falling back to default profiles: default 
20210118 09:57:16.015 [restartedMain] INFO c.e.u.FileUploadApplication -
				Started FileUploadApplication in 2.621 seconds (JVM running for 227.214) 
20210118 09:57:30.662 [http-nio-8080-exec-6] INFO jdbc.sqlonly -
				select renrakutus0_.PNO as pno1_0_, renrakutus0_.CARTON_ON as carton_on2_0_, renrakutus0_.DME_PNO 
as dme_pno3_0_, renrakutus0_.FCS_DATE as fcs_date4_0_, renrakutus0_.GLOBAL_SKU as global_sku5_0_, 
renrakutus0_.GMDL_PL_CD as gmdl_pl_cd6_0_, renrakutus0_.GMDL_PL_NO as gmdl_pl_no7_0_, renrakutus0_.JAN_UPC_EAN 
as jan_upc_ean8_0_, renrakutus0_.MATNR as matnr9_0_, renrakutus0_.MFG_NO as mfg_no10_0_, renrakutus0_.MODEL_NO 
as model_no11_0_, renrakutus0_.PRODUCT_CATEGORY as product_category12_0_, renrakutus0_.PRODUCT_NAME 
as product_name13_0_, renrakutus0_.REGION as region14_0_, renrakutus0_.REGIST_DAY as regist_day15_0_, 
renrakutus0_.ROUTE as route16_0_, renrakutus0_.SUB_PRODUCT_NAME as sub_product_name17_0_, renrakutus0_.VENDER 
as vender18_0_ from RENRAKUTSUCHI_V renrakutus0_ where renrakutus0_.MATNR='A1PBS10E112H' 
 
20210118 09:57:32.726 [http-nio-8080-exec-6] INFO jdbc.sqltiming -
				select renrakutus0_.PNO as pno1_0_, renrakutus0_.CARTON_ON as carton_on2_0_, renrakutus0_.DME_PNO 
as dme_pno3_0_, renrakutus0_.FCS_DATE as fcs_date4_0_, renrakutus0_.GLOBAL_SKU as global_sku5_0_, 
renrakutus0_.GMDL_PL_CD as gmdl_pl_cd6_0_, renrakutus0_.GMDL_PL_NO as gmdl_pl_no7_0_, renrakutus0_.JAN_UPC_EAN 
as jan_upc_ean8_0_, renrakutus0_.MATNR as matnr9_0_, renrakutus0_.MFG_NO as mfg_no10_0_, renrakutus0_.MODEL_NO 
as model_no11_0_, renrakutus0_.PRODUCT_CATEGORY as product_category12_0_, renrakutus0_.PRODUCT_NAME 
as product_name13_0_, renrakutus0_.REGION as region14_0_, renrakutus0_.REGIST_DAY as regist_day15_0_, 
renrakutus0_.ROUTE as route16_0_, renrakutus0_.SUB_PRODUCT_NAME as sub_product_name17_0_, renrakutus0_.VENDER 
as vender18_0_ from RENRAKUTSUCHI_V renrakutus0_ where renrakutus0_.MATNR='A1PBS10E112H' 
 {executed in 2064 msec} 
20210118 09:58:57.343 [restartedMain] INFO c.e.u.FileUploadApplication -
				Starting FileUploadApplication using Java 15 on LAPTOP-OGKDVBPP with PID 10148 (C:\Users\sjeon\Documents\workspace-spring-tool-suite-4-4.8.1.RELEASE\fileUpload\bin\main started by sjeon in C:\Users\sjeon\Documents\workspace-spring-tool-suite-4-4.8.1.RELEASE\fileUpload) 
20210118 09:58:57.368 [restartedMain] INFO c.e.u.FileUploadApplication -
				No active profile set, falling back to default profiles: default 
20210118 09:59:04.467 [restartedMain] INFO c.e.u.FileUploadApplication -
				Started FileUploadApplication in 8.68 seconds (JVM running for 9.897) 
20210118 10:00:00.144 [http-nio-8080-exec-6] INFO jdbc.sqlonly -
				select renrakutus0_.PNO as pno1_0_, renrakutus0_.CARTON_ON as carton_on2_0_, renrakutus0_.DME_PNO 
as dme_pno3_0_, renrakutus0_.FCS_DATE as fcs_date4_0_, renrakutus0_.GLOBAL_SKU as global_sku5_0_, 
renrakutus0_.GMDL_PL_CD as gmdl_pl_cd6_0_, renrakutus0_.GMDL_PL_NO as gmdl_pl_no7_0_, renrakutus0_.JAN_UPC_EAN 
as jan_upc_ean8_0_, renrakutus0_.MATNR as matnr9_0_, renrakutus0_.MFG_NO as mfg_no10_0_, renrakutus0_.MODEL_NO 
as model_no11_0_, renrakutus0_.PRODUCT_CATEGORY as product_category12_0_, renrakutus0_.PRODUCT_NAME 
as product_name13_0_, renrakutus0_.REGION as region14_0_, renrakutus0_.REGIST_DAY as regist_day15_0_, 
renrakutus0_.ROUTE as route16_0_, renrakutus0_.SUB_PRODUCT_NAME as sub_product_name17_0_, renrakutus0_.VENDER 
as vender18_0_ from RENRAKUTSUCHI_V renrakutus0_ where renrakutus0_.MATNR='A1PBS10E112H' 
 
20210118 10:00:02.264 [http-nio-8080-exec-6] INFO jdbc.sqltiming -
				select renrakutus0_.PNO as pno1_0_, renrakutus0_.CARTON_ON as carton_on2_0_, renrakutus0_.DME_PNO 
as dme_pno3_0_, renrakutus0_.FCS_DATE as fcs_date4_0_, renrakutus0_.GLOBAL_SKU as global_sku5_0_, 
renrakutus0_.GMDL_PL_CD as gmdl_pl_cd6_0_, renrakutus0_.GMDL_PL_NO as gmdl_pl_no7_0_, renrakutus0_.JAN_UPC_EAN 
as jan_upc_ean8_0_, renrakutus0_.MATNR as matnr9_0_, renrakutus0_.MFG_NO as mfg_no10_0_, renrakutus0_.MODEL_NO 
as model_no11_0_, renrakutus0_.PRODUCT_CATEGORY as product_category12_0_, renrakutus0_.PRODUCT_NAME 
as product_name13_0_, renrakutus0_.REGION as region14_0_, renrakutus0_.REGIST_DAY as regist_day15_0_, 
renrakutus0_.ROUTE as route16_0_, renrakutus0_.SUB_PRODUCT_NAME as sub_product_name17_0_, renrakutus0_.VENDER 
as vender18_0_ from RENRAKUTSUCHI_V renrakutus0_ where renrakutus0_.MATNR='A1PBS10E112H' 
 {executed in 2119 msec} 
20210118 10:53:16.807 [restartedMain] INFO c.e.u.FileUploadApplication -
				Starting FileUploadApplication using Java 15 on LAPTOP-OGKDVBPP with PID 9260 (C:\Users\sjeon\Documents\workspace-spring-tool-suite-4-4.8.1.RELEASE\fileUpload\bin\main started by sjeon in C:\Users\sjeon\Documents\workspace-spring-tool-suite-4-4.8.1.RELEASE\fileUpload) 
20210118 10:53:16.809 [restartedMain] INFO c.e.u.FileUploadApplication -
				No active profile set, falling back to default profiles: default 
20210118 10:56:27.017 [restartedMain] INFO c.e.u.FileUploadApplication -
				Starting FileUploadApplication using Java 15 on LAPTOP-OGKDVBPP with PID 17812 (C:\Users\sjeon\Documents\workspace-spring-tool-suite-4-4.8.1.RELEASE\fileUpload\bin\main started by sjeon in C:\Users\sjeon\Documents\workspace-spring-tool-suite-4-4.8.1.RELEASE\fileUpload) 
20210118 10:56:27.019 [restartedMain] INFO c.e.u.FileUploadApplication -
				No active profile set, falling back to default profiles: default 
20210118 10:56:32.492 [restartedMain] INFO c.e.u.FileUploadApplication -
				Started FileUploadApplication in 6.038 seconds (JVM running for 6.967) 
20210118 11:11:34.245 [restartedMain] INFO c.e.u.FileUploadApplication -
				Starting FileUploadApplication using Java 15 on LAPTOP-OGKDVBPP with PID 17020 (C:\Users\sjeon\Documents\workspace-spring-tool-suite-4-4.8.1.RELEASE\fileUpload\bin\main started by sjeon in C:\Users\sjeon\Documents\workspace-spring-tool-suite-4-4.8.1.RELEASE\fileUpload) 
20210118 11:11:34.247 [restartedMain] INFO c.e.u.FileUploadApplication -
				No active profile set, falling back to default profiles: default 
20210118 11:11:42.295 [restartedMain] INFO c.e.u.FileUploadApplication -
				Started FileUploadApplication in 8.565 seconds (JVM running for 9.554) 
20210118 11:13:20.383 [restartedMain] INFO c.e.u.FileUploadApplication -
				Starting FileUploadApplication using Java 15 on LAPTOP-OGKDVBPP with PID 17020 (C:\Users\sjeon\Documents\workspace-spring-tool-suite-4-4.8.1.RELEASE\fileUpload\bin\main started by sjeon in C:\Users\sjeon\Documents\workspace-spring-tool-suite-4-4.8.1.RELEASE\fileUpload) 
20210118 11:13:20.384 [restartedMain] INFO c.e.u.FileUploadApplication -
				No active profile set, falling back to default profiles: default 
20210118 11:13:22.422 [restartedMain] INFO c.e.u.FileUploadApplication -
				Started FileUploadApplication in 2.084 seconds (JVM running for 109.68) 
20210118 11:13:29.245 [restartedMain] INFO c.e.u.FileUploadApplication -
				Starting FileUploadApplication using Java 15 on LAPTOP-OGKDVBPP with PID 17020 (C:\Users\sjeon\Documents\workspace-spring-tool-suite-4-4.8.1.RELEASE\fileUpload\bin\main started by sjeon in C:\Users\sjeon\Documents\workspace-spring-tool-suite-4-4.8.1.RELEASE\fileUpload) 
20210118 11:13:29.246 [restartedMain] INFO c.e.u.FileUploadApplication -
				No active profile set, falling back to default profiles: default 
20210118 11:13:31.499 [restartedMain] INFO c.e.u.FileUploadApplication -
				Started FileUploadApplication in 2.282 seconds (JVM running for 118.758) 
20210118 11:13:47.467 [http-nio-8080-exec-6] INFO jdbc.sqlonly -
				select renrakutus0_.PNO as pno1_0_, renrakutus0_.CARTON_ON as carton_on2_0_, renrakutus0_.DME_PNO 
as dme_pno3_0_, renrakutus0_.FCS_DATE as fcs_date4_0_, renrakutus0_.GLOBAL_SKU as global_sku5_0_, 
renrakutus0_.GMDL_PL_CD as gmdl_pl_cd6_0_, renrakutus0_.GMDL_PL_NO as gmdl_pl_no7_0_, renrakutus0_.JAN_UPC_EAN 
as jan_upc_ean8_0_, renrakutus0_.MATNR as matnr9_0_, renrakutus0_.MFG_NO as mfg_no10_0_, renrakutus0_.MODEL_NO 
as model_no11_0_, renrakutus0_.PRODUCT_CATEGORY as product_category12_0_, renrakutus0_.PRODUCT_NAME 
as product_name13_0_, renrakutus0_.REGION as region14_0_, renrakutus0_.REGIST_DAY as regist_day15_0_, 
renrakutus0_.ROUTE as route16_0_, renrakutus0_.SUB_PRODUCT_NAME as sub_product_name17_0_, renrakutus0_.VENDER 
as vender18_0_ from RENRAKUTSUCHI_V renrakutus0_ where renrakutus0_.MATNR='A1PBS10E112H' 
 
20210118 11:13:49.572 [http-nio-8080-exec-6] INFO jdbc.sqltiming -
				select renrakutus0_.PNO as pno1_0_, renrakutus0_.CARTON_ON as carton_on2_0_, renrakutus0_.DME_PNO 
as dme_pno3_0_, renrakutus0_.FCS_DATE as fcs_date4_0_, renrakutus0_.GLOBAL_SKU as global_sku5_0_, 
renrakutus0_.GMDL_PL_CD as gmdl_pl_cd6_0_, renrakutus0_.GMDL_PL_NO as gmdl_pl_no7_0_, renrakutus0_.JAN_UPC_EAN 
as jan_upc_ean8_0_, renrakutus0_.MATNR as matnr9_0_, renrakutus0_.MFG_NO as mfg_no10_0_, renrakutus0_.MODEL_NO 
as model_no11_0_, renrakutus0_.PRODUCT_CATEGORY as product_category12_0_, renrakutus0_.PRODUCT_NAME 
as product_name13_0_, renrakutus0_.REGION as region14_0_, renrakutus0_.REGIST_DAY as regist_day15_0_, 
renrakutus0_.ROUTE as route16_0_, renrakutus0_.SUB_PRODUCT_NAME as sub_product_name17_0_, renrakutus0_.VENDER 
as vender18_0_ from RENRAKUTSUCHI_V renrakutus0_ where renrakutus0_.MATNR='A1PBS10E112H' 
 {executed in 2105 msec} 
20210118 11:36:43.310 [restartedMain] INFO c.e.u.FileUploadApplication -
				Starting FileUploadApplication using Java 15 on LAPTOP-OGKDVBPP with PID 10892 (C:\Users\sjeon\Documents\workspace-spring-tool-suite-4-4.8.1.RELEASE\fileUpload\bin\main started by sjeon in C:\Users\sjeon\Documents\workspace-spring-tool-suite-4-4.8.1.RELEASE\fileUpload) 
20210118 11:36:43.313 [restartedMain] INFO c.e.u.FileUploadApplication -
				No active profile set, falling back to default profiles: default 
20210118 11:36:50.859 [restartedMain] INFO c.e.u.FileUploadApplication -
				Started FileUploadApplication in 8.063 seconds (JVM running for 9.163) 
20210118 11:37:11.310 [http-nio-8080-exec-6] INFO jdbc.sqlonly -
				select renrakutus0_.PNO as pno1_0_, renrakutus0_.CARTON_ON as carton_on2_0_, renrakutus0_.DME_PNO 
as dme_pno3_0_, renrakutus0_.FCS_DATE as fcs_date4_0_, renrakutus0_.GLOBAL_SKU as global_sku5_0_, 
renrakutus0_.GMDL_PL_CD as gmdl_pl_cd6_0_, renrakutus0_.GMDL_PL_NO as gmdl_pl_no7_0_, renrakutus0_.JAN_UPC_EAN 
as jan_upc_ean8_0_, renrakutus0_.MATNR as matnr9_0_, renrakutus0_.MFG_NO as mfg_no10_0_, renrakutus0_.MODEL_NO 
as model_no11_0_, renrakutus0_.PRODUCT_CATEGORY as product_category12_0_, renrakutus0_.PRODUCT_NAME 
as product_name13_0_, renrakutus0_.REGION as region14_0_, renrakutus0_.REGIST_DAY as regist_day15_0_, 
renrakutus0_.ROUTE as route16_0_, renrakutus0_.SUB_PRODUCT_NAME as sub_product_name17_0_, renrakutus0_.VENDER 
as vender18_0_ from RENRAKUTSUCHI_V renrakutus0_ where renrakutus0_.MATNR='A1PBS10E112H' 
 
20210118 11:37:13.422 [http-nio-8080-exec-6] INFO jdbc.sqltiming -
				select renrakutus0_.PNO as pno1_0_, renrakutus0_.CARTON_ON as carton_on2_0_, renrakutus0_.DME_PNO 
as dme_pno3_0_, renrakutus0_.FCS_DATE as fcs_date4_0_, renrakutus0_.GLOBAL_SKU as global_sku5_0_, 
renrakutus0_.GMDL_PL_CD as gmdl_pl_cd6_0_, renrakutus0_.GMDL_PL_NO as gmdl_pl_no7_0_, renrakutus0_.JAN_UPC_EAN 
as jan_upc_ean8_0_, renrakutus0_.MATNR as matnr9_0_, renrakutus0_.MFG_NO as mfg_no10_0_, renrakutus0_.MODEL_NO 
as model_no11_0_, renrakutus0_.PRODUCT_CATEGORY as product_category12_0_, renrakutus0_.PRODUCT_NAME 
as product_name13_0_, renrakutus0_.REGION as region14_0_, renrakutus0_.REGIST_DAY as regist_day15_0_, 
renrakutus0_.ROUTE as route16_0_, renrakutus0_.SUB_PRODUCT_NAME as sub_product_name17_0_, renrakutus0_.VENDER 
as vender18_0_ from RENRAKUTSUCHI_V renrakutus0_ where renrakutus0_.MATNR='A1PBS10E112H' 
 {executed in 2111 msec} 
20210118 11:37:54.554 [restartedMain] INFO c.e.u.FileUploadApplication -
				Starting FileUploadApplication using Java 15 on LAPTOP-OGKDVBPP with PID 10892 (C:\Users\sjeon\Documents\workspace-spring-tool-suite-4-4.8.1.RELEASE\fileUpload\bin\main started by sjeon in C:\Users\sjeon\Documents\workspace-spring-tool-suite-4-4.8.1.RELEASE\fileUpload) 
20210118 11:37:54.554 [restartedMain] INFO c.e.u.FileUploadApplication -
				No active profile set, falling back to default profiles: default 
20210118 11:37:56.690 [restartedMain] INFO c.e.u.FileUploadApplication -
				Started FileUploadApplication in 2.229 seconds (JVM running for 74.994) 
20210118 11:38:28.753 [restartedMain] INFO c.e.u.FileUploadApplication -
				Starting FileUploadApplication using Java 15 on LAPTOP-OGKDVBPP with PID 10892 (C:\Users\sjeon\Documents\workspace-spring-tool-suite-4-4.8.1.RELEASE\fileUpload\bin\main started by sjeon in C:\Users\sjeon\Documents\workspace-spring-tool-suite-4-4.8.1.RELEASE\fileUpload) 
20210118 11:38:28.755 [restartedMain] INFO c.e.u.FileUploadApplication -
				No active profile set, falling back to default profiles: default 
20210118 11:38:31.023 [restartedMain] INFO c.e.u.FileUploadApplication -
				Started FileUploadApplication in 2.331 seconds (JVM running for 109.327) 
20210118 11:45:15.905 [restartedMain] INFO c.e.u.FileUploadApplication -
				Starting FileUploadApplication using Java 15 on LAPTOP-OGKDVBPP with PID 10892 (C:\Users\sjeon\Documents\workspace-spring-tool-suite-4-4.8.1.RELEASE\fileUpload\bin\main started by sjeon in C:\Users\sjeon\Documents\workspace-spring-tool-suite-4-4.8.1.RELEASE\fileUpload) 
20210118 11:45:15.906 [restartedMain] INFO c.e.u.FileUploadApplication -
				No active profile set, falling back to default profiles: default 
20210118 11:45:18.891 [restartedMain] INFO c.e.u.FileUploadApplication -
				Started FileUploadApplication in 3.016 seconds (JVM running for 517.194) 
20210118 11:45:25.756 [restartedMain] INFO c.e.u.FileUploadApplication -
				Starting FileUploadApplication using Java 15 on LAPTOP-OGKDVBPP with PID 10892 (C:\Users\sjeon\Documents\workspace-spring-tool-suite-4-4.8.1.RELEASE\fileUpload\bin\main started by sjeon in C:\Users\sjeon\Documents\workspace-spring-tool-suite-4-4.8.1.RELEASE\fileUpload) 
20210118 11:45:25.756 [restartedMain] INFO c.e.u.FileUploadApplication -
				No active profile set, falling back to default profiles: default 
20210118 11:45:27.742 [restartedMain] INFO c.e.u.FileUploadApplication -
				Started FileUploadApplication in 2.011 seconds (JVM running for 526.045) 
20210118 11:45:49.163 [restartedMain] INFO c.e.u.FileUploadApplication -
				Starting FileUploadApplication using Java 15 on LAPTOP-OGKDVBPP with PID 10892 (C:\Users\sjeon\Documents\workspace-spring-tool-suite-4-4.8.1.RELEASE\fileUpload\bin\main started by sjeon in C:\Users\sjeon\Documents\workspace-spring-tool-suite-4-4.8.1.RELEASE\fileUpload) 
20210118 11:45:49.165 [restartedMain] INFO c.e.u.FileUploadApplication -
				No active profile set, falling back to default profiles: default 
20210118 11:45:51.948 [restartedMain] INFO c.e.u.FileUploadApplication -
				Started FileUploadApplication in 2.871 seconds (JVM running for 550.252) 
20210118 11:48:22.594 [restartedMain] INFO c.e.u.FileUploadApplication -
				Starting FileUploadApplication using Java 15 on LAPTOP-OGKDVBPP with PID 10892 (C:\Users\sjeon\Documents\workspace-spring-tool-suite-4-4.8.1.RELEASE\fileUpload\bin\main started by sjeon in C:\Users\sjeon\Documents\workspace-spring-tool-suite-4-4.8.1.RELEASE\fileUpload) 
20210118 11:48:22.594 [restartedMain] INFO c.e.u.FileUploadApplication -
				No active profile set, falling back to default profiles: default 
20210118 11:48:34.189 [restartedMain] INFO c.e.u.FileUploadApplication -
				Starting FileUploadApplication using Java 15 on LAPTOP-OGKDVBPP with PID 10892 (C:\Users\sjeon\Documents\workspace-spring-tool-suite-4-4.8.1.RELEASE\fileUpload\bin\main started by sjeon in C:\Users\sjeon\Documents\workspace-spring-tool-suite-4-4.8.1.RELEASE\fileUpload) 
20210118 11:48:34.190 [restartedMain] INFO c.e.u.FileUploadApplication -
				No active profile set, falling back to default profiles: default 
20210118 11:51:23.279 [restartedMain] INFO c.e.u.FileUploadApplication -
				Starting FileUploadApplication using Java 15 on LAPTOP-OGKDVBPP with PID 10892 (C:\Users\sjeon\Documents\workspace-spring-tool-suite-4-4.8.1.RELEASE\fileUpload\bin\main started by sjeon in C:\Users\sjeon\Documents\workspace-spring-tool-suite-4-4.8.1.RELEASE\fileUpload) 
20210118 11:51:23.279 [restartedMain] INFO c.e.u.FileUploadApplication -
				No active profile set, falling back to default profiles: default 
20210118 11:51:35.324 [restartedMain] INFO c.e.u.FileUploadApplication -
				Starting FileUploadApplication using Java 15 on LAPTOP-OGKDVBPP with PID 10892 (C:\Users\sjeon\Documents\workspace-spring-tool-suite-4-4.8.1.RELEASE\fileUpload\bin\main started by sjeon in C:\Users\sjeon\Documents\workspace-spring-tool-suite-4-4.8.1.RELEASE\fileUpload) 
20210118 11:51:35.325 [restartedMain] INFO c.e.u.FileUploadApplication -
				No active profile set, falling back to default profiles: default 
20210118 11:59:34.120 [restartedMain] INFO c.e.u.FileUploadApplication -
				Starting FileUploadApplication using Java 15 on LAPTOP-OGKDVBPP with PID 17288 (C:\Users\sjeon\Documents\workspace-spring-tool-suite-4-4.8.1.RELEASE\fileUpload\bin\main started by sjeon in C:\Users\sjeon\Documents\workspace-spring-tool-suite-4-4.8.1.RELEASE\fileUpload) 
20210118 11:59:34.122 [restartedMain] INFO c.e.u.FileUploadApplication -
				No active profile set, falling back to default profiles: default 
20210118 12:00:04.916 [restartedMain] INFO c.e.u.FileUploadApplication -
				Starting FileUploadApplication using Java 15 on LAPTOP-OGKDVBPP with PID 16252 (C:\Users\sjeon\Documents\workspace-spring-tool-suite-4-4.8.1.RELEASE\fileUpload\bin\main started by sjeon in C:\Users\sjeon\Documents\workspace-spring-tool-suite-4-4.8.1.RELEASE\fileUpload) 
20210118 12:00:04.918 [restartedMain] INFO c.e.u.FileUploadApplication -
				No active profile set, falling back to default profiles: default 
20210118 12:01:17.342 [restartedMain] INFO c.e.u.FileUploadApplication -
				Starting FileUploadApplication using Java 15 on LAPTOP-OGKDVBPP with PID 1576 (C:\Users\sjeon\Documents\workspace-spring-tool-suite-4-4.8.1.RELEASE\fileUpload\bin\main started by sjeon in C:\Users\sjeon\Documents\workspace-spring-tool-suite-4-4.8.1.RELEASE\fileUpload) 
20210118 12:01:17.344 [restartedMain] INFO c.e.u.FileUploadApplication -
				No active profile set, falling back to default profiles: default 
20210118 12:01:22.890 [restartedMain] INFO c.e.u.FileUploadApplication -
				Started FileUploadApplication in 6.115 seconds (JVM running for 7.268) 
20210118 12:01:59.424 [http-nio-8080-exec-6] INFO jdbc.sqlonly -
				select renrakutus0_.MATNR as matnr1_0_, renrakutus0_.CARTON_ON as carton_on2_0_, renrakutus0_.DME_PNO 
as dme_pno3_0_, renrakutus0_.FCS_DATE as fcs_date4_0_, renrakutus0_.GLOBAL_SKU as global_sku5_0_, 
renrakutus0_.GMDL_PL_CD as gmdl_pl_cd6_0_, renrakutus0_.GMDL_PL_NO as gmdl_pl_no7_0_, renrakutus0_.JAN_UPC_EAN 
as jan_upc_ean8_0_, renrakutus0_.MFG_NO as mfg_no9_0_, renrakutus0_.MODEL_NO as model_no10_0_, 
renrakutus0_.PNO as pno11_0_, renrakutus0_.PRODUCT_CATEGORY as product_category12_0_, renrakutus0_.PRODUCT_NAME 
as product_name13_0_, renrakutus0_.REGION as region14_0_, renrakutus0_.REGIST_DAY as regist_day15_0_, 
renrakutus0_.ROUTE as route16_0_, renrakutus0_.SUB_PRODUCT_NAME as sub_product_name17_0_, renrakutus0_.VENDER 
as vender18_0_ from RENRAKUTSUCHI_V renrakutus0_ where renrakutus0_.MATNR='' 
 
20210118 12:02:00.523 [http-nio-8080-exec-6] INFO jdbc.sqltiming -
				select renrakutus0_.MATNR as matnr1_0_, renrakutus0_.CARTON_ON as carton_on2_0_, renrakutus0_.DME_PNO 
as dme_pno3_0_, renrakutus0_.FCS_DATE as fcs_date4_0_, renrakutus0_.GLOBAL_SKU as global_sku5_0_, 
renrakutus0_.GMDL_PL_CD as gmdl_pl_cd6_0_, renrakutus0_.GMDL_PL_NO as gmdl_pl_no7_0_, renrakutus0_.JAN_UPC_EAN 
as jan_upc_ean8_0_, renrakutus0_.MFG_NO as mfg_no9_0_, renrakutus0_.MODEL_NO as model_no10_0_, 
renrakutus0_.PNO as pno11_0_, renrakutus0_.PRODUCT_CATEGORY as product_category12_0_, renrakutus0_.PRODUCT_NAME 
as product_name13_0_, renrakutus0_.REGION as region14_0_, renrakutus0_.REGIST_DAY as regist_day15_0_, 
renrakutus0_.ROUTE as route16_0_, renrakutus0_.SUB_PRODUCT_NAME as sub_product_name17_0_, renrakutus0_.VENDER 
as vender18_0_ from RENRAKUTSUCHI_V renrakutus0_ where renrakutus0_.MATNR='' 
 {executed in 1096 msec} 
20210118 12:02:34.134 [restartedMain] INFO c.e.u.FileUploadApplication -
				Starting FileUploadApplication using Java 15 on LAPTOP-OGKDVBPP with PID 1576 (C:\Users\sjeon\Documents\workspace-spring-tool-suite-4-4.8.1.RELEASE\fileUpload\bin\main started by sjeon in C:\Users\sjeon\Documents\workspace-spring-tool-suite-4-4.8.1.RELEASE\fileUpload) 
20210118 12:02:34.135 [restartedMain] INFO c.e.u.FileUploadApplication -
				No active profile set, falling back to default profiles: default 
20210118 12:02:37.185 [restartedMain] INFO c.e.u.FileUploadApplication -
				Started FileUploadApplication in 3.111 seconds (JVM running for 81.563) 
20210118 12:02:37.473 [http-nio-8080-exec-1] INFO jdbc.sqlonly -
				select renrakutus0_.MATNR as matnr1_0_, renrakutus0_.CARTON_ON as carton_on2_0_, renrakutus0_.DME_PNO 
as dme_pno3_0_, renrakutus0_.FCS_DATE as fcs_date4_0_, renrakutus0_.GLOBAL_SKU as global_sku5_0_, 
renrakutus0_.GMDL_PL_CD as gmdl_pl_cd6_0_, renrakutus0_.GMDL_PL_NO as gmdl_pl_no7_0_, renrakutus0_.JAN_UPC_EAN 
as jan_upc_ean8_0_, renrakutus0_.MFG_NO as mfg_no9_0_, renrakutus0_.MODEL_NO as model_no10_0_, 
renrakutus0_.PNO as pno11_0_, renrakutus0_.PRODUCT_CATEGORY as product_category12_0_, renrakutus0_.PRODUCT_NAME 
as product_name13_0_, renrakutus0_.REGION as region14_0_, renrakutus0_.REGIST_DAY as regist_day15_0_, 
renrakutus0_.ROUTE as route16_0_, renrakutus0_.SUB_PRODUCT_NAME as sub_product_name17_0_, renrakutus0_.VENDER 
as vender18_0_ from RENRAKUTSUCHI_V renrakutus0_ where renrakutus0_.MATNR='A1PBS10E1134' 
 
20210118 12:02:40.733 [http-nio-8080-exec-1] INFO jdbc.sqltiming -
				select renrakutus0_.MATNR as matnr1_0_, renrakutus0_.CARTON_ON as carton_on2_0_, renrakutus0_.DME_PNO 
as dme_pno3_0_, renrakutus0_.FCS_DATE as fcs_date4_0_, renrakutus0_.GLOBAL_SKU as global_sku5_0_, 
renrakutus0_.GMDL_PL_CD as gmdl_pl_cd6_0_, renrakutus0_.GMDL_PL_NO as gmdl_pl_no7_0_, renrakutus0_.JAN_UPC_EAN 
as jan_upc_ean8_0_, renrakutus0_.MFG_NO as mfg_no9_0_, renrakutus0_.MODEL_NO as model_no10_0_, 
renrakutus0_.PNO as pno11_0_, renrakutus0_.PRODUCT_CATEGORY as product_category12_0_, renrakutus0_.PRODUCT_NAME 
as product_name13_0_, renrakutus0_.REGION as region14_0_, renrakutus0_.REGIST_DAY as regist_day15_0_, 
renrakutus0_.ROUTE as route16_0_, renrakutus0_.SUB_PRODUCT_NAME as sub_product_name17_0_, renrakutus0_.VENDER 
as vender18_0_ from RENRAKUTSUCHI_V renrakutus0_ where renrakutus0_.MATNR='A1PBS10E1134' 
 {executed in 3260 msec} 
20210118 14:54:21.690 [restartedMain] INFO c.e.u.FileUploadApplication -
				Starting FileUploadApplication using Java 15 on LAPTOP-OGKDVBPP with PID 1576 (C:\Users\sjeon\Documents\workspace-spring-tool-suite-4-4.8.1.RELEASE\fileUpload\bin\main started by sjeon in C:\Users\sjeon\Documents\workspace-spring-tool-suite-4-4.8.1.RELEASE\fileUpload) 
20210118 14:54:21.691 [restartedMain] INFO c.e.u.FileUploadApplication -
				No active profile set, falling back to default profiles: default 
20210118 14:54:23.729 [restartedMain] INFO c.e.u.FileUploadApplication -
				Started FileUploadApplication in 2.083 seconds (JVM running for 10388.107) 
20210118 14:56:01.745 [restartedMain] INFO c.e.u.FileUploadApplication -
				Starting FileUploadApplication using Java 15 on LAPTOP-OGKDVBPP with PID 1576 (C:\Users\sjeon\Documents\workspace-spring-tool-suite-4-4.8.1.RELEASE\fileUpload\bin\main started by sjeon in C:\Users\sjeon\Documents\workspace-spring-tool-suite-4-4.8.1.RELEASE\fileUpload) 
20210118 14:56:01.745 [restartedMain] INFO c.e.u.FileUploadApplication -
				No active profile set, falling back to default profiles: default 
20210118 14:56:03.727 [restartedMain] INFO c.e.u.FileUploadApplication -
				Started FileUploadApplication in 2.01 seconds (JVM running for 10488.105) 
20210118 15:11:10.987 [restartedMain] INFO c.e.u.FileUploadApplication -
				Starting FileUploadApplication using Java 15 on LAPTOP-OGKDVBPP with PID 1576 (C:\Users\sjeon\Documents\workspace-spring-tool-suite-4-4.8.1.RELEASE\fileUpload\bin\main started by sjeon in C:\Users\sjeon\Documents\workspace-spring-tool-suite-4-4.8.1.RELEASE\fileUpload) 
20210118 15:11:10.987 [restartedMain] INFO c.e.u.FileUploadApplication -
				No active profile set, falling back to default profiles: default 
