20210114 09:28:07.499 [restartedMain] INFO c.e.u.FileUploadApplication -
				Starting FileUploadApplication using Java 15 on LAPTOP-OGKDVBPP with PID 13164 (C:\Users\sjeon\Documents\workspace-spring-tool-suite-4-4.8.1.RELEASE\fileUpload\bin\main started by sjeon in C:\Users\sjeon\Documents\workspace-spring-tool-suite-4-4.8.1.RELEASE\fileUpload) 
20210114 09:28:07.501 [restartedMain] INFO c.e.u.FileUploadApplication -
				No active profile set, falling back to default profiles: default 
20210114 09:28:12.044 [restartedMain] INFO c.e.u.FileUploadApplication -
				Started FileUploadApplication in 4.931 seconds (JVM running for 5.756) 
20210114 09:29:59.049 [restartedMain] INFO c.e.u.FileUploadApplication -
				Starting FileUploadApplication using Java 15 on LAPTOP-OGKDVBPP with PID 13164 (C:\Users\sjeon\Documents\workspace-spring-tool-suite-4-4.8.1.RELEASE\fileUpload\bin\main started by sjeon in C:\Users\sjeon\Documents\workspace-spring-tool-suite-4-4.8.1.RELEASE\fileUpload) 
20210114 09:29:59.049 [restartedMain] INFO c.e.u.FileUploadApplication -
				No active profile set, falling back to default profiles: default 
20210114 09:30:00.756 [restartedMain] INFO c.e.u.FileUploadApplication -
				Started FileUploadApplication in 1.738 seconds (JVM running for 114.467) 
20210114 09:31:15.336 [restartedMain] INFO c.e.u.FileUploadApplication -
				Starting FileUploadApplication using Java 15 on LAPTOP-OGKDVBPP with PID 13164 (C:\Users\sjeon\Documents\workspace-spring-tool-suite-4-4.8.1.RELEASE\fileUpload\bin\main started by sjeon in C:\Users\sjeon\Documents\workspace-spring-tool-suite-4-4.8.1.RELEASE\fileUpload) 
20210114 09:31:15.336 [restartedMain] INFO c.e.u.FileUploadApplication -
				No active profile set, falling back to default profiles: default 
20210114 09:31:17.010 [restartedMain] INFO c.e.u.FileUploadApplication -
				Started FileUploadApplication in 1.702 seconds (JVM running for 190.721) 
20210114 09:32:04.166 [restartedMain] INFO c.e.u.FileUploadApplication -
				Starting FileUploadApplication using Java 15 on LAPTOP-OGKDVBPP with PID 13164 (C:\Users\sjeon\Documents\workspace-spring-tool-suite-4-4.8.1.RELEASE\fileUpload\bin\main started by sjeon in C:\Users\sjeon\Documents\workspace-spring-tool-suite-4-4.8.1.RELEASE\fileUpload) 
20210114 09:32:04.166 [restartedMain] INFO c.e.u.FileUploadApplication -
				No active profile set, falling back to default profiles: default 
20210114 09:32:05.758 [restartedMain] INFO c.e.u.FileUploadApplication -
				Started FileUploadApplication in 1.623 seconds (JVM running for 239.47) 
20210114 09:32:29.547 [restartedMain] INFO c.e.u.FileUploadApplication -
				Starting FileUploadApplication using Java 15 on LAPTOP-OGKDVBPP with PID 13164 (C:\Users\sjeon\Documents\workspace-spring-tool-suite-4-4.8.1.RELEASE\fileUpload\bin\main started by sjeon in C:\Users\sjeon\Documents\workspace-spring-tool-suite-4-4.8.1.RELEASE\fileUpload) 
20210114 09:32:29.547 [restartedMain] INFO c.e.u.FileUploadApplication -
				No active profile set, falling back to default profiles: default 
20210114 09:32:31.314 [restartedMain] INFO c.e.u.FileUploadApplication -
				Started FileUploadApplication in 1.793 seconds (JVM running for 265.025) 
20210114 09:32:45.992 [restartedMain] INFO c.e.u.FileUploadApplication -
				Starting FileUploadApplication using Java 15 on LAPTOP-OGKDVBPP with PID 13164 (C:\Users\sjeon\Documents\workspace-spring-tool-suite-4-4.8.1.RELEASE\fileUpload\bin\main started by sjeon in C:\Users\sjeon\Documents\workspace-spring-tool-suite-4-4.8.1.RELEASE\fileUpload) 
20210114 09:32:45.992 [restartedMain] INFO c.e.u.FileUploadApplication -
				No active profile set, falling back to default profiles: default 
20210114 09:32:47.560 [restartedMain] INFO c.e.u.FileUploadApplication -
				Started FileUploadApplication in 1.605 seconds (JVM running for 281.271) 
20210114 09:34:00.159 [restartedMain] INFO c.e.u.FileUploadApplication -
				Starting FileUploadApplication using Java 15 on LAPTOP-OGKDVBPP with PID 13164 (C:\Users\sjeon\Documents\workspace-spring-tool-suite-4-4.8.1.RELEASE\fileUpload\bin\main started by sjeon in C:\Users\sjeon\Documents\workspace-spring-tool-suite-4-4.8.1.RELEASE\fileUpload) 
20210114 09:34:00.159 [restartedMain] INFO c.e.u.FileUploadApplication -
				No active profile set, falling back to default profiles: default 
20210114 09:34:01.907 [restartedMain] INFO c.e.u.FileUploadApplication -
				Started FileUploadApplication in 1.782 seconds (JVM running for 355.618) 
20210114 09:35:22.513 [restartedMain] INFO c.e.u.FileUploadApplication -
				Starting FileUploadApplication using Java 15 on LAPTOP-OGKDVBPP with PID 13164 (C:\Users\sjeon\Documents\workspace-spring-tool-suite-4-4.8.1.RELEASE\fileUpload\bin\main started by sjeon in C:\Users\sjeon\Documents\workspace-spring-tool-suite-4-4.8.1.RELEASE\fileUpload) 
20210114 09:35:22.513 [restartedMain] INFO c.e.u.FileUploadApplication -
				No active profile set, falling back to default profiles: default 
20210114 09:35:24.644 [restartedMain] INFO c.e.u.FileUploadApplication -
				Started FileUploadApplication in 2.166 seconds (JVM running for 438.355) 
20210114 09:35:30.201 [restartedMain] INFO c.e.u.FileUploadApplication -
				Starting FileUploadApplication using Java 15 on LAPTOP-OGKDVBPP with PID 13164 (C:\Users\sjeon\Documents\workspace-spring-tool-suite-4-4.8.1.RELEASE\fileUpload\bin\main started by sjeon in C:\Users\sjeon\Documents\workspace-spring-tool-suite-4-4.8.1.RELEASE\fileUpload) 
20210114 09:35:30.201 [restartedMain] INFO c.e.u.FileUploadApplication -
				No active profile set, falling back to default profiles: default 
20210114 09:35:31.741 [restartedMain] INFO c.e.u.FileUploadApplication -
				Started FileUploadApplication in 1.566 seconds (JVM running for 445.452) 
20210114 09:35:54.586 [restartedMain] INFO c.e.u.FileUploadApplication -
				Starting FileUploadApplication using Java 15 on LAPTOP-OGKDVBPP with PID 13164 (C:\Users\sjeon\Documents\workspace-spring-tool-suite-4-4.8.1.RELEASE\fileUpload\bin\main started by sjeon in C:\Users\sjeon\Documents\workspace-spring-tool-suite-4-4.8.1.RELEASE\fileUpload) 
20210114 09:35:54.586 [restartedMain] INFO c.e.u.FileUploadApplication -
				No active profile set, falling back to default profiles: default 
20210114 09:35:56.182 [restartedMain] INFO c.e.u.FileUploadApplication -
				Started FileUploadApplication in 1.623 seconds (JVM running for 469.893) 
20210114 09:36:51.455 [restartedMain] INFO c.e.u.FileUploadApplication -
				Starting FileUploadApplication using Java 15 on LAPTOP-OGKDVBPP with PID 13164 (C:\Users\sjeon\Documents\workspace-spring-tool-suite-4-4.8.1.RELEASE\fileUpload\bin\main started by sjeon in C:\Users\sjeon\Documents\workspace-spring-tool-suite-4-4.8.1.RELEASE\fileUpload) 
20210114 09:36:51.455 [restartedMain] INFO c.e.u.FileUploadApplication -
				No active profile set, falling back to default profiles: default 
20210114 09:36:53.010 [restartedMain] INFO c.e.u.FileUploadApplication -
				Started FileUploadApplication in 1.582 seconds (JVM running for 526.722) 
20210114 09:37:09.730 [restartedMain] INFO c.e.u.FileUploadApplication -
				Starting FileUploadApplication using Java 15 on LAPTOP-OGKDVBPP with PID 13164 (C:\Users\sjeon\Documents\workspace-spring-tool-suite-4-4.8.1.RELEASE\fileUpload\bin\main started by sjeon in C:\Users\sjeon\Documents\workspace-spring-tool-suite-4-4.8.1.RELEASE\fileUpload) 
20210114 09:37:09.730 [restartedMain] INFO c.e.u.FileUploadApplication -
				No active profile set, falling back to default profiles: default 
20210114 09:37:12.032 [restartedMain] INFO c.e.u.FileUploadApplication -
				Started FileUploadApplication in 2.329 seconds (JVM running for 545.743) 
20210114 09:37:36.880 [restartedMain] INFO c.e.u.FileUploadApplication -
				Starting FileUploadApplication using Java 15 on LAPTOP-OGKDVBPP with PID 13164 (C:\Users\sjeon\Documents\workspace-spring-tool-suite-4-4.8.1.RELEASE\fileUpload\bin\main started by sjeon in C:\Users\sjeon\Documents\workspace-spring-tool-suite-4-4.8.1.RELEASE\fileUpload) 
20210114 09:37:36.880 [restartedMain] INFO c.e.u.FileUploadApplication -
				No active profile set, falling back to default profiles: default 
20210114 09:37:38.460 [restartedMain] INFO c.e.u.FileUploadApplication -
				Started FileUploadApplication in 1.605 seconds (JVM running for 572.171) 
20210114 09:39:51.992 [restartedMain] INFO c.e.u.FileUploadApplication -
				Starting FileUploadApplication using Java 15 on LAPTOP-OGKDVBPP with PID 13164 (C:\Users\sjeon\Documents\workspace-spring-tool-suite-4-4.8.1.RELEASE\fileUpload\bin\main started by sjeon in C:\Users\sjeon\Documents\workspace-spring-tool-suite-4-4.8.1.RELEASE\fileUpload) 
20210114 09:39:51.992 [restartedMain] INFO c.e.u.FileUploadApplication -
				No active profile set, falling back to default profiles: default 
20210114 09:39:53.994 [restartedMain] INFO c.e.u.FileUploadApplication -
				Started FileUploadApplication in 2.029 seconds (JVM running for 707.705) 
20210114 09:39:55.534 [restartedMain] INFO c.e.u.FileUploadApplication -
				Starting FileUploadApplication using Java 15 on LAPTOP-OGKDVBPP with PID 13164 (C:\Users\sjeon\Documents\workspace-spring-tool-suite-4-4.8.1.RELEASE\fileUpload\bin\main started by sjeon in C:\Users\sjeon\Documents\workspace-spring-tool-suite-4-4.8.1.RELEASE\fileUpload) 
20210114 09:39:55.534 [restartedMain] INFO c.e.u.FileUploadApplication -
				No active profile set, falling back to default profiles: default 
20210114 09:39:57.416 [restartedMain] INFO c.e.u.FileUploadApplication -
				Started FileUploadApplication in 1.909 seconds (JVM running for 711.127) 
20210114 09:40:49.709 [restartedMain] INFO c.e.u.FileUploadApplication -
				Starting FileUploadApplication using Java 15 on LAPTOP-OGKDVBPP with PID 13164 (C:\Users\sjeon\Documents\workspace-spring-tool-suite-4-4.8.1.RELEASE\fileUpload\bin\main started by sjeon in C:\Users\sjeon\Documents\workspace-spring-tool-suite-4-4.8.1.RELEASE\fileUpload) 
20210114 09:40:49.709 [restartedMain] INFO c.e.u.FileUploadApplication -
				No active profile set, falling back to default profiles: default 
20210114 09:40:51.361 [restartedMain] INFO c.e.u.FileUploadApplication -
				Started FileUploadApplication in 1.709 seconds (JVM running for 765.072) 
20210114 09:40:52.870 [restartedMain] INFO c.e.u.FileUploadApplication -
				Starting FileUploadApplication using Java 15 on LAPTOP-OGKDVBPP with PID 13164 (C:\Users\sjeon\Documents\workspace-spring-tool-suite-4-4.8.1.RELEASE\fileUpload\bin\main started by sjeon in C:\Users\sjeon\Documents\workspace-spring-tool-suite-4-4.8.1.RELEASE\fileUpload) 
20210114 09:40:52.870 [restartedMain] INFO c.e.u.FileUploadApplication -
				No active profile set, falling back to default profiles: default 
20210114 09:40:54.608 [restartedMain] INFO c.e.u.FileUploadApplication -
				Started FileUploadApplication in 1.763 seconds (JVM running for 768.319) 
20210114 09:40:58.179 [restartedMain] INFO c.e.u.FileUploadApplication -
				Starting FileUploadApplication using Java 15 on LAPTOP-OGKDVBPP with PID 13164 (C:\Users\sjeon\Documents\workspace-spring-tool-suite-4-4.8.1.RELEASE\fileUpload\bin\main started by sjeon in C:\Users\sjeon\Documents\workspace-spring-tool-suite-4-4.8.1.RELEASE\fileUpload) 
20210114 09:40:58.179 [restartedMain] INFO c.e.u.FileUploadApplication -
				No active profile set, falling back to default profiles: default 
20210114 09:40:59.676 [restartedMain] INFO c.e.u.FileUploadApplication -
				Started FileUploadApplication in 1.523 seconds (JVM running for 773.387) 
20210114 09:41:08.304 [restartedMain] INFO c.e.u.FileUploadApplication -
				Starting FileUploadApplication using Java 15 on LAPTOP-OGKDVBPP with PID 13164 (C:\Users\sjeon\Documents\workspace-spring-tool-suite-4-4.8.1.RELEASE\fileUpload\bin\main started by sjeon in C:\Users\sjeon\Documents\workspace-spring-tool-suite-4-4.8.1.RELEASE\fileUpload) 
20210114 09:41:08.304 [restartedMain] INFO c.e.u.FileUploadApplication -
				No active profile set, falling back to default profiles: default 
20210114 09:41:09.886 [restartedMain] INFO c.e.u.FileUploadApplication -
				Started FileUploadApplication in 1.607 seconds (JVM running for 783.597) 
20210114 09:41:45.905 [restartedMain] INFO c.e.u.FileUploadApplication -
				Starting FileUploadApplication using Java 15 on LAPTOP-OGKDVBPP with PID 13164 (C:\Users\sjeon\Documents\workspace-spring-tool-suite-4-4.8.1.RELEASE\fileUpload\bin\main started by sjeon in C:\Users\sjeon\Documents\workspace-spring-tool-suite-4-4.8.1.RELEASE\fileUpload) 
20210114 09:41:45.905 [restartedMain] INFO c.e.u.FileUploadApplication -
				No active profile set, falling back to default profiles: default 
20210114 09:41:47.746 [restartedMain] INFO c.e.u.FileUploadApplication -
				Started FileUploadApplication in 1.872 seconds (JVM running for 821.457) 
20210114 09:42:01.442 [restartedMain] INFO c.e.u.FileUploadApplication -
				Starting FileUploadApplication using Java 15 on LAPTOP-OGKDVBPP with PID 13164 (C:\Users\sjeon\Documents\workspace-spring-tool-suite-4-4.8.1.RELEASE\fileUpload\bin\main started by sjeon in C:\Users\sjeon\Documents\workspace-spring-tool-suite-4-4.8.1.RELEASE\fileUpload) 
20210114 09:42:01.443 [restartedMain] INFO c.e.u.FileUploadApplication -
				No active profile set, falling back to default profiles: default 
20210114 09:42:03.092 [restartedMain] INFO c.e.u.FileUploadApplication -
				Started FileUploadApplication in 1.69 seconds (JVM running for 836.803) 
20210114 09:43:08.566 [restartedMain] INFO c.e.u.FileUploadApplication -
				Starting FileUploadApplication using Java 15 on LAPTOP-OGKDVBPP with PID 13164 (C:\Users\sjeon\Documents\workspace-spring-tool-suite-4-4.8.1.RELEASE\fileUpload\bin\main started by sjeon in C:\Users\sjeon\Documents\workspace-spring-tool-suite-4-4.8.1.RELEASE\fileUpload) 
20210114 09:43:08.567 [restartedMain] INFO c.e.u.FileUploadApplication -
				No active profile set, falling back to default profiles: default 
20210114 09:43:10.364 [restartedMain] INFO c.e.u.FileUploadApplication -
				Started FileUploadApplication in 1.833 seconds (JVM running for 904.076) 
20210114 10:00:59.266 [restartedMain] INFO c.e.u.FileUploadApplication -
				Starting FileUploadApplication using Java 15 on LAPTOP-OGKDVBPP with PID 3504 (C:\Users\sjeon\Documents\workspace-spring-tool-suite-4-4.8.1.RELEASE\fileUpload\bin\main started by sjeon in C:\Users\sjeon\Documents\workspace-spring-tool-suite-4-4.8.1.RELEASE\fileUpload) 
20210114 10:00:59.269 [restartedMain] INFO c.e.u.FileUploadApplication -
				No active profile set, falling back to default profiles: default 
20210114 10:01:03.778 [restartedMain] INFO c.e.u.FileUploadApplication -
				Started FileUploadApplication in 4.878 seconds (JVM running for 5.685) 
20210114 10:03:31.364 [restartedMain] INFO c.e.u.FileUploadApplication -
				Starting FileUploadApplication using Java 15 on LAPTOP-OGKDVBPP with PID 3504 (C:\Users\sjeon\Documents\workspace-spring-tool-suite-4-4.8.1.RELEASE\fileUpload\bin\main started by sjeon in C:\Users\sjeon\Documents\workspace-spring-tool-suite-4-4.8.1.RELEASE\fileUpload) 
20210114 10:03:31.364 [restartedMain] INFO c.e.u.FileUploadApplication -
				No active profile set, falling back to default profiles: default 
20210114 10:03:33.094 [restartedMain] INFO c.e.u.FileUploadApplication -
				Started FileUploadApplication in 1.763 seconds (JVM running for 155.001) 
20210114 10:04:09.053 [restartedMain] INFO c.e.u.FileUploadApplication -
				Starting FileUploadApplication using Java 15 on LAPTOP-OGKDVBPP with PID 3504 (C:\Users\sjeon\Documents\workspace-spring-tool-suite-4-4.8.1.RELEASE\fileUpload\bin\main started by sjeon in C:\Users\sjeon\Documents\workspace-spring-tool-suite-4-4.8.1.RELEASE\fileUpload) 
20210114 10:04:09.053 [restartedMain] INFO c.e.u.FileUploadApplication -
				No active profile set, falling back to default profiles: default 
20210114 10:04:10.659 [restartedMain] INFO c.e.u.FileUploadApplication -
				Started FileUploadApplication in 1.636 seconds (JVM running for 192.567) 
20210114 10:04:20.286 [restartedMain] INFO c.e.u.FileUploadApplication -
				Starting FileUploadApplication using Java 15 on LAPTOP-OGKDVBPP with PID 3504 (C:\Users\sjeon\Documents\workspace-spring-tool-suite-4-4.8.1.RELEASE\fileUpload\bin\main started by sjeon in C:\Users\sjeon\Documents\workspace-spring-tool-suite-4-4.8.1.RELEASE\fileUpload) 
20210114 10:04:20.286 [restartedMain] INFO c.e.u.FileUploadApplication -
				No active profile set, falling back to default profiles: default 
20210114 10:04:21.805 [restartedMain] INFO c.e.u.FileUploadApplication -
				Started FileUploadApplication in 1.547 seconds (JVM running for 203.713) 
20210114 10:05:11.934 [restartedMain] INFO c.e.u.FileUploadApplication -
				Starting FileUploadApplication using Java 15 on LAPTOP-OGKDVBPP with PID 3504 (C:\Users\sjeon\Documents\workspace-spring-tool-suite-4-4.8.1.RELEASE\fileUpload\bin\main started by sjeon in C:\Users\sjeon\Documents\workspace-spring-tool-suite-4-4.8.1.RELEASE\fileUpload) 
20210114 10:05:11.934 [restartedMain] INFO c.e.u.FileUploadApplication -
				No active profile set, falling back to default profiles: default 
20210114 10:05:13.532 [restartedMain] INFO c.e.u.FileUploadApplication -
				Started FileUploadApplication in 1.63 seconds (JVM running for 255.44) 
20210114 10:05:37.325 [restartedMain] INFO c.e.u.FileUploadApplication -
				Starting FileUploadApplication using Java 15 on LAPTOP-OGKDVBPP with PID 3504 (C:\Users\sjeon\Documents\workspace-spring-tool-suite-4-4.8.1.RELEASE\fileUpload\bin\main started by sjeon in C:\Users\sjeon\Documents\workspace-spring-tool-suite-4-4.8.1.RELEASE\fileUpload) 
20210114 10:05:37.325 [restartedMain] INFO c.e.u.FileUploadApplication -
				No active profile set, falling back to default profiles: default 
20210114 10:05:38.752 [restartedMain] INFO c.e.u.FileUploadApplication -
				Started FileUploadApplication in 1.471 seconds (JVM running for 280.659) 
20210114 10:05:43.314 [restartedMain] INFO c.e.u.FileUploadApplication -
				Starting FileUploadApplication using Java 15 on LAPTOP-OGKDVBPP with PID 3504 (C:\Users\sjeon\Documents\workspace-spring-tool-suite-4-4.8.1.RELEASE\fileUpload\bin\main started by sjeon in C:\Users\sjeon\Documents\workspace-spring-tool-suite-4-4.8.1.RELEASE\fileUpload) 
20210114 10:05:43.315 [restartedMain] INFO c.e.u.FileUploadApplication -
				No active profile set, falling back to default profiles: default 
20210114 10:05:44.897 [restartedMain] INFO c.e.u.FileUploadApplication -
				Started FileUploadApplication in 1.609 seconds (JVM running for 286.804) 
20210114 10:05:58.574 [restartedMain] INFO c.e.u.FileUploadApplication -
				Starting FileUploadApplication using Java 15 on LAPTOP-OGKDVBPP with PID 3504 (C:\Users\sjeon\Documents\workspace-spring-tool-suite-4-4.8.1.RELEASE\fileUpload\bin\main started by sjeon in C:\Users\sjeon\Documents\workspace-spring-tool-suite-4-4.8.1.RELEASE\fileUpload) 
20210114 10:05:58.574 [restartedMain] INFO c.e.u.FileUploadApplication -
				No active profile set, falling back to default profiles: default 
20210114 10:06:00.331 [restartedMain] INFO c.e.u.FileUploadApplication -
				Started FileUploadApplication in 1.785 seconds (JVM running for 302.238) 
20210114 10:07:18.860 [restartedMain] INFO c.e.u.FileUploadApplication -
				Starting FileUploadApplication using Java 15 on LAPTOP-OGKDVBPP with PID 3504 (C:\Users\sjeon\Documents\workspace-spring-tool-suite-4-4.8.1.RELEASE\fileUpload\bin\main started by sjeon in C:\Users\sjeon\Documents\workspace-spring-tool-suite-4-4.8.1.RELEASE\fileUpload) 
20210114 10:07:18.860 [restartedMain] INFO c.e.u.FileUploadApplication -
				No active profile set, falling back to default profiles: default 
20210114 10:07:20.487 [restartedMain] INFO c.e.u.FileUploadApplication -
				Started FileUploadApplication in 1.656 seconds (JVM running for 382.395) 
20210114 10:07:27.044 [restartedMain] INFO c.e.u.FileUploadApplication -
				Starting FileUploadApplication using Java 15 on LAPTOP-OGKDVBPP with PID 3504 (C:\Users\sjeon\Documents\workspace-spring-tool-suite-4-4.8.1.RELEASE\fileUpload\bin\main started by sjeon in C:\Users\sjeon\Documents\workspace-spring-tool-suite-4-4.8.1.RELEASE\fileUpload) 
20210114 10:07:27.044 [restartedMain] INFO c.e.u.FileUploadApplication -
				No active profile set, falling back to default profiles: default 
20210114 10:07:28.615 [restartedMain] INFO c.e.u.FileUploadApplication -
				Started FileUploadApplication in 1.598 seconds (JVM running for 390.522) 
20210114 10:07:55.506 [restartedMain] INFO c.e.u.FileUploadApplication -
				Starting FileUploadApplication using Java 15 on LAPTOP-OGKDVBPP with PID 3504 (C:\Users\sjeon\Documents\workspace-spring-tool-suite-4-4.8.1.RELEASE\fileUpload\bin\main started by sjeon in C:\Users\sjeon\Documents\workspace-spring-tool-suite-4-4.8.1.RELEASE\fileUpload) 
20210114 10:07:55.506 [restartedMain] INFO c.e.u.FileUploadApplication -
				No active profile set, falling back to default profiles: default 
20210114 10:07:57.104 [restartedMain] INFO c.e.u.FileUploadApplication -
				Started FileUploadApplication in 1.625 seconds (JVM running for 419.012) 
20210114 10:09:11.560 [restartedMain] INFO c.e.u.FileUploadApplication -
				Starting FileUploadApplication using Java 15 on LAPTOP-OGKDVBPP with PID 3504 (C:\Users\sjeon\Documents\workspace-spring-tool-suite-4-4.8.1.RELEASE\fileUpload\bin\main started by sjeon in C:\Users\sjeon\Documents\workspace-spring-tool-suite-4-4.8.1.RELEASE\fileUpload) 
20210114 10:09:11.560 [restartedMain] INFO c.e.u.FileUploadApplication -
				No active profile set, falling back to default profiles: default 
20210114 10:09:13.201 [restartedMain] INFO c.e.u.FileUploadApplication -
				Started FileUploadApplication in 1.668 seconds (JVM running for 495.109) 
20210114 10:10:45.999 [restartedMain] INFO c.e.u.FileUploadApplication -
				Starting FileUploadApplication using Java 15 on LAPTOP-OGKDVBPP with PID 3504 (C:\Users\sjeon\Documents\workspace-spring-tool-suite-4-4.8.1.RELEASE\fileUpload\bin\main started by sjeon in C:\Users\sjeon\Documents\workspace-spring-tool-suite-4-4.8.1.RELEASE\fileUpload) 
20210114 10:10:46.000 [restartedMain] INFO c.e.u.FileUploadApplication -
				No active profile set, falling back to default profiles: default 
20210114 10:10:47.709 [restartedMain] INFO c.e.u.FileUploadApplication -
				Started FileUploadApplication in 1.735 seconds (JVM running for 589.617) 
20210114 10:11:05.475 [restartedMain] INFO c.e.u.FileUploadApplication -
				Starting FileUploadApplication using Java 15 on LAPTOP-OGKDVBPP with PID 3504 (C:\Users\sjeon\Documents\workspace-spring-tool-suite-4-4.8.1.RELEASE\fileUpload\bin\main started by sjeon in C:\Users\sjeon\Documents\workspace-spring-tool-suite-4-4.8.1.RELEASE\fileUpload) 
20210114 10:11:05.475 [restartedMain] INFO c.e.u.FileUploadApplication -
				No active profile set, falling back to default profiles: default 
20210114 10:11:06.985 [restartedMain] INFO c.e.u.FileUploadApplication -
				Started FileUploadApplication in 1.555 seconds (JVM running for 608.893) 
20210114 10:11:11.562 [restartedMain] INFO c.e.u.FileUploadApplication -
				Starting FileUploadApplication using Java 15 on LAPTOP-OGKDVBPP with PID 3504 (C:\Users\sjeon\Documents\workspace-spring-tool-suite-4-4.8.1.RELEASE\fileUpload\bin\main started by sjeon in C:\Users\sjeon\Documents\workspace-spring-tool-suite-4-4.8.1.RELEASE\fileUpload) 
20210114 10:11:11.562 [restartedMain] INFO c.e.u.FileUploadApplication -
				No active profile set, falling back to default profiles: default 
20210114 10:11:13.102 [restartedMain] INFO c.e.u.FileUploadApplication -
				Started FileUploadApplication in 1.575 seconds (JVM running for 615.01) 
20210114 10:11:22.724 [restartedMain] INFO c.e.u.FileUploadApplication -
				Starting FileUploadApplication using Java 15 on LAPTOP-OGKDVBPP with PID 3504 (C:\Users\sjeon\Documents\workspace-spring-tool-suite-4-4.8.1.RELEASE\fileUpload\bin\main started by sjeon in C:\Users\sjeon\Documents\workspace-spring-tool-suite-4-4.8.1.RELEASE\fileUpload) 
20210114 10:11:22.724 [restartedMain] INFO c.e.u.FileUploadApplication -
				No active profile set, falling back to default profiles: default 
20210114 10:11:24.699 [restartedMain] INFO c.e.u.FileUploadApplication -
				Started FileUploadApplication in 2.007 seconds (JVM running for 626.606) 
20210114 10:12:06.840 [restartedMain] INFO c.e.u.FileUploadApplication -
				Starting FileUploadApplication using Java 15 on LAPTOP-OGKDVBPP with PID 3504 (C:\Users\sjeon\Documents\workspace-spring-tool-suite-4-4.8.1.RELEASE\fileUpload\bin\main started by sjeon in C:\Users\sjeon\Documents\workspace-spring-tool-suite-4-4.8.1.RELEASE\fileUpload) 
20210114 10:12:06.840 [restartedMain] INFO c.e.u.FileUploadApplication -
				No active profile set, falling back to default profiles: default 
20210114 10:12:08.459 [restartedMain] INFO c.e.u.FileUploadApplication -
				Started FileUploadApplication in 1.645 seconds (JVM running for 670.367) 
20210114 10:12:10.992 [restartedMain] INFO c.e.u.FileUploadApplication -
				Starting FileUploadApplication using Java 15 on LAPTOP-OGKDVBPP with PID 3504 (C:\Users\sjeon\Documents\workspace-spring-tool-suite-4-4.8.1.RELEASE\fileUpload\bin\main started by sjeon in C:\Users\sjeon\Documents\workspace-spring-tool-suite-4-4.8.1.RELEASE\fileUpload) 
20210114 10:12:10.992 [restartedMain] INFO c.e.u.FileUploadApplication -
				No active profile set, falling back to default profiles: default 
20210114 10:12:12.480 [restartedMain] INFO c.e.u.FileUploadApplication -
				Started FileUploadApplication in 1.512 seconds (JVM running for 674.388) 
20210114 10:12:20.066 [restartedMain] INFO c.e.u.FileUploadApplication -
				Starting FileUploadApplication using Java 15 on LAPTOP-OGKDVBPP with PID 3504 (C:\Users\sjeon\Documents\workspace-spring-tool-suite-4-4.8.1.RELEASE\fileUpload\bin\main started by sjeon in C:\Users\sjeon\Documents\workspace-spring-tool-suite-4-4.8.1.RELEASE\fileUpload) 
20210114 10:12:20.066 [restartedMain] INFO c.e.u.FileUploadApplication -
				No active profile set, falling back to default profiles: default 
20210114 10:12:21.592 [restartedMain] INFO c.e.u.FileUploadApplication -
				Started FileUploadApplication in 1.551 seconds (JVM running for 683.499) 
20210114 10:13:06.732 [restartedMain] INFO c.e.u.FileUploadApplication -
				Starting FileUploadApplication using Java 15 on LAPTOP-OGKDVBPP with PID 3504 (C:\Users\sjeon\Documents\workspace-spring-tool-suite-4-4.8.1.RELEASE\fileUpload\bin\main started by sjeon in C:\Users\sjeon\Documents\workspace-spring-tool-suite-4-4.8.1.RELEASE\fileUpload) 
20210114 10:13:06.732 [restartedMain] INFO c.e.u.FileUploadApplication -
				No active profile set, falling back to default profiles: default 
20210114 10:13:08.463 [restartedMain] INFO c.e.u.FileUploadApplication -
				Started FileUploadApplication in 1.772 seconds (JVM running for 730.371) 
20210114 10:13:36.428 [restartedMain] INFO c.e.u.FileUploadApplication -
				Starting FileUploadApplication using Java 15 on LAPTOP-OGKDVBPP with PID 3504 (C:\Users\sjeon\Documents\workspace-spring-tool-suite-4-4.8.1.RELEASE\fileUpload\bin\main started by sjeon in C:\Users\sjeon\Documents\workspace-spring-tool-suite-4-4.8.1.RELEASE\fileUpload) 
20210114 10:13:36.428 [restartedMain] INFO c.e.u.FileUploadApplication -
				No active profile set, falling back to default profiles: default 
20210114 10:13:38.038 [restartedMain] INFO c.e.u.FileUploadApplication -
				Started FileUploadApplication in 1.635 seconds (JVM running for 759.945) 
20210114 10:15:02.763 [restartedMain] INFO c.e.u.FileUploadApplication -
				Starting FileUploadApplication using Java 15 on LAPTOP-OGKDVBPP with PID 3504 (C:\Users\sjeon\Documents\workspace-spring-tool-suite-4-4.8.1.RELEASE\fileUpload\bin\main started by sjeon in C:\Users\sjeon\Documents\workspace-spring-tool-suite-4-4.8.1.RELEASE\fileUpload) 
20210114 10:15:02.763 [restartedMain] INFO c.e.u.FileUploadApplication -
				No active profile set, falling back to default profiles: default 
20210114 10:15:04.886 [restartedMain] INFO c.e.u.FileUploadApplication -
				Started FileUploadApplication in 2.158 seconds (JVM running for 846.793) 
20210114 10:17:36.421 [restartedMain] INFO c.e.u.FileUploadApplication -
				Starting FileUploadApplication using Java 15 on LAPTOP-OGKDVBPP with PID 3504 (C:\Users\sjeon\Documents\workspace-spring-tool-suite-4-4.8.1.RELEASE\fileUpload\bin\main started by sjeon in C:\Users\sjeon\Documents\workspace-spring-tool-suite-4-4.8.1.RELEASE\fileUpload) 
20210114 10:17:36.421 [restartedMain] INFO c.e.u.FileUploadApplication -
				No active profile set, falling back to default profiles: default 
20210114 10:17:38.140 [restartedMain] INFO c.e.u.FileUploadApplication -
				Started FileUploadApplication in 1.758 seconds (JVM running for 1000.048) 
20210114 10:18:10.093 [restartedMain] INFO c.e.u.FileUploadApplication -
				Starting FileUploadApplication using Java 15 on LAPTOP-OGKDVBPP with PID 3504 (C:\Users\sjeon\Documents\workspace-spring-tool-suite-4-4.8.1.RELEASE\fileUpload\bin\main started by sjeon in C:\Users\sjeon\Documents\workspace-spring-tool-suite-4-4.8.1.RELEASE\fileUpload) 
20210114 10:18:10.093 [restartedMain] INFO c.e.u.FileUploadApplication -
				No active profile set, falling back to default profiles: default 
20210114 10:18:11.667 [restartedMain] INFO c.e.u.FileUploadApplication -
				Started FileUploadApplication in 1.608 seconds (JVM running for 1033.575) 
20210114 10:19:09.083 [restartedMain] INFO c.e.u.FileUploadApplication -
				Starting FileUploadApplication using Java 15 on LAPTOP-OGKDVBPP with PID 3504 (C:\Users\sjeon\Documents\workspace-spring-tool-suite-4-4.8.1.RELEASE\fileUpload\bin\main started by sjeon in C:\Users\sjeon\Documents\workspace-spring-tool-suite-4-4.8.1.RELEASE\fileUpload) 
20210114 10:19:09.083 [restartedMain] INFO c.e.u.FileUploadApplication -
				No active profile set, falling back to default profiles: default 
20210114 10:19:11.029 [restartedMain] INFO c.e.u.FileUploadApplication -
				Started FileUploadApplication in 1.971 seconds (JVM running for 1092.937) 
20210114 10:19:14.598 [restartedMain] INFO c.e.u.FileUploadApplication -
				Starting FileUploadApplication using Java 15 on LAPTOP-OGKDVBPP with PID 3504 (C:\Users\sjeon\Documents\workspace-spring-tool-suite-4-4.8.1.RELEASE\fileUpload\bin\main started by sjeon in C:\Users\sjeon\Documents\workspace-spring-tool-suite-4-4.8.1.RELEASE\fileUpload) 
20210114 10:19:14.598 [restartedMain] INFO c.e.u.FileUploadApplication -
				No active profile set, falling back to default profiles: default 
20210114 10:19:16.081 [restartedMain] INFO c.e.u.FileUploadApplication -
				Started FileUploadApplication in 1.511 seconds (JVM running for 1097.989) 
20210114 10:19:22.683 [restartedMain] INFO c.e.u.FileUploadApplication -
				Starting FileUploadApplication using Java 15 on LAPTOP-OGKDVBPP with PID 3504 (C:\Users\sjeon\Documents\workspace-spring-tool-suite-4-4.8.1.RELEASE\fileUpload\bin\main started by sjeon in C:\Users\sjeon\Documents\workspace-spring-tool-suite-4-4.8.1.RELEASE\fileUpload) 
20210114 10:19:22.684 [restartedMain] INFO c.e.u.FileUploadApplication -
				No active profile set, falling back to default profiles: default 
20210114 10:19:24.184 [restartedMain] INFO c.e.u.FileUploadApplication -
				Started FileUploadApplication in 1.527 seconds (JVM running for 1106.092) 
20210114 10:20:55.951 [restartedMain] INFO c.e.u.FileUploadApplication -
				Starting FileUploadApplication using Java 15 on LAPTOP-OGKDVBPP with PID 3504 (C:\Users\sjeon\Documents\workspace-spring-tool-suite-4-4.8.1.RELEASE\fileUpload\bin\main started by sjeon in C:\Users\sjeon\Documents\workspace-spring-tool-suite-4-4.8.1.RELEASE\fileUpload) 
20210114 10:20:55.951 [restartedMain] INFO c.e.u.FileUploadApplication -
				No active profile set, falling back to default profiles: default 
20210114 10:20:59.172 [restartedMain] INFO c.e.u.FileUploadApplication -
				Starting FileUploadApplication using Java 15 on LAPTOP-OGKDVBPP with PID 3504 (C:\Users\sjeon\Documents\workspace-spring-tool-suite-4-4.8.1.RELEASE\fileUpload\bin\main started by sjeon in C:\Users\sjeon\Documents\workspace-spring-tool-suite-4-4.8.1.RELEASE\fileUpload) 
20210114 10:20:59.173 [restartedMain] INFO c.e.u.FileUploadApplication -
				No active profile set, falling back to default profiles: default 
20210114 10:21:12.077 [restartedMain] INFO c.e.u.FileUploadApplication -
				Starting FileUploadApplication using Java 15 on LAPTOP-OGKDVBPP with PID 3504 (C:\Users\sjeon\Documents\workspace-spring-tool-suite-4-4.8.1.RELEASE\fileUpload\bin\main started by sjeon in C:\Users\sjeon\Documents\workspace-spring-tool-suite-4-4.8.1.RELEASE\fileUpload) 
20210114 10:21:12.077 [restartedMain] INFO c.e.u.FileUploadApplication -
				No active profile set, falling back to default profiles: default 
20210114 10:22:30.848 [restartedMain] INFO c.e.u.FileUploadApplication -
				Starting FileUploadApplication using Java 15 on LAPTOP-OGKDVBPP with PID 3504 (C:\Users\sjeon\Documents\workspace-spring-tool-suite-4-4.8.1.RELEASE\fileUpload\bin\main started by sjeon in C:\Users\sjeon\Documents\workspace-spring-tool-suite-4-4.8.1.RELEASE\fileUpload) 
20210114 10:22:30.848 [restartedMain] INFO c.e.u.FileUploadApplication -
				No active profile set, falling back to default profiles: default 
20210114 10:22:50.834 [restartedMain] INFO c.e.u.FileUploadApplication -
				Starting FileUploadApplication using Java 15 on LAPTOP-OGKDVBPP with PID 3504 (C:\Users\sjeon\Documents\workspace-spring-tool-suite-4-4.8.1.RELEASE\fileUpload\bin\main started by sjeon in C:\Users\sjeon\Documents\workspace-spring-tool-suite-4-4.8.1.RELEASE\fileUpload) 
20210114 10:22:50.834 [restartedMain] INFO c.e.u.FileUploadApplication -
				No active profile set, falling back to default profiles: default 
20210114 10:24:27.976 [restartedMain] INFO c.e.u.FileUploadApplication -
				Starting FileUploadApplication using Java 15 on LAPTOP-OGKDVBPP with PID 3504 (C:\Users\sjeon\Documents\workspace-spring-tool-suite-4-4.8.1.RELEASE\fileUpload\bin\main started by sjeon in C:\Users\sjeon\Documents\workspace-spring-tool-suite-4-4.8.1.RELEASE\fileUpload) 
20210114 10:24:27.976 [restartedMain] INFO c.e.u.FileUploadApplication -
				No active profile set, falling back to default profiles: default 
20210114 10:24:36.848 [restartedMain] INFO c.e.u.FileUploadApplication -
				Starting FileUploadApplication using Java 15 on LAPTOP-OGKDVBPP with PID 3504 (C:\Users\sjeon\Documents\workspace-spring-tool-suite-4-4.8.1.RELEASE\fileUpload\bin\main started by sjeon in C:\Users\sjeon\Documents\workspace-spring-tool-suite-4-4.8.1.RELEASE\fileUpload) 
20210114 10:24:36.848 [restartedMain] INFO c.e.u.FileUploadApplication -
				No active profile set, falling back to default profiles: default 
20210114 12:28:14.811 [restartedMain] INFO c.e.u.FileUploadApplication -
				Starting FileUploadApplication using Java 15 on LAPTOP-OGKDVBPP with PID 8712 (C:\Users\sjeon\Documents\workspace-spring-tool-suite-4-4.8.1.RELEASE\fileUpload\bin\main started by sjeon in C:\Users\sjeon\Documents\workspace-spring-tool-suite-4-4.8.1.RELEASE\fileUpload) 
20210114 12:28:14.813 [restartedMain] INFO c.e.u.FileUploadApplication -
				No active profile set, falling back to default profiles: default 
20210114 13:09:27.632 [restartedMain] INFO c.e.u.FileUploadApplication -
				Starting FileUploadApplication using Java 15 on LAPTOP-OGKDVBPP with PID 5212 (C:\Users\sjeon\Documents\workspace-spring-tool-suite-4-4.8.1.RELEASE\fileUpload\bin\main started by sjeon in C:\Users\sjeon\Documents\workspace-spring-tool-suite-4-4.8.1.RELEASE\fileUpload) 
20210114 13:09:27.635 [restartedMain] INFO c.e.u.FileUploadApplication -
				No active profile set, falling back to default profiles: default 
20210114 13:09:32.143 [restartedMain] INFO c.e.u.FileUploadApplication -
				Started FileUploadApplication in 4.885 seconds (JVM running for 5.689) 
20210114 13:09:47.277 [http-nio-8080-exec-9] INFO jdbc.sqlonly -
				select renrakutus0_.PNO as pno1_0_, renrakutus0_.CARTON_ON as carton_on2_0_, renrakutus0_.DME_PNO 
as dme_pno3_0_, renrakutus0_.FCS_DATE as fcs_date4_0_, renrakutus0_.GLOBAL_SKU as global_sku5_0_, 
renrakutus0_.GMDL_PL_CD as gmdl_pl_cd6_0_, renrakutus0_.GMDL_PL_NO as gmdl_pl_no7_0_, renrakutus0_.JAN_UPC_EAN 
as jan_upc_ean8_0_, renrakutus0_.MATNR as matnr9_0_, renrakutus0_.MFG_NO as mfg_no10_0_, renrakutus0_.MODEL_NO 
as model_no11_0_, renrakutus0_.PRODUCT_CATEGORY as product_category12_0_, renrakutus0_.PRODUCT_NAME 
as product_name13_0_, renrakutus0_.REGION as region14_0_, renrakutus0_.REGIST_DAY as regist_day15_0_, 
renrakutus0_.ROUTE as route16_0_, renrakutus0_.SUB_PRODUCT_NAME as sub_product_name17_0_, renrakutus0_.VENDER 
as vender18_0_ from RENRAKUTSUCHI_V renrakutus0_ 
 
20210114 13:10:01.026 [http-nio-8080-exec-10] INFO jdbc.sqlonly -
				select renrakutus0_.PNO as pno1_0_, renrakutus0_.CARTON_ON as carton_on2_0_, renrakutus0_.DME_PNO 
as dme_pno3_0_, renrakutus0_.FCS_DATE as fcs_date4_0_, renrakutus0_.GLOBAL_SKU as global_sku5_0_, 
renrakutus0_.GMDL_PL_CD as gmdl_pl_cd6_0_, renrakutus0_.GMDL_PL_NO as gmdl_pl_no7_0_, renrakutus0_.JAN_UPC_EAN 
as jan_upc_ean8_0_, renrakutus0_.MATNR as matnr9_0_, renrakutus0_.MFG_NO as mfg_no10_0_, renrakutus0_.MODEL_NO 
as model_no11_0_, renrakutus0_.PRODUCT_CATEGORY as product_category12_0_, renrakutus0_.PRODUCT_NAME 
as product_name13_0_, renrakutus0_.REGION as region14_0_, renrakutus0_.REGIST_DAY as regist_day15_0_, 
renrakutus0_.ROUTE as route16_0_, renrakutus0_.SUB_PRODUCT_NAME as sub_product_name17_0_, renrakutus0_.VENDER 
as vender18_0_ from RENRAKUTSUCHI_V renrakutus0_ 
 
20210114 13:10:04.064 [http-nio-8080-exec-9] INFO jdbc.sqltiming -
				select renrakutus0_.PNO as pno1_0_, renrakutus0_.CARTON_ON as carton_on2_0_, renrakutus0_.DME_PNO 
as dme_pno3_0_, renrakutus0_.FCS_DATE as fcs_date4_0_, renrakutus0_.GLOBAL_SKU as global_sku5_0_, 
renrakutus0_.GMDL_PL_CD as gmdl_pl_cd6_0_, renrakutus0_.GMDL_PL_NO as gmdl_pl_no7_0_, renrakutus0_.JAN_UPC_EAN 
as jan_upc_ean8_0_, renrakutus0_.MATNR as matnr9_0_, renrakutus0_.MFG_NO as mfg_no10_0_, renrakutus0_.MODEL_NO 
as model_no11_0_, renrakutus0_.PRODUCT_CATEGORY as product_category12_0_, renrakutus0_.PRODUCT_NAME 
as product_name13_0_, renrakutus0_.REGION as region14_0_, renrakutus0_.REGIST_DAY as regist_day15_0_, 
renrakutus0_.ROUTE as route16_0_, renrakutus0_.SUB_PRODUCT_NAME as sub_product_name17_0_, renrakutus0_.VENDER 
as vender18_0_ from RENRAKUTSUCHI_V renrakutus0_ 
 {executed in 16787 msec} 
20210114 13:10:04.174 [http-nio-8080-exec-10] INFO jdbc.sqltiming -
				select renrakutus0_.PNO as pno1_0_, renrakutus0_.CARTON_ON as carton_on2_0_, renrakutus0_.DME_PNO 
as dme_pno3_0_, renrakutus0_.FCS_DATE as fcs_date4_0_, renrakutus0_.GLOBAL_SKU as global_sku5_0_, 
renrakutus0_.GMDL_PL_CD as gmdl_pl_cd6_0_, renrakutus0_.GMDL_PL_NO as gmdl_pl_no7_0_, renrakutus0_.JAN_UPC_EAN 
as jan_upc_ean8_0_, renrakutus0_.MATNR as matnr9_0_, renrakutus0_.MFG_NO as mfg_no10_0_, renrakutus0_.MODEL_NO 
as model_no11_0_, renrakutus0_.PRODUCT_CATEGORY as product_category12_0_, renrakutus0_.PRODUCT_NAME 
as product_name13_0_, renrakutus0_.REGION as region14_0_, renrakutus0_.REGIST_DAY as regist_day15_0_, 
renrakutus0_.ROUTE as route16_0_, renrakutus0_.SUB_PRODUCT_NAME as sub_product_name17_0_, renrakutus0_.VENDER 
as vender18_0_ from RENRAKUTSUCHI_V renrakutus0_ 
 {executed in 3147 msec} 
20210114 13:17:39.771 [restartedMain] INFO c.e.u.FileUploadApplication -
				Starting FileUploadApplication using Java 15 on LAPTOP-OGKDVBPP with PID 13684 (C:\Users\sjeon\Documents\workspace-spring-tool-suite-4-4.8.1.RELEASE\fileUpload\bin\main started by sjeon in C:\Users\sjeon\Documents\workspace-spring-tool-suite-4-4.8.1.RELEASE\fileUpload) 
20210114 13:17:39.774 [restartedMain] INFO c.e.u.FileUploadApplication -
				No active profile set, falling back to default profiles: default 
20210114 13:17:44.189 [restartedMain] INFO c.e.u.FileUploadApplication -
				Started FileUploadApplication in 4.806 seconds (JVM running for 5.681) 
20210114 13:18:02.157 [http-nio-8080-exec-6] INFO jdbc.sqlonly -
				select renrakutus0_.PNO as pno1_0_, renrakutus0_.CARTON_ON as carton_on2_0_, renrakutus0_.DME_PNO 
as dme_pno3_0_, renrakutus0_.FCS_DATE as fcs_date4_0_, renrakutus0_.GLOBAL_SKU as global_sku5_0_, 
renrakutus0_.GMDL_PL_CD as gmdl_pl_cd6_0_, renrakutus0_.GMDL_PL_NO as gmdl_pl_no7_0_, renrakutus0_.JAN_UPC_EAN 
as jan_upc_ean8_0_, renrakutus0_.MATNR as matnr9_0_, renrakutus0_.MFG_NO as mfg_no10_0_, renrakutus0_.MODEL_NO 
as model_no11_0_, renrakutus0_.PRODUCT_CATEGORY as product_category12_0_, renrakutus0_.PRODUCT_NAME 
as product_name13_0_, renrakutus0_.REGION as region14_0_, renrakutus0_.REGIST_DAY as regist_day15_0_, 
renrakutus0_.ROUTE as route16_0_, renrakutus0_.SUB_PRODUCT_NAME as sub_product_name17_0_, renrakutus0_.VENDER 
as vender18_0_ from RENRAKUTSUCHI_V renrakutus0_ 
 
20210114 13:18:08.534 [http-nio-8080-exec-6] INFO jdbc.sqltiming -
				select renrakutus0_.PNO as pno1_0_, renrakutus0_.CARTON_ON as carton_on2_0_, renrakutus0_.DME_PNO 
as dme_pno3_0_, renrakutus0_.FCS_DATE as fcs_date4_0_, renrakutus0_.GLOBAL_SKU as global_sku5_0_, 
renrakutus0_.GMDL_PL_CD as gmdl_pl_cd6_0_, renrakutus0_.GMDL_PL_NO as gmdl_pl_no7_0_, renrakutus0_.JAN_UPC_EAN 
as jan_upc_ean8_0_, renrakutus0_.MATNR as matnr9_0_, renrakutus0_.MFG_NO as mfg_no10_0_, renrakutus0_.MODEL_NO 
as model_no11_0_, renrakutus0_.PRODUCT_CATEGORY as product_category12_0_, renrakutus0_.PRODUCT_NAME 
as product_name13_0_, renrakutus0_.REGION as region14_0_, renrakutus0_.REGIST_DAY as regist_day15_0_, 
renrakutus0_.ROUTE as route16_0_, renrakutus0_.SUB_PRODUCT_NAME as sub_product_name17_0_, renrakutus0_.VENDER 
as vender18_0_ from RENRAKUTSUCHI_V renrakutus0_ 
 {executed in 6377 msec} 
20210114 13:20:38.994 [restartedMain] INFO c.e.u.FileUploadApplication -
				Starting FileUploadApplication using Java 15 on LAPTOP-OGKDVBPP with PID 13684 (C:\Users\sjeon\Documents\workspace-spring-tool-suite-4-4.8.1.RELEASE\fileUpload\bin\main started by sjeon in C:\Users\sjeon\Documents\workspace-spring-tool-suite-4-4.8.1.RELEASE\fileUpload) 
20210114 13:20:38.994 [restartedMain] INFO c.e.u.FileUploadApplication -
				No active profile set, falling back to default profiles: default 
20210114 13:20:40.659 [restartedMain] INFO c.e.u.FileUploadApplication -
				Started FileUploadApplication in 1.694 seconds (JVM running for 182.151) 
20210114 13:21:17.561 [restartedMain] INFO c.e.u.FileUploadApplication -
				Starting FileUploadApplication using Java 15 on LAPTOP-OGKDVBPP with PID 13684 (C:\Users\sjeon\Documents\workspace-spring-tool-suite-4-4.8.1.RELEASE\fileUpload\bin\main started by sjeon in C:\Users\sjeon\Documents\workspace-spring-tool-suite-4-4.8.1.RELEASE\fileUpload) 
20210114 13:21:17.561 [restartedMain] INFO c.e.u.FileUploadApplication -
				No active profile set, falling back to default profiles: default 
20210114 13:21:19.170 [restartedMain] INFO c.e.u.FileUploadApplication -
				Started FileUploadApplication in 1.638 seconds (JVM running for 220.662) 
20210114 13:22:56.089 [restartedMain] INFO c.e.u.FileUploadApplication -
				Starting FileUploadApplication using Java 15 on LAPTOP-OGKDVBPP with PID 13684 (C:\Users\sjeon\Documents\workspace-spring-tool-suite-4-4.8.1.RELEASE\fileUpload\bin\main started by sjeon in C:\Users\sjeon\Documents\workspace-spring-tool-suite-4-4.8.1.RELEASE\fileUpload) 
20210114 13:22:56.090 [restartedMain] INFO c.e.u.FileUploadApplication -
				No active profile set, falling back to default profiles: default 
20210114 13:22:57.818 [restartedMain] INFO c.e.u.FileUploadApplication -
				Started FileUploadApplication in 1.758 seconds (JVM running for 319.31) 
20210114 13:23:29.733 [restartedMain] INFO c.e.u.FileUploadApplication -
				Starting FileUploadApplication using Java 15 on LAPTOP-OGKDVBPP with PID 13684 (C:\Users\sjeon\Documents\workspace-spring-tool-suite-4-4.8.1.RELEASE\fileUpload\bin\main started by sjeon in C:\Users\sjeon\Documents\workspace-spring-tool-suite-4-4.8.1.RELEASE\fileUpload) 
20210114 13:23:29.733 [restartedMain] INFO c.e.u.FileUploadApplication -
				No active profile set, falling back to default profiles: default 
20210114 13:23:31.387 [restartedMain] INFO c.e.u.FileUploadApplication -
				Started FileUploadApplication in 1.683 seconds (JVM running for 352.879) 
20210114 13:26:02.892 [restartedMain] INFO c.e.u.FileUploadApplication -
				Starting FileUploadApplication using Java 15 on LAPTOP-OGKDVBPP with PID 18168 (C:\Users\sjeon\Documents\workspace-spring-tool-suite-4-4.8.1.RELEASE\fileUpload\bin\main started by sjeon in C:\Users\sjeon\Documents\workspace-spring-tool-suite-4-4.8.1.RELEASE\fileUpload) 
20210114 13:26:02.895 [restartedMain] INFO c.e.u.FileUploadApplication -
				No active profile set, falling back to default profiles: default 
20210114 13:26:07.415 [restartedMain] INFO c.e.u.FileUploadApplication -
				Started FileUploadApplication in 4.888 seconds (JVM running for 5.687) 
20210114 13:27:18.311 [restartedMain] INFO c.e.u.FileUploadApplication -
				Starting FileUploadApplication using Java 15 on LAPTOP-OGKDVBPP with PID 18168 (C:\Users\sjeon\Documents\workspace-spring-tool-suite-4-4.8.1.RELEASE\fileUpload\bin\main started by sjeon in C:\Users\sjeon\Documents\workspace-spring-tool-suite-4-4.8.1.RELEASE\fileUpload) 
20210114 13:27:18.311 [restartedMain] INFO c.e.u.FileUploadApplication -
				No active profile set, falling back to default profiles: default 
20210114 13:27:19.997 [restartedMain] INFO c.e.u.FileUploadApplication -
				Started FileUploadApplication in 1.718 seconds (JVM running for 78.269) 
20210114 13:28:12.264 [restartedMain] INFO c.e.u.FileUploadApplication -
				Starting FileUploadApplication using Java 15 on LAPTOP-OGKDVBPP with PID 18168 (C:\Users\sjeon\Documents\workspace-spring-tool-suite-4-4.8.1.RELEASE\fileUpload\bin\main started by sjeon in C:\Users\sjeon\Documents\workspace-spring-tool-suite-4-4.8.1.RELEASE\fileUpload) 
20210114 13:28:12.265 [restartedMain] INFO c.e.u.FileUploadApplication -
				No active profile set, falling back to default profiles: default 
20210114 13:28:13.913 [restartedMain] INFO c.e.u.FileUploadApplication -
				Started FileUploadApplication in 1.695 seconds (JVM running for 132.185) 
20210114 13:29:54.153 [http-nio-8080-exec-9] INFO jdbc.sqlonly -
				select renrakutus0_.PNO as pno1_0_, renrakutus0_.CARTON_ON as carton_on2_0_, renrakutus0_.DME_PNO 
as dme_pno3_0_, renrakutus0_.FCS_DATE as fcs_date4_0_, renrakutus0_.GLOBAL_SKU as global_sku5_0_, 
renrakutus0_.GMDL_PL_CD as gmdl_pl_cd6_0_, renrakutus0_.GMDL_PL_NO as gmdl_pl_no7_0_, renrakutus0_.JAN_UPC_EAN 
as jan_upc_ean8_0_, renrakutus0_.MATNR as matnr9_0_, renrakutus0_.MFG_NO as mfg_no10_0_, renrakutus0_.MODEL_NO 
as model_no11_0_, renrakutus0_.PRODUCT_CATEGORY as product_category12_0_, renrakutus0_.PRODUCT_NAME 
as product_name13_0_, renrakutus0_.REGION as region14_0_, renrakutus0_.REGIST_DAY as regist_day15_0_, 
renrakutus0_.ROUTE as route16_0_, renrakutus0_.SUB_PRODUCT_NAME as sub_product_name17_0_, renrakutus0_.VENDER 
as vender18_0_ from RENRAKUTSUCHI_V renrakutus0_ 
 
20210114 13:30:00.062 [http-nio-8080-exec-9] INFO jdbc.sqltiming -
				select renrakutus0_.PNO as pno1_0_, renrakutus0_.CARTON_ON as carton_on2_0_, renrakutus0_.DME_PNO 
as dme_pno3_0_, renrakutus0_.FCS_DATE as fcs_date4_0_, renrakutus0_.GLOBAL_SKU as global_sku5_0_, 
renrakutus0_.GMDL_PL_CD as gmdl_pl_cd6_0_, renrakutus0_.GMDL_PL_NO as gmdl_pl_no7_0_, renrakutus0_.JAN_UPC_EAN 
as jan_upc_ean8_0_, renrakutus0_.MATNR as matnr9_0_, renrakutus0_.MFG_NO as mfg_no10_0_, renrakutus0_.MODEL_NO 
as model_no11_0_, renrakutus0_.PRODUCT_CATEGORY as product_category12_0_, renrakutus0_.PRODUCT_NAME 
as product_name13_0_, renrakutus0_.REGION as region14_0_, renrakutus0_.REGIST_DAY as regist_day15_0_, 
renrakutus0_.ROUTE as route16_0_, renrakutus0_.SUB_PRODUCT_NAME as sub_product_name17_0_, renrakutus0_.VENDER 
as vender18_0_ from RENRAKUTSUCHI_V renrakutus0_ 
 {executed in 5909 msec} 
20210114 14:11:14.168 [restartedMain] INFO c.e.u.FileUploadApplication -
				Starting FileUploadApplication using Java 15 on LAPTOP-OGKDVBPP with PID 19420 (C:\Users\sjeon\Documents\workspace-spring-tool-suite-4-4.8.1.RELEASE\fileUpload\bin\main started by sjeon in C:\Users\sjeon\Documents\workspace-spring-tool-suite-4-4.8.1.RELEASE\fileUpload) 
20210114 14:11:14.193 [restartedMain] INFO c.e.u.FileUploadApplication -
				No active profile set, falling back to default profiles: default 
20210114 14:11:19.260 [restartedMain] INFO c.e.u.FileUploadApplication -
				Started FileUploadApplication in 5.595 seconds (JVM running for 6.538) 
20210114 14:12:12.488 [restartedMain] INFO c.e.u.FileUploadApplication -
				Starting FileUploadApplication using Java 15 on LAPTOP-OGKDVBPP with PID 19420 (C:\Users\sjeon\Documents\workspace-spring-tool-suite-4-4.8.1.RELEASE\fileUpload\bin\main started by sjeon in C:\Users\sjeon\Documents\workspace-spring-tool-suite-4-4.8.1.RELEASE\fileUpload) 
20210114 14:12:12.488 [restartedMain] INFO c.e.u.FileUploadApplication -
				No active profile set, falling back to default profiles: default 
20210114 14:12:14.203 [restartedMain] INFO c.e.u.FileUploadApplication -
				Started FileUploadApplication in 1.747 seconds (JVM running for 61.48) 
20210114 14:12:53.564 [http-nio-8080-exec-10] INFO jdbc.sqlonly -
				select renrakutus0_.PNO as pno1_0_, renrakutus0_.CARTON_ON as carton_on2_0_, renrakutus0_.DME_PNO 
as dme_pno3_0_, renrakutus0_.FCS_DATE as fcs_date4_0_, renrakutus0_.GLOBAL_SKU as global_sku5_0_, 
renrakutus0_.GMDL_PL_CD as gmdl_pl_cd6_0_, renrakutus0_.GMDL_PL_NO as gmdl_pl_no7_0_, renrakutus0_.JAN_UPC_EAN 
as jan_upc_ean8_0_, renrakutus0_.MATNR as matnr9_0_, renrakutus0_.MFG_NO as mfg_no10_0_, renrakutus0_.MODEL_NO 
as model_no11_0_, renrakutus0_.PRODUCT_CATEGORY as product_category12_0_, renrakutus0_.PRODUCT_NAME 
as product_name13_0_, renrakutus0_.REGION as region14_0_, renrakutus0_.REGIST_DAY as regist_day15_0_, 
renrakutus0_.ROUTE as route16_0_, renrakutus0_.SUB_PRODUCT_NAME as sub_product_name17_0_, renrakutus0_.VENDER 
as vender18_0_ from RENRAKUTSUCHI_V renrakutus0_ 
 
20210114 14:12:59.516 [http-nio-8080-exec-10] INFO jdbc.sqltiming -
				select renrakutus0_.PNO as pno1_0_, renrakutus0_.CARTON_ON as carton_on2_0_, renrakutus0_.DME_PNO 
as dme_pno3_0_, renrakutus0_.FCS_DATE as fcs_date4_0_, renrakutus0_.GLOBAL_SKU as global_sku5_0_, 
renrakutus0_.GMDL_PL_CD as gmdl_pl_cd6_0_, renrakutus0_.GMDL_PL_NO as gmdl_pl_no7_0_, renrakutus0_.JAN_UPC_EAN 
as jan_upc_ean8_0_, renrakutus0_.MATNR as matnr9_0_, renrakutus0_.MFG_NO as mfg_no10_0_, renrakutus0_.MODEL_NO 
as model_no11_0_, renrakutus0_.PRODUCT_CATEGORY as product_category12_0_, renrakutus0_.PRODUCT_NAME 
as product_name13_0_, renrakutus0_.REGION as region14_0_, renrakutus0_.REGIST_DAY as regist_day15_0_, 
renrakutus0_.ROUTE as route16_0_, renrakutus0_.SUB_PRODUCT_NAME as sub_product_name17_0_, renrakutus0_.VENDER 
as vender18_0_ from RENRAKUTSUCHI_V renrakutus0_ 
 {executed in 5952 msec} 
20210114 14:17:20.603 [restartedMain] INFO c.e.u.FileUploadApplication -
				Starting FileUploadApplication using Java 15 on LAPTOP-OGKDVBPP with PID 19420 (C:\Users\sjeon\Documents\workspace-spring-tool-suite-4-4.8.1.RELEASE\fileUpload\bin\main started by sjeon in C:\Users\sjeon\Documents\workspace-spring-tool-suite-4-4.8.1.RELEASE\fileUpload) 
20210114 14:17:20.604 [restartedMain] INFO c.e.u.FileUploadApplication -
				No active profile set, falling back to default profiles: default 
20210114 14:17:22.292 [restartedMain] INFO c.e.u.FileUploadApplication -
				Started FileUploadApplication in 1.733 seconds (JVM running for 369.569) 
20210114 14:47:51.628 [restartedMain] INFO c.e.u.FileUploadApplication -
				Starting FileUploadApplication using Java 15 on LAPTOP-OGKDVBPP with PID 14756 (C:\Users\sjeon\Documents\workspace-spring-tool-suite-4-4.8.1.RELEASE\fileUpload\bin\main started by sjeon in C:\Users\sjeon\Documents\workspace-spring-tool-suite-4-4.8.1.RELEASE\fileUpload) 
20210114 14:47:51.631 [restartedMain] INFO c.e.u.FileUploadApplication -
				No active profile set, falling back to default profiles: default 
20210114 14:47:56.532 [restartedMain] INFO c.e.u.FileUploadApplication -
				Started FileUploadApplication in 5.331 seconds (JVM running for 6.137) 
20210114 14:49:00.015 [restartedMain] INFO c.e.u.FileUploadApplication -
				Starting FileUploadApplication using Java 15 on LAPTOP-OGKDVBPP with PID 14756 (C:\Users\sjeon\Documents\workspace-spring-tool-suite-4-4.8.1.RELEASE\fileUpload\bin\main started by sjeon in C:\Users\sjeon\Documents\workspace-spring-tool-suite-4-4.8.1.RELEASE\fileUpload) 
20210114 14:49:00.015 [restartedMain] INFO c.e.u.FileUploadApplication -
				No active profile set, falling back to default profiles: default 
20210114 14:49:01.784 [restartedMain] INFO c.e.u.FileUploadApplication -
				Started FileUploadApplication in 1.805 seconds (JVM running for 71.388) 
20210114 14:49:06.360 [restartedMain] INFO c.e.u.FileUploadApplication -
				Starting FileUploadApplication using Java 15 on LAPTOP-OGKDVBPP with PID 14756 (C:\Users\sjeon\Documents\workspace-spring-tool-suite-4-4.8.1.RELEASE\fileUpload\bin\main started by sjeon in C:\Users\sjeon\Documents\workspace-spring-tool-suite-4-4.8.1.RELEASE\fileUpload) 
20210114 14:49:06.361 [restartedMain] INFO c.e.u.FileUploadApplication -
				No active profile set, falling back to default profiles: default 
20210114 14:49:08.033 [restartedMain] INFO c.e.u.FileUploadApplication -
				Started FileUploadApplication in 1.703 seconds (JVM running for 77.637) 
20210114 14:50:18.474 [restartedMain] INFO c.e.u.FileUploadApplication -
				Starting FileUploadApplication using Java 15 on LAPTOP-OGKDVBPP with PID 14756 (C:\Users\sjeon\Documents\workspace-spring-tool-suite-4-4.8.1.RELEASE\fileUpload\bin\main started by sjeon in C:\Users\sjeon\Documents\workspace-spring-tool-suite-4-4.8.1.RELEASE\fileUpload) 
20210114 14:50:18.475 [restartedMain] INFO c.e.u.FileUploadApplication -
				No active profile set, falling back to default profiles: default 
20210114 14:50:20.316 [restartedMain] INFO c.e.u.FileUploadApplication -
				Started FileUploadApplication in 1.87 seconds (JVM running for 149.92) 
20210114 14:54:40.298 [restartedMain] INFO c.e.u.FileUploadApplication -
				Starting FileUploadApplication using Java 15 on LAPTOP-OGKDVBPP with PID 10352 (C:\Users\sjeon\Documents\workspace-spring-tool-suite-4-4.8.1.RELEASE\fileUpload\bin\main started by sjeon in C:\Users\sjeon\Documents\workspace-spring-tool-suite-4-4.8.1.RELEASE\fileUpload) 
20210114 14:54:40.301 [restartedMain] INFO c.e.u.FileUploadApplication -
				No active profile set, falling back to default profiles: default 
20210114 14:54:44.959 [restartedMain] INFO c.e.u.FileUploadApplication -
				Started FileUploadApplication in 5.018 seconds (JVM running for 5.784) 
20210114 14:56:36.136 [restartedMain] INFO c.e.u.FileUploadApplication -
				Starting FileUploadApplication using Java 15 on LAPTOP-OGKDVBPP with PID 10352 (C:\Users\sjeon\Documents\workspace-spring-tool-suite-4-4.8.1.RELEASE\fileUpload\bin\main started by sjeon in C:\Users\sjeon\Documents\workspace-spring-tool-suite-4-4.8.1.RELEASE\fileUpload) 
20210114 14:56:36.144 [restartedMain] INFO c.e.u.FileUploadApplication -
				No active profile set, falling back to default profiles: default 
20210114 14:56:37.781 [restartedMain] INFO c.e.u.FileUploadApplication -
				Started FileUploadApplication in 1.691 seconds (JVM running for 118.607) 
20210114 14:56:51.433 [restartedMain] INFO c.e.u.FileUploadApplication -
				Starting FileUploadApplication using Java 15 on LAPTOP-OGKDVBPP with PID 10352 (C:\Users\sjeon\Documents\workspace-spring-tool-suite-4-4.8.1.RELEASE\fileUpload\bin\main started by sjeon in C:\Users\sjeon\Documents\workspace-spring-tool-suite-4-4.8.1.RELEASE\fileUpload) 
20210114 14:56:51.433 [restartedMain] INFO c.e.u.FileUploadApplication -
				No active profile set, falling back to default profiles: default 
20210114 14:56:53.119 [restartedMain] INFO c.e.u.FileUploadApplication -
				Started FileUploadApplication in 1.715 seconds (JVM running for 133.945) 
20210114 14:57:33.181 [restartedMain] INFO c.e.u.FileUploadApplication -
				Starting FileUploadApplication using Java 15 on LAPTOP-OGKDVBPP with PID 10352 (C:\Users\sjeon\Documents\workspace-spring-tool-suite-4-4.8.1.RELEASE\fileUpload\bin\main started by sjeon in C:\Users\sjeon\Documents\workspace-spring-tool-suite-4-4.8.1.RELEASE\fileUpload) 
20210114 14:57:33.181 [restartedMain] INFO c.e.u.FileUploadApplication -
				No active profile set, falling back to default profiles: default 
20210114 14:57:34.812 [restartedMain] INFO c.e.u.FileUploadApplication -
				Started FileUploadApplication in 1.66 seconds (JVM running for 175.638) 
20210114 15:00:30.181 [restartedMain] INFO c.e.u.FileUploadApplication -
				Starting FileUploadApplication using Java 15 on LAPTOP-OGKDVBPP with PID 14476 (C:\Users\sjeon\Documents\workspace-spring-tool-suite-4-4.8.1.RELEASE\fileUpload\bin\main started by sjeon in C:\Users\sjeon\Documents\workspace-spring-tool-suite-4-4.8.1.RELEASE\fileUpload) 
20210114 15:00:30.183 [restartedMain] INFO c.e.u.FileUploadApplication -
				No active profile set, falling back to default profiles: default 
20210114 15:00:34.831 [restartedMain] INFO c.e.u.FileUploadApplication -
				Started FileUploadApplication in 5.038 seconds (JVM running for 5.904) 
20210114 15:02:34.852 [restartedMain] INFO c.e.u.FileUploadApplication -
				Starting FileUploadApplication using Java 15 on LAPTOP-OGKDVBPP with PID 14476 (C:\Users\sjeon\Documents\workspace-spring-tool-suite-4-4.8.1.RELEASE\fileUpload\bin\main started by sjeon in C:\Users\sjeon\Documents\workspace-spring-tool-suite-4-4.8.1.RELEASE\fileUpload) 
20210114 15:02:34.852 [restartedMain] INFO c.e.u.FileUploadApplication -
				No active profile set, falling back to default profiles: default 
20210114 15:02:36.963 [restartedMain] INFO c.e.u.FileUploadApplication -
				Started FileUploadApplication in 2.146 seconds (JVM running for 128.036) 
20210114 15:04:33.123 [restartedMain] INFO c.e.u.FileUploadApplication -
				Starting FileUploadApplication using Java 15 on LAPTOP-OGKDVBPP with PID 14476 (C:\Users\sjeon\Documents\workspace-spring-tool-suite-4-4.8.1.RELEASE\fileUpload\bin\main started by sjeon in C:\Users\sjeon\Documents\workspace-spring-tool-suite-4-4.8.1.RELEASE\fileUpload) 
20210114 15:04:33.124 [restartedMain] INFO c.e.u.FileUploadApplication -
				No active profile set, falling back to default profiles: default 
