20210122 09:04:44.199 [restartedMain] INFO c.e.u.FileUploadApplication -
				Starting FileUploadApplication using Java 15 on LAPTOP-OGKDVBPP with PID 21688 (C:\Users\sjeon\Documents\workspace-spring-tool-suite-4-4.8.1.RELEASE\fileUpload\bin\main started by sjeon in C:\Users\sjeon\Documents\workspace-spring-tool-suite-4-4.8.1.RELEASE\fileUpload) 
20210122 09:04:44.201 [restartedMain] INFO c.e.u.FileUploadApplication -
				No active profile set, falling back to default profiles: default 
20210122 09:07:08.041 [restartedMain] INFO c.e.u.FileUploadApplication -
				Starting FileUploadApplication using Java 15 on LAPTOP-OGKDVBPP with PID 9880 (C:\Users\sjeon\Documents\workspace-spring-tool-suite-4-4.8.1.RELEASE\fileUpload\bin\main started by sjeon in C:\Users\sjeon\Documents\workspace-spring-tool-suite-4-4.8.1.RELEASE\fileUpload) 
20210122 09:07:08.051 [restartedMain] INFO c.e.u.FileUploadApplication -
				No active profile set, falling back to default profiles: default 
20210122 09:07:13.665 [restartedMain] INFO c.e.u.FileUploadApplication -
				Started FileUploadApplication in 6.0 seconds (JVM running for 6.877) 
20210122 09:09:32.005 [restartedMain] INFO c.e.u.FileUploadApplication -
				Starting FileUploadApplication using Java 15 on LAPTOP-OGKDVBPP with PID 8344 (C:\Users\sjeon\Documents\workspace-spring-tool-suite-4-4.8.1.RELEASE\fileUpload\bin\main started by sjeon in C:\Users\sjeon\Documents\workspace-spring-tool-suite-4-4.8.1.RELEASE\fileUpload) 
20210122 09:09:32.008 [restartedMain] INFO c.e.u.FileUploadApplication -
				No active profile set, falling back to default profiles: default 
20210122 09:09:37.509 [restartedMain] INFO c.e.u.FileUploadApplication -
				Started FileUploadApplication in 5.887 seconds (JVM running for 6.778) 
20210122 09:10:48.086 [restartedMain] INFO c.e.u.FileUploadApplication -
				Starting FileUploadApplication using Java 15 on LAPTOP-OGKDVBPP with PID 8344 (C:\Users\sjeon\Documents\workspace-spring-tool-suite-4-4.8.1.RELEASE\fileUpload\bin\main started by sjeon in C:\Users\sjeon\Documents\workspace-spring-tool-suite-4-4.8.1.RELEASE\fileUpload) 
20210122 09:10:48.087 [restartedMain] INFO c.e.u.FileUploadApplication -
				No active profile set, falling back to default profiles: default 
20210122 09:17:09.656 [restartedMain] INFO c.e.u.FileUploadApplication -
				Starting FileUploadApplication using Java 15 on LAPTOP-OGKDVBPP with PID 10764 (C:\Users\sjeon\Documents\workspace-spring-tool-suite-4-4.8.1.RELEASE\fileUpload\bin\main started by sjeon in C:\Users\sjeon\Documents\workspace-spring-tool-suite-4-4.8.1.RELEASE\fileUpload) 
20210122 09:17:09.658 [restartedMain] INFO c.e.u.FileUploadApplication -
				No active profile set, falling back to default profiles: default 
20210122 09:17:15.364 [restartedMain] INFO c.e.u.FileUploadApplication -
				Started FileUploadApplication in 6.115 seconds (JVM running for 6.97) 
20210122 09:18:08.676 [restartedMain] INFO c.e.u.FileUploadApplication -
				Starting FileUploadApplication using Java 15 on LAPTOP-OGKDVBPP with PID 10764 (C:\Users\sjeon\Documents\workspace-spring-tool-suite-4-4.8.1.RELEASE\fileUpload\bin\main started by sjeon in C:\Users\sjeon\Documents\workspace-spring-tool-suite-4-4.8.1.RELEASE\fileUpload) 
20210122 09:18:08.676 [restartedMain] INFO c.e.u.FileUploadApplication -
				No active profile set, falling back to default profiles: default 
20210122 09:18:11.479 [restartedMain] INFO c.e.u.FileUploadApplication -
				Started FileUploadApplication in 2.834 seconds (JVM running for 63.086) 
20210122 09:18:55.592 [restartedMain] INFO c.e.u.FileUploadApplication -
				Starting FileUploadApplication using Java 15 on LAPTOP-OGKDVBPP with PID 10764 (C:\Users\sjeon\Documents\workspace-spring-tool-suite-4-4.8.1.RELEASE\fileUpload\bin\main started by sjeon in C:\Users\sjeon\Documents\workspace-spring-tool-suite-4-4.8.1.RELEASE\fileUpload) 
20210122 09:18:55.592 [restartedMain] INFO c.e.u.FileUploadApplication -
				No active profile set, falling back to default profiles: default 
20210122 09:18:58.333 [restartedMain] INFO c.e.u.FileUploadApplication -
				Started FileUploadApplication in 2.784 seconds (JVM running for 109.939) 
20210122 09:20:55.549 [restartedMain] INFO c.e.u.FileUploadApplication -
				Starting FileUploadApplication using Java 15 on LAPTOP-OGKDVBPP with PID 10764 (C:\Users\sjeon\Documents\workspace-spring-tool-suite-4-4.8.1.RELEASE\fileUpload\bin\main started by sjeon in C:\Users\sjeon\Documents\workspace-spring-tool-suite-4-4.8.1.RELEASE\fileUpload) 
20210122 09:20:55.549 [restartedMain] INFO c.e.u.FileUploadApplication -
				No active profile set, falling back to default profiles: default 
20210122 09:20:58.515 [restartedMain] INFO c.e.u.FileUploadApplication -
				Started FileUploadApplication in 2.993 seconds (JVM running for 230.122) 
20210122 09:21:24.431 [restartedMain] INFO c.e.u.FileUploadApplication -
				Starting FileUploadApplication using Java 15 on LAPTOP-OGKDVBPP with PID 10764 (C:\Users\sjeon\Documents\workspace-spring-tool-suite-4-4.8.1.RELEASE\fileUpload\bin\main started by sjeon in C:\Users\sjeon\Documents\workspace-spring-tool-suite-4-4.8.1.RELEASE\fileUpload) 
20210122 09:21:24.431 [restartedMain] INFO c.e.u.FileUploadApplication -
				No active profile set, falling back to default profiles: default 
20210122 09:21:27.045 [restartedMain] INFO c.e.u.FileUploadApplication -
				Started FileUploadApplication in 2.671 seconds (JVM running for 258.652) 
20210122 09:21:40.260 [restartedMain] INFO c.e.u.FileUploadApplication -
				Starting FileUploadApplication using Java 15 on LAPTOP-OGKDVBPP with PID 17964 (C:\Users\sjeon\Documents\workspace-spring-tool-suite-4-4.8.1.RELEASE\fileUpload\bin\main started by sjeon in C:\Users\sjeon\Documents\workspace-spring-tool-suite-4-4.8.1.RELEASE\fileUpload) 
20210122 09:21:40.262 [restartedMain] INFO c.e.u.FileUploadApplication -
				No active profile set, falling back to default profiles: default 
20210122 09:22:49.809 [restartedMain] INFO c.e.u.FileUploadApplication -
				Starting FileUploadApplication using Java 15 on LAPTOP-OGKDVBPP with PID 10764 (C:\Users\sjeon\Documents\workspace-spring-tool-suite-4-4.8.1.RELEASE\fileUpload\bin\main started by sjeon in C:\Users\sjeon\Documents\workspace-spring-tool-suite-4-4.8.1.RELEASE\fileUpload) 
20210122 09:22:49.809 [restartedMain] INFO c.e.u.FileUploadApplication -
				No active profile set, falling back to default profiles: default 
20210122 09:22:52.440 [restartedMain] INFO c.e.u.FileUploadApplication -
				Started FileUploadApplication in 2.657 seconds (JVM running for 344.047) 
20210122 09:24:12.238 [restartedMain] INFO c.e.u.FileUploadApplication -
				Starting FileUploadApplication using Java 15 on LAPTOP-OGKDVBPP with PID 10764 (C:\Users\sjeon\Documents\workspace-spring-tool-suite-4-4.8.1.RELEASE\fileUpload\bin\main started by sjeon in C:\Users\sjeon\Documents\workspace-spring-tool-suite-4-4.8.1.RELEASE\fileUpload) 
20210122 09:24:12.238 [restartedMain] INFO c.e.u.FileUploadApplication -
				No active profile set, falling back to default profiles: default 
20210122 09:24:15.040 [restartedMain] INFO c.e.u.FileUploadApplication -
				Started FileUploadApplication in 2.83 seconds (JVM running for 426.647) 
20210122 09:30:35.636 [restartedMain] INFO c.e.u.FileUploadApplication -
				Starting FileUploadApplication using Java 15 on LAPTOP-OGKDVBPP with PID 20836 (C:\Users\sjeon\Documents\workspace-spring-tool-suite-4-4.8.1.RELEASE\fileUpload\bin\main started by sjeon in C:\Users\sjeon\Documents\workspace-spring-tool-suite-4-4.8.1.RELEASE\fileUpload) 
20210122 09:30:35.641 [restartedMain] INFO c.e.u.FileUploadApplication -
				No active profile set, falling back to default profiles: default 
20210122 09:30:41.880 [restartedMain] INFO c.e.u.FileUploadApplication -
				Started FileUploadApplication in 6.68 seconds (JVM running for 7.802) 
20210122 09:35:02.220 [restartedMain] INFO c.e.u.FileUploadApplication -
				Starting FileUploadApplication using Java 15 on LAPTOP-OGKDVBPP with PID 20836 (C:\Users\sjeon\Documents\workspace-spring-tool-suite-4-4.8.1.RELEASE\fileUpload\bin\main started by sjeon in C:\Users\sjeon\Documents\workspace-spring-tool-suite-4-4.8.1.RELEASE\fileUpload) 
20210122 09:35:02.220 [restartedMain] INFO c.e.u.FileUploadApplication -
				No active profile set, falling back to default profiles: default 
20210122 09:35:04.998 [restartedMain] INFO c.e.u.FileUploadApplication -
				Started FileUploadApplication in 2.811 seconds (JVM running for 270.92) 
20210122 09:37:00.228 [restartedMain] INFO c.e.u.FileUploadApplication -
				Starting FileUploadApplication using Java 15 on LAPTOP-OGKDVBPP with PID 3244 (C:\Users\sjeon\Documents\workspace-spring-tool-suite-4-4.8.1.RELEASE\fileUpload\bin\main started by sjeon in C:\Users\sjeon\Documents\workspace-spring-tool-suite-4-4.8.1.RELEASE\fileUpload) 
20210122 09:37:00.231 [restartedMain] INFO c.e.u.FileUploadApplication -
				No active profile set, falling back to default profiles: default 
20210122 09:37:06.190 [restartedMain] INFO c.e.u.FileUploadApplication -
				Started FileUploadApplication in 6.342 seconds (JVM running for 7.171) 
20210122 09:50:41.127 [restartedMain] INFO c.e.u.FileUploadApplication -
				Starting FileUploadApplication using Java 15 on LAPTOP-OGKDVBPP with PID 3244 (C:\Users\sjeon\Documents\workspace-spring-tool-suite-4-4.8.1.RELEASE\fileUpload\bin\main started by sjeon in C:\Users\sjeon\Documents\workspace-spring-tool-suite-4-4.8.1.RELEASE\fileUpload) 
20210122 09:50:41.128 [restartedMain] INFO c.e.u.FileUploadApplication -
				No active profile set, falling back to default profiles: default 
20210122 09:50:43.908 [restartedMain] INFO c.e.u.FileUploadApplication -
				Started FileUploadApplication in 2.812 seconds (JVM running for 824.889) 
20210122 10:02:55.373 [restartedMain] INFO c.e.u.FileUploadApplication -
				Starting FileUploadApplication using Java 15 on LAPTOP-OGKDVBPP with PID 12560 (C:\Users\sjeon\Documents\workspace-spring-tool-suite-4-4.8.1.RELEASE\fileUpload\bin\main started by sjeon in C:\Users\sjeon\Documents\workspace-spring-tool-suite-4-4.8.1.RELEASE\fileUpload) 
20210122 10:02:55.376 [restartedMain] INFO c.e.u.FileUploadApplication -
				No active profile set, falling back to default profiles: default 
20210122 10:03:01.686 [restartedMain] INFO c.e.u.FileUploadApplication -
				Started FileUploadApplication in 6.768 seconds (JVM running for 7.702) 
20210122 10:03:50.933 [restartedMain] INFO c.e.u.FileUploadApplication -
				Starting FileUploadApplication using Java 15 on LAPTOP-OGKDVBPP with PID 12560 (C:\Users\sjeon\Documents\workspace-spring-tool-suite-4-4.8.1.RELEASE\fileUpload\bin\main started by sjeon in C:\Users\sjeon\Documents\workspace-spring-tool-suite-4-4.8.1.RELEASE\fileUpload) 
20210122 10:03:50.934 [restartedMain] INFO c.e.u.FileUploadApplication -
				No active profile set, falling back to default profiles: default 
20210122 10:03:53.602 [restartedMain] INFO c.e.u.FileUploadApplication -
				Started FileUploadApplication in 2.7 seconds (JVM running for 59.618) 
20210122 10:04:18.482 [restartedMain] INFO c.e.u.FileUploadApplication -
				Starting FileUploadApplication using Java 15 on LAPTOP-OGKDVBPP with PID 12560 (C:\Users\sjeon\Documents\workspace-spring-tool-suite-4-4.8.1.RELEASE\fileUpload\bin\main started by sjeon in C:\Users\sjeon\Documents\workspace-spring-tool-suite-4-4.8.1.RELEASE\fileUpload) 
20210122 10:04:18.482 [restartedMain] INFO c.e.u.FileUploadApplication -
				No active profile set, falling back to default profiles: default 
20210122 10:04:21.080 [restartedMain] INFO c.e.u.FileUploadApplication -
				Started FileUploadApplication in 2.626 seconds (JVM running for 87.096) 
20210122 10:04:23.615 [restartedMain] INFO c.e.u.FileUploadApplication -
				Starting FileUploadApplication using Java 15 on LAPTOP-OGKDVBPP with PID 12560 (C:\Users\sjeon\Documents\workspace-spring-tool-suite-4-4.8.1.RELEASE\fileUpload\bin\main started by sjeon in C:\Users\sjeon\Documents\workspace-spring-tool-suite-4-4.8.1.RELEASE\fileUpload) 
20210122 10:04:23.616 [restartedMain] INFO c.e.u.FileUploadApplication -
				No active profile set, falling back to default profiles: default 
20210122 10:04:26.295 [restartedMain] INFO c.e.u.FileUploadApplication -
				Started FileUploadApplication in 2.704 seconds (JVM running for 92.311) 
20210122 10:04:32.917 [restartedMain] INFO c.e.u.FileUploadApplication -
				Starting FileUploadApplication using Java 15 on LAPTOP-OGKDVBPP with PID 12560 (C:\Users\sjeon\Documents\workspace-spring-tool-suite-4-4.8.1.RELEASE\fileUpload\bin\main started by sjeon in C:\Users\sjeon\Documents\workspace-spring-tool-suite-4-4.8.1.RELEASE\fileUpload) 
20210122 10:04:32.918 [restartedMain] INFO c.e.u.FileUploadApplication -
				No active profile set, falling back to default profiles: default 
20210122 10:04:35.528 [restartedMain] INFO c.e.u.FileUploadApplication -
				Started FileUploadApplication in 2.641 seconds (JVM running for 101.544) 
20210122 10:06:56.076 [restartedMain] INFO c.e.u.FileUploadApplication -
				Starting FileUploadApplication using Java 15 on LAPTOP-OGKDVBPP with PID 12560 (C:\Users\sjeon\Documents\workspace-spring-tool-suite-4-4.8.1.RELEASE\fileUpload\bin\main started by sjeon in C:\Users\sjeon\Documents\workspace-spring-tool-suite-4-4.8.1.RELEASE\fileUpload) 
20210122 10:06:56.076 [restartedMain] INFO c.e.u.FileUploadApplication -
				No active profile set, falling back to default profiles: default 
20210122 10:06:58.641 [restartedMain] INFO c.e.u.FileUploadApplication -
				Started FileUploadApplication in 2.593 seconds (JVM running for 244.657) 
20210122 10:07:02.174 [restartedMain] INFO c.e.u.FileUploadApplication -
				Starting FileUploadApplication using Java 15 on LAPTOP-OGKDVBPP with PID 12560 (C:\Users\sjeon\Documents\workspace-spring-tool-suite-4-4.8.1.RELEASE\fileUpload\bin\main started by sjeon in C:\Users\sjeon\Documents\workspace-spring-tool-suite-4-4.8.1.RELEASE\fileUpload) 
20210122 10:07:02.174 [restartedMain] INFO c.e.u.FileUploadApplication -
				No active profile set, falling back to default profiles: default 
20210122 10:07:04.717 [restartedMain] INFO c.e.u.FileUploadApplication -
				Started FileUploadApplication in 2.579 seconds (JVM running for 250.733) 
20210122 10:07:06.217 [restartedMain] INFO c.e.u.FileUploadApplication -
				Starting FileUploadApplication using Java 15 on LAPTOP-OGKDVBPP with PID 12560 (C:\Users\sjeon\Documents\workspace-spring-tool-suite-4-4.8.1.RELEASE\fileUpload\bin\main started by sjeon in C:\Users\sjeon\Documents\workspace-spring-tool-suite-4-4.8.1.RELEASE\fileUpload) 
20210122 10:07:06.217 [restartedMain] INFO c.e.u.FileUploadApplication -
				No active profile set, falling back to default profiles: default 
20210122 10:07:08.795 [restartedMain] INFO c.e.u.FileUploadApplication -
				Started FileUploadApplication in 2.603 seconds (JVM running for 254.812) 
20210122 10:07:26.470 [restartedMain] INFO c.e.u.FileUploadApplication -
				Starting FileUploadApplication using Java 15 on LAPTOP-OGKDVBPP with PID 12560 (C:\Users\sjeon\Documents\workspace-spring-tool-suite-4-4.8.1.RELEASE\fileUpload\bin\main started by sjeon in C:\Users\sjeon\Documents\workspace-spring-tool-suite-4-4.8.1.RELEASE\fileUpload) 
20210122 10:07:26.470 [restartedMain] INFO c.e.u.FileUploadApplication -
				No active profile set, falling back to default profiles: default 
20210122 10:07:30.073 [restartedMain] INFO c.e.u.FileUploadApplication -
				Started FileUploadApplication in 3.633 seconds (JVM running for 276.089) 
20210122 10:07:40.686 [restartedMain] INFO c.e.u.FileUploadApplication -
				Starting FileUploadApplication using Java 15 on LAPTOP-OGKDVBPP with PID 12560 (C:\Users\sjeon\Documents\workspace-spring-tool-suite-4-4.8.1.RELEASE\fileUpload\bin\main started by sjeon in C:\Users\sjeon\Documents\workspace-spring-tool-suite-4-4.8.1.RELEASE\fileUpload) 
20210122 10:07:40.686 [restartedMain] INFO c.e.u.FileUploadApplication -
				No active profile set, falling back to default profiles: default 
20210122 10:07:43.199 [restartedMain] INFO c.e.u.FileUploadApplication -
				Started FileUploadApplication in 2.546 seconds (JVM running for 289.215) 
20210122 10:07:57.888 [restartedMain] INFO c.e.u.FileUploadApplication -
				Starting FileUploadApplication using Java 15 on LAPTOP-OGKDVBPP with PID 12560 (C:\Users\sjeon\Documents\workspace-spring-tool-suite-4-4.8.1.RELEASE\fileUpload\bin\main started by sjeon in C:\Users\sjeon\Documents\workspace-spring-tool-suite-4-4.8.1.RELEASE\fileUpload) 
20210122 10:07:57.888 [restartedMain] INFO c.e.u.FileUploadApplication -
				No active profile set, falling back to default profiles: default 
20210122 10:08:00.496 [restartedMain] INFO c.e.u.FileUploadApplication -
				Started FileUploadApplication in 2.633 seconds (JVM running for 306.512) 
20210122 10:08:05.042 [restartedMain] INFO c.e.u.FileUploadApplication -
				Starting FileUploadApplication using Java 15 on LAPTOP-OGKDVBPP with PID 12560 (C:\Users\sjeon\Documents\workspace-spring-tool-suite-4-4.8.1.RELEASE\fileUpload\bin\main started by sjeon in C:\Users\sjeon\Documents\workspace-spring-tool-suite-4-4.8.1.RELEASE\fileUpload) 
20210122 10:08:05.042 [restartedMain] INFO c.e.u.FileUploadApplication -
				No active profile set, falling back to default profiles: default 
20210122 10:08:07.814 [restartedMain] INFO c.e.u.FileUploadApplication -
				Started FileUploadApplication in 2.803 seconds (JVM running for 313.83) 
20210122 10:09:10.226 [restartedMain] INFO c.e.u.FileUploadApplication -
				Starting FileUploadApplication using Java 15 on LAPTOP-OGKDVBPP with PID 12560 (C:\Users\sjeon\Documents\workspace-spring-tool-suite-4-4.8.1.RELEASE\fileUpload\bin\main started by sjeon in C:\Users\sjeon\Documents\workspace-spring-tool-suite-4-4.8.1.RELEASE\fileUpload) 
20210122 10:09:10.226 [restartedMain] INFO c.e.u.FileUploadApplication -
				No active profile set, falling back to default profiles: default 
20210122 10:09:34.012 [restartedMain] INFO c.e.u.FileUploadApplication -
				Started FileUploadApplication in 23.819 seconds (JVM running for 400.028) 
20210122 10:09:35.501 [restartedMain] INFO c.e.u.FileUploadApplication -
				Starting FileUploadApplication using Java 15 on LAPTOP-OGKDVBPP with PID 12560 (C:\Users\sjeon\Documents\workspace-spring-tool-suite-4-4.8.1.RELEASE\fileUpload\bin\main started by sjeon in C:\Users\sjeon\Documents\workspace-spring-tool-suite-4-4.8.1.RELEASE\fileUpload) 
20210122 10:09:35.502 [restartedMain] INFO c.e.u.FileUploadApplication -
				No active profile set, falling back to default profiles: default 
20210122 10:09:38.218 [restartedMain] INFO c.e.u.FileUploadApplication -
				Started FileUploadApplication in 2.742 seconds (JVM running for 404.234) 
20210122 10:10:05.087 [restartedMain] INFO c.e.u.FileUploadApplication -
				Starting FileUploadApplication using Java 15 on LAPTOP-OGKDVBPP with PID 12560 (C:\Users\sjeon\Documents\workspace-spring-tool-suite-4-4.8.1.RELEASE\fileUpload\bin\main started by sjeon in C:\Users\sjeon\Documents\workspace-spring-tool-suite-4-4.8.1.RELEASE\fileUpload) 
20210122 10:10:05.087 [restartedMain] INFO c.e.u.FileUploadApplication -
				No active profile set, falling back to default profiles: default 
20210122 10:10:07.696 [restartedMain] INFO c.e.u.FileUploadApplication -
				Started FileUploadApplication in 2.636 seconds (JVM running for 433.712) 
20210122 10:10:38.727 [restartedMain] INFO c.e.u.FileUploadApplication -
				Starting FileUploadApplication using Java 15 on LAPTOP-OGKDVBPP with PID 12560 (C:\Users\sjeon\Documents\workspace-spring-tool-suite-4-4.8.1.RELEASE\fileUpload\bin\main started by sjeon in C:\Users\sjeon\Documents\workspace-spring-tool-suite-4-4.8.1.RELEASE\fileUpload) 
20210122 10:10:38.727 [restartedMain] INFO c.e.u.FileUploadApplication -
				No active profile set, falling back to default profiles: default 
20210122 10:10:41.405 [restartedMain] INFO c.e.u.FileUploadApplication -
				Started FileUploadApplication in 2.718 seconds (JVM running for 467.422) 
20210122 10:10:45.992 [restartedMain] INFO c.e.u.FileUploadApplication -
				Starting FileUploadApplication using Java 15 on LAPTOP-OGKDVBPP with PID 12560 (C:\Users\sjeon\Documents\workspace-spring-tool-suite-4-4.8.1.RELEASE\fileUpload\bin\main started by sjeon in C:\Users\sjeon\Documents\workspace-spring-tool-suite-4-4.8.1.RELEASE\fileUpload) 
20210122 10:10:45.992 [restartedMain] INFO c.e.u.FileUploadApplication -
				No active profile set, falling back to default profiles: default 
20210122 10:10:48.631 [restartedMain] INFO c.e.u.FileUploadApplication -
				Started FileUploadApplication in 2.68 seconds (JVM running for 474.648) 
20210122 10:10:55.245 [restartedMain] INFO c.e.u.FileUploadApplication -
				Starting FileUploadApplication using Java 15 on LAPTOP-OGKDVBPP with PID 12560 (C:\Users\sjeon\Documents\workspace-spring-tool-suite-4-4.8.1.RELEASE\fileUpload\bin\main started by sjeon in C:\Users\sjeon\Documents\workspace-spring-tool-suite-4-4.8.1.RELEASE\fileUpload) 
20210122 10:10:55.245 [restartedMain] INFO c.e.u.FileUploadApplication -
				No active profile set, falling back to default profiles: default 
20210122 10:10:57.757 [restartedMain] INFO c.e.u.FileUploadApplication -
				Started FileUploadApplication in 2.538 seconds (JVM running for 483.773) 
20210122 10:12:20.473 [restartedMain] INFO c.e.u.FileUploadApplication -
				Starting FileUploadApplication using Java 15 on LAPTOP-OGKDVBPP with PID 12560 (C:\Users\sjeon\Documents\workspace-spring-tool-suite-4-4.8.1.RELEASE\fileUpload\bin\main started by sjeon in C:\Users\sjeon\Documents\workspace-spring-tool-suite-4-4.8.1.RELEASE\fileUpload) 
20210122 10:12:20.474 [restartedMain] INFO c.e.u.FileUploadApplication -
				No active profile set, falling back to default profiles: default 
20210122 10:12:23.200 [restartedMain] INFO c.e.u.FileUploadApplication -
				Started FileUploadApplication in 2.755 seconds (JVM running for 569.216) 
20210122 10:12:49.055 [restartedMain] INFO c.e.u.FileUploadApplication -
				Starting FileUploadApplication using Java 15 on LAPTOP-OGKDVBPP with PID 12560 (C:\Users\sjeon\Documents\workspace-spring-tool-suite-4-4.8.1.RELEASE\fileUpload\bin\main started by sjeon in C:\Users\sjeon\Documents\workspace-spring-tool-suite-4-4.8.1.RELEASE\fileUpload) 
20210122 10:12:49.055 [restartedMain] INFO c.e.u.FileUploadApplication -
				No active profile set, falling back to default profiles: default 
20210122 10:12:51.633 [restartedMain] INFO c.e.u.FileUploadApplication -
				Started FileUploadApplication in 2.601 seconds (JVM running for 597.65) 
20210122 10:13:21.613 [restartedMain] INFO c.e.u.FileUploadApplication -
				Starting FileUploadApplication using Java 15 on LAPTOP-OGKDVBPP with PID 12560 (C:\Users\sjeon\Documents\workspace-spring-tool-suite-4-4.8.1.RELEASE\fileUpload\bin\main started by sjeon in C:\Users\sjeon\Documents\workspace-spring-tool-suite-4-4.8.1.RELEASE\fileUpload) 
20210122 10:13:21.613 [restartedMain] INFO c.e.u.FileUploadApplication -
				No active profile set, falling back to default profiles: default 
20210122 10:13:24.953 [restartedMain] INFO c.e.u.FileUploadApplication -
				Started FileUploadApplication in 3.366 seconds (JVM running for 630.97) 
20210122 10:13:26.492 [restartedMain] INFO c.e.u.FileUploadApplication -
				Starting FileUploadApplication using Java 15 on LAPTOP-OGKDVBPP with PID 12560 (C:\Users\sjeon\Documents\workspace-spring-tool-suite-4-4.8.1.RELEASE\fileUpload\bin\main started by sjeon in C:\Users\sjeon\Documents\workspace-spring-tool-suite-4-4.8.1.RELEASE\fileUpload) 
20210122 10:13:26.492 [restartedMain] INFO c.e.u.FileUploadApplication -
				No active profile set, falling back to default profiles: default 
20210122 10:13:29.257 [restartedMain] INFO c.e.u.FileUploadApplication -
				Started FileUploadApplication in 2.8 seconds (JVM running for 635.273) 
20210122 10:13:30.808 [restartedMain] INFO c.e.u.FileUploadApplication -
				Starting FileUploadApplication using Java 15 on LAPTOP-OGKDVBPP with PID 12560 (C:\Users\sjeon\Documents\workspace-spring-tool-suite-4-4.8.1.RELEASE\fileUpload\bin\main started by sjeon in C:\Users\sjeon\Documents\workspace-spring-tool-suite-4-4.8.1.RELEASE\fileUpload) 
20210122 10:13:30.809 [restartedMain] INFO c.e.u.FileUploadApplication -
				No active profile set, falling back to default profiles: default 
20210122 10:13:33.376 [restartedMain] INFO c.e.u.FileUploadApplication -
				Started FileUploadApplication in 2.592 seconds (JVM running for 639.392) 
20210122 10:13:34.894 [restartedMain] INFO c.e.u.FileUploadApplication -
				Starting FileUploadApplication using Java 15 on LAPTOP-OGKDVBPP with PID 12560 (C:\Users\sjeon\Documents\workspace-spring-tool-suite-4-4.8.1.RELEASE\fileUpload\bin\main started by sjeon in C:\Users\sjeon\Documents\workspace-spring-tool-suite-4-4.8.1.RELEASE\fileUpload) 
20210122 10:13:34.894 [restartedMain] INFO c.e.u.FileUploadApplication -
				No active profile set, falling back to default profiles: default 
20210122 10:13:37.413 [restartedMain] INFO c.e.u.FileUploadApplication -
				Started FileUploadApplication in 2.553 seconds (JVM running for 643.43) 
20210122 10:13:59.254 [restartedMain] INFO c.e.u.FileUploadApplication -
				Starting FileUploadApplication using Java 15 on LAPTOP-OGKDVBPP with PID 12560 (C:\Users\sjeon\Documents\workspace-spring-tool-suite-4-4.8.1.RELEASE\fileUpload\bin\main started by sjeon in C:\Users\sjeon\Documents\workspace-spring-tool-suite-4-4.8.1.RELEASE\fileUpload) 
20210122 10:13:59.254 [restartedMain] INFO c.e.u.FileUploadApplication -
				No active profile set, falling back to default profiles: default 
20210122 10:14:02.361 [restartedMain] INFO c.e.u.FileUploadApplication -
				Started FileUploadApplication in 3.137 seconds (JVM running for 668.378) 
20210122 10:14:12.038 [restartedMain] INFO c.e.u.FileUploadApplication -
				Starting FileUploadApplication using Java 15 on LAPTOP-OGKDVBPP with PID 12560 (C:\Users\sjeon\Documents\workspace-spring-tool-suite-4-4.8.1.RELEASE\fileUpload\bin\main started by sjeon in C:\Users\sjeon\Documents\workspace-spring-tool-suite-4-4.8.1.RELEASE\fileUpload) 
20210122 10:14:12.039 [restartedMain] INFO c.e.u.FileUploadApplication -
				No active profile set, falling back to default profiles: default 
20210122 10:14:14.776 [restartedMain] INFO c.e.u.FileUploadApplication -
				Started FileUploadApplication in 2.763 seconds (JVM running for 680.792) 
20210122 10:14:25.450 [restartedMain] INFO c.e.u.FileUploadApplication -
				Starting FileUploadApplication using Java 15 on LAPTOP-OGKDVBPP with PID 12560 (C:\Users\sjeon\Documents\workspace-spring-tool-suite-4-4.8.1.RELEASE\fileUpload\bin\main started by sjeon in C:\Users\sjeon\Documents\workspace-spring-tool-suite-4-4.8.1.RELEASE\fileUpload) 
20210122 10:14:25.450 [restartedMain] INFO c.e.u.FileUploadApplication -
				No active profile set, falling back to default profiles: default 
20210122 10:14:28.017 [restartedMain] INFO c.e.u.FileUploadApplication -
				Started FileUploadApplication in 2.608 seconds (JVM running for 694.033) 
20210122 10:15:01.982 [restartedMain] INFO c.e.u.FileUploadApplication -
				Starting FileUploadApplication using Java 15 on LAPTOP-OGKDVBPP with PID 12560 (C:\Users\sjeon\Documents\workspace-spring-tool-suite-4-4.8.1.RELEASE\fileUpload\bin\main started by sjeon in C:\Users\sjeon\Documents\workspace-spring-tool-suite-4-4.8.1.RELEASE\fileUpload) 
20210122 10:15:01.983 [restartedMain] INFO c.e.u.FileUploadApplication -
				No active profile set, falling back to default profiles: default 
20210122 10:15:04.554 [restartedMain] INFO c.e.u.FileUploadApplication -
				Started FileUploadApplication in 2.596 seconds (JVM running for 730.57) 
20210122 10:15:20.294 [restartedMain] INFO c.e.u.FileUploadApplication -
				Starting FileUploadApplication using Java 15 on LAPTOP-OGKDVBPP with PID 12560 (C:\Users\sjeon\Documents\workspace-spring-tool-suite-4-4.8.1.RELEASE\fileUpload\bin\main started by sjeon in C:\Users\sjeon\Documents\workspace-spring-tool-suite-4-4.8.1.RELEASE\fileUpload) 
20210122 10:15:20.295 [restartedMain] INFO c.e.u.FileUploadApplication -
				No active profile set, falling back to default profiles: default 
20210122 10:15:22.868 [restartedMain] INFO c.e.u.FileUploadApplication -
				Started FileUploadApplication in 2.6 seconds (JVM running for 748.885) 
20210122 10:15:32.503 [restartedMain] INFO c.e.u.FileUploadApplication -
				Starting FileUploadApplication using Java 15 on LAPTOP-OGKDVBPP with PID 12560 (C:\Users\sjeon\Documents\workspace-spring-tool-suite-4-4.8.1.RELEASE\fileUpload\bin\main started by sjeon in C:\Users\sjeon\Documents\workspace-spring-tool-suite-4-4.8.1.RELEASE\fileUpload) 
20210122 10:15:32.503 [restartedMain] INFO c.e.u.FileUploadApplication -
				No active profile set, falling back to default profiles: default 
20210122 10:15:35.384 [restartedMain] INFO c.e.u.FileUploadApplication -
				Started FileUploadApplication in 2.902 seconds (JVM running for 761.4) 
20210122 10:15:39.953 [restartedMain] INFO c.e.u.FileUploadApplication -
				Starting FileUploadApplication using Java 15 on LAPTOP-OGKDVBPP with PID 12560 (C:\Users\sjeon\Documents\workspace-spring-tool-suite-4-4.8.1.RELEASE\fileUpload\bin\main started by sjeon in C:\Users\sjeon\Documents\workspace-spring-tool-suite-4-4.8.1.RELEASE\fileUpload) 
20210122 10:15:39.953 [restartedMain] INFO c.e.u.FileUploadApplication -
				No active profile set, falling back to default profiles: default 
20210122 10:15:42.428 [restartedMain] INFO c.e.u.FileUploadApplication -
				Started FileUploadApplication in 2.51 seconds (JVM running for 768.445) 
20210122 10:15:48.015 [restartedMain] INFO c.e.u.FileUploadApplication -
				Starting FileUploadApplication using Java 15 on LAPTOP-OGKDVBPP with PID 12560 (C:\Users\sjeon\Documents\workspace-spring-tool-suite-4-4.8.1.RELEASE\fileUpload\bin\main started by sjeon in C:\Users\sjeon\Documents\workspace-spring-tool-suite-4-4.8.1.RELEASE\fileUpload) 
20210122 10:15:48.015 [restartedMain] INFO c.e.u.FileUploadApplication -
				No active profile set, falling back to default profiles: default 
20210122 10:15:50.661 [restartedMain] INFO c.e.u.FileUploadApplication -
				Started FileUploadApplication in 2.668 seconds (JVM running for 776.677) 
20210122 10:16:38.803 [restartedMain] INFO c.e.u.FileUploadApplication -
				Starting FileUploadApplication using Java 15 on LAPTOP-OGKDVBPP with PID 12560 (C:\Users\sjeon\Documents\workspace-spring-tool-suite-4-4.8.1.RELEASE\fileUpload\bin\main started by sjeon in C:\Users\sjeon\Documents\workspace-spring-tool-suite-4-4.8.1.RELEASE\fileUpload) 
20210122 10:16:38.803 [restartedMain] INFO c.e.u.FileUploadApplication -
				No active profile set, falling back to default profiles: default 
20210122 10:16:41.591 [restartedMain] INFO c.e.u.FileUploadApplication -
				Started FileUploadApplication in 2.814 seconds (JVM running for 827.608) 
20210122 10:16:44.167 [restartedMain] INFO c.e.u.FileUploadApplication -
				Starting FileUploadApplication using Java 15 on LAPTOP-OGKDVBPP with PID 12560 (C:\Users\sjeon\Documents\workspace-spring-tool-suite-4-4.8.1.RELEASE\fileUpload\bin\main started by sjeon in C:\Users\sjeon\Documents\workspace-spring-tool-suite-4-4.8.1.RELEASE\fileUpload) 
20210122 10:16:44.168 [restartedMain] INFO c.e.u.FileUploadApplication -
				No active profile set, falling back to default profiles: default 
20210122 10:21:46.489 [restartedMain] INFO c.e.u.FileUploadApplication -
				Starting FileUploadApplication using Java 15 on LAPTOP-OGKDVBPP with PID 5204 (C:\Users\sjeon\Documents\workspace-spring-tool-suite-4-4.8.1.RELEASE\fileUpload\bin\main started by sjeon in C:\Users\sjeon\Documents\workspace-spring-tool-suite-4-4.8.1.RELEASE\fileUpload) 
20210122 10:21:46.491 [restartedMain] INFO c.e.u.FileUploadApplication -
				No active profile set, falling back to default profiles: default 
20210122 10:21:52.188 [restartedMain] INFO c.e.u.FileUploadApplication -
				Started FileUploadApplication in 6.103 seconds (JVM running for 6.956) 
20210122 10:24:09.015 [restartedMain] INFO c.e.u.FileUploadApplication -
				Starting FileUploadApplication using Java 15 on LAPTOP-OGKDVBPP with PID 5204 (C:\Users\sjeon\Documents\workspace-spring-tool-suite-4-4.8.1.RELEASE\fileUpload\bin\main started by sjeon in C:\Users\sjeon\Documents\workspace-spring-tool-suite-4-4.8.1.RELEASE\fileUpload) 
20210122 10:24:09.015 [restartedMain] INFO c.e.u.FileUploadApplication -
				No active profile set, falling back to default profiles: default 
20210122 10:24:11.909 [restartedMain] INFO c.e.u.FileUploadApplication -
				Started FileUploadApplication in 2.927 seconds (JVM running for 146.676) 
20210122 10:25:28.465 [restartedMain] INFO c.e.u.FileUploadApplication -
				Starting FileUploadApplication using Java 15 on LAPTOP-OGKDVBPP with PID 5204 (C:\Users\sjeon\Documents\workspace-spring-tool-suite-4-4.8.1.RELEASE\fileUpload\bin\main started by sjeon in C:\Users\sjeon\Documents\workspace-spring-tool-suite-4-4.8.1.RELEASE\fileUpload) 
20210122 10:25:28.465 [restartedMain] INFO c.e.u.FileUploadApplication -
				No active profile set, falling back to default profiles: default 
20210122 10:25:31.114 [restartedMain] INFO c.e.u.FileUploadApplication -
				Started FileUploadApplication in 2.678 seconds (JVM running for 225.882) 
20210122 10:25:47.813 [restartedMain] INFO c.e.u.FileUploadApplication -
				Starting FileUploadApplication using Java 15 on LAPTOP-OGKDVBPP with PID 5204 (C:\Users\sjeon\Documents\workspace-spring-tool-suite-4-4.8.1.RELEASE\fileUpload\bin\main started by sjeon in C:\Users\sjeon\Documents\workspace-spring-tool-suite-4-4.8.1.RELEASE\fileUpload) 
20210122 10:25:47.813 [restartedMain] INFO c.e.u.FileUploadApplication -
				No active profile set, falling back to default profiles: default 
20210122 10:25:50.388 [restartedMain] INFO c.e.u.FileUploadApplication -
				Started FileUploadApplication in 2.604 seconds (JVM running for 245.155) 
20210122 10:26:34.538 [restartedMain] INFO c.e.u.FileUploadApplication -
				Starting FileUploadApplication using Java 15 on LAPTOP-OGKDVBPP with PID 5204 (C:\Users\sjeon\Documents\workspace-spring-tool-suite-4-4.8.1.RELEASE\fileUpload\bin\main started by sjeon in C:\Users\sjeon\Documents\workspace-spring-tool-suite-4-4.8.1.RELEASE\fileUpload) 
20210122 10:26:34.539 [restartedMain] INFO c.e.u.FileUploadApplication -
				No active profile set, falling back to default profiles: default 
20210122 10:26:40.379 [restartedMain] INFO c.e.u.FileUploadApplication -
				Starting FileUploadApplication using Java 15 on LAPTOP-OGKDVBPP with PID 5204 (C:\Users\sjeon\Documents\workspace-spring-tool-suite-4-4.8.1.RELEASE\fileUpload\bin\main started by sjeon in C:\Users\sjeon\Documents\workspace-spring-tool-suite-4-4.8.1.RELEASE\fileUpload) 
20210122 10:26:40.380 [restartedMain] INFO c.e.u.FileUploadApplication -
				No active profile set, falling back to default profiles: default 
20210122 10:26:42.948 [restartedMain] INFO c.e.u.FileUploadApplication -
				Started FileUploadApplication in 2.591 seconds (JVM running for 297.716) 
20210122 10:26:49.568 [restartedMain] INFO c.e.u.FileUploadApplication -
				Starting FileUploadApplication using Java 15 on LAPTOP-OGKDVBPP with PID 5204 (C:\Users\sjeon\Documents\workspace-spring-tool-suite-4-4.8.1.RELEASE\fileUpload\bin\main started by sjeon in C:\Users\sjeon\Documents\workspace-spring-tool-suite-4-4.8.1.RELEASE\fileUpload) 
20210122 10:26:49.568 [restartedMain] INFO c.e.u.FileUploadApplication -
				No active profile set, falling back to default profiles: default 
20210122 10:26:52.403 [restartedMain] INFO c.e.u.FileUploadApplication -
				Started FileUploadApplication in 2.861 seconds (JVM running for 307.17) 
20210122 10:27:33.537 [restartedMain] INFO c.e.u.FileUploadApplication -
				Starting FileUploadApplication using Java 15 on LAPTOP-OGKDVBPP with PID 5204 (C:\Users\sjeon\Documents\workspace-spring-tool-suite-4-4.8.1.RELEASE\fileUpload\bin\main started by sjeon in C:\Users\sjeon\Documents\workspace-spring-tool-suite-4-4.8.1.RELEASE\fileUpload) 
20210122 10:27:33.537 [restartedMain] INFO c.e.u.FileUploadApplication -
				No active profile set, falling back to default profiles: default 
20210122 10:27:36.513 [restartedMain] INFO c.e.u.FileUploadApplication -
				Started FileUploadApplication in 3.003 seconds (JVM running for 351.28) 
20210122 10:28:00.434 [restartedMain] INFO c.e.u.FileUploadApplication -
				Starting FileUploadApplication using Java 15 on LAPTOP-OGKDVBPP with PID 5204 (C:\Users\sjeon\Documents\workspace-spring-tool-suite-4-4.8.1.RELEASE\fileUpload\bin\main started by sjeon in C:\Users\sjeon\Documents\workspace-spring-tool-suite-4-4.8.1.RELEASE\fileUpload) 
20210122 10:28:00.435 [restartedMain] INFO c.e.u.FileUploadApplication -
				No active profile set, falling back to default profiles: default 
20210122 10:28:25.226 [restartedMain] INFO c.e.u.FileUploadApplication -
				Starting FileUploadApplication using Java 15 on LAPTOP-OGKDVBPP with PID 5204 (C:\Users\sjeon\Documents\workspace-spring-tool-suite-4-4.8.1.RELEASE\fileUpload\bin\main started by sjeon in C:\Users\sjeon\Documents\workspace-spring-tool-suite-4-4.8.1.RELEASE\fileUpload) 
20210122 10:28:25.227 [restartedMain] INFO c.e.u.FileUploadApplication -
				No active profile set, falling back to default profiles: default 
20210122 10:28:49.038 [restartedMain] INFO c.e.u.FileUploadApplication -
				Starting FileUploadApplication using Java 15 on LAPTOP-OGKDVBPP with PID 5204 (C:\Users\sjeon\Documents\workspace-spring-tool-suite-4-4.8.1.RELEASE\fileUpload\bin\main started by sjeon in C:\Users\sjeon\Documents\workspace-spring-tool-suite-4-4.8.1.RELEASE\fileUpload) 
20210122 10:28:49.038 [restartedMain] INFO c.e.u.FileUploadApplication -
				No active profile set, falling back to default profiles: default 
20210122 10:28:51.827 [restartedMain] INFO c.e.u.FileUploadApplication -
				Started FileUploadApplication in 2.816 seconds (JVM running for 426.595) 
20210122 10:29:31.968 [restartedMain] INFO c.e.u.FileUploadApplication -
				Starting FileUploadApplication using Java 15 on LAPTOP-OGKDVBPP with PID 5204 (C:\Users\sjeon\Documents\workspace-spring-tool-suite-4-4.8.1.RELEASE\fileUpload\bin\main started by sjeon in C:\Users\sjeon\Documents\workspace-spring-tool-suite-4-4.8.1.RELEASE\fileUpload) 
20210122 10:29:31.968 [restartedMain] INFO c.e.u.FileUploadApplication -
				No active profile set, falling back to default profiles: default 
20210122 10:29:37.690 [restartedMain] INFO c.e.u.FileUploadApplication -
				Starting FileUploadApplication using Java 15 on LAPTOP-OGKDVBPP with PID 5204 (C:\Users\sjeon\Documents\workspace-spring-tool-suite-4-4.8.1.RELEASE\fileUpload\bin\main started by sjeon in C:\Users\sjeon\Documents\workspace-spring-tool-suite-4-4.8.1.RELEASE\fileUpload) 
20210122 10:29:37.690 [restartedMain] INFO c.e.u.FileUploadApplication -
				No active profile set, falling back to default profiles: default 
20210122 10:30:19.297 [restartedMain] INFO c.e.u.FileUploadApplication -
				Starting FileUploadApplication using Java 15 on LAPTOP-OGKDVBPP with PID 5204 (C:\Users\sjeon\Documents\workspace-spring-tool-suite-4-4.8.1.RELEASE\fileUpload\bin\main started by sjeon in C:\Users\sjeon\Documents\workspace-spring-tool-suite-4-4.8.1.RELEASE\fileUpload) 
20210122 10:30:19.298 [restartedMain] INFO c.e.u.FileUploadApplication -
				No active profile set, falling back to default profiles: default 
20210122 10:30:21.841 [restartedMain] INFO c.e.u.FileUploadApplication -
				Started FileUploadApplication in 2.567 seconds (JVM running for 516.609) 
20210122 10:30:38.595 [restartedMain] INFO c.e.u.FileUploadApplication -
				Starting FileUploadApplication using Java 15 on LAPTOP-OGKDVBPP with PID 5204 (C:\Users\sjeon\Documents\workspace-spring-tool-suite-4-4.8.1.RELEASE\fileUpload\bin\main started by sjeon in C:\Users\sjeon\Documents\workspace-spring-tool-suite-4-4.8.1.RELEASE\fileUpload) 
20210122 10:30:38.595 [restartedMain] INFO c.e.u.FileUploadApplication -
				No active profile set, falling back to default profiles: default 
20210122 10:30:41.179 [restartedMain] INFO c.e.u.FileUploadApplication -
				Started FileUploadApplication in 2.61 seconds (JVM running for 535.947) 
20210122 10:31:09.166 [restartedMain] INFO c.e.u.FileUploadApplication -
				Starting FileUploadApplication using Java 15 on LAPTOP-OGKDVBPP with PID 23208 (C:\Users\sjeon\Documents\workspace-spring-tool-suite-4-4.8.1.RELEASE\fileUpload\bin\main started by sjeon in C:\Users\sjeon\Documents\workspace-spring-tool-suite-4-4.8.1.RELEASE\fileUpload) 
20210122 10:31:09.169 [restartedMain] INFO c.e.u.FileUploadApplication -
				No active profile set, falling back to default profiles: default 
20210122 10:31:14.914 [restartedMain] INFO c.e.u.FileUploadApplication -
				Started FileUploadApplication in 6.127 seconds (JVM running for 6.983) 
20210122 10:31:53.980 [restartedMain] INFO c.e.u.FileUploadApplication -
				Starting FileUploadApplication using Java 15 on LAPTOP-OGKDVBPP with PID 23208 (C:\Users\sjeon\Documents\workspace-spring-tool-suite-4-4.8.1.RELEASE\fileUpload\bin\main started by sjeon in C:\Users\sjeon\Documents\workspace-spring-tool-suite-4-4.8.1.RELEASE\fileUpload) 
20210122 10:31:53.980 [restartedMain] INFO c.e.u.FileUploadApplication -
				No active profile set, falling back to default profiles: default 
20210122 10:31:56.592 [restartedMain] INFO c.e.u.FileUploadApplication -
				Started FileUploadApplication in 2.644 seconds (JVM running for 48.661) 
20210122 10:32:01.166 [restartedMain] INFO c.e.u.FileUploadApplication -
				Starting FileUploadApplication using Java 15 on LAPTOP-OGKDVBPP with PID 23208 (C:\Users\sjeon\Documents\workspace-spring-tool-suite-4-4.8.1.RELEASE\fileUpload\bin\main started by sjeon in C:\Users\sjeon\Documents\workspace-spring-tool-suite-4-4.8.1.RELEASE\fileUpload) 
20210122 10:32:01.166 [restartedMain] INFO c.e.u.FileUploadApplication -
				No active profile set, falling back to default profiles: default 
20210122 10:32:03.791 [restartedMain] INFO c.e.u.FileUploadApplication -
				Started FileUploadApplication in 2.652 seconds (JVM running for 55.86) 
20210122 10:32:21.585 [restartedMain] INFO c.e.u.FileUploadApplication -
				Starting FileUploadApplication using Java 15 on LAPTOP-OGKDVBPP with PID 23208 (C:\Users\sjeon\Documents\workspace-spring-tool-suite-4-4.8.1.RELEASE\fileUpload\bin\main started by sjeon in C:\Users\sjeon\Documents\workspace-spring-tool-suite-4-4.8.1.RELEASE\fileUpload) 
20210122 10:32:21.586 [restartedMain] INFO c.e.u.FileUploadApplication -
				No active profile set, falling back to default profiles: default 
20210122 10:32:24.146 [restartedMain] INFO c.e.u.FileUploadApplication -
				Started FileUploadApplication in 2.59 seconds (JVM running for 76.215) 
20210122 10:32:39.867 [restartedMain] INFO c.e.u.FileUploadApplication -
				Starting FileUploadApplication using Java 15 on LAPTOP-OGKDVBPP with PID 23208 (C:\Users\sjeon\Documents\workspace-spring-tool-suite-4-4.8.1.RELEASE\fileUpload\bin\main started by sjeon in C:\Users\sjeon\Documents\workspace-spring-tool-suite-4-4.8.1.RELEASE\fileUpload) 
20210122 10:32:39.868 [restartedMain] INFO c.e.u.FileUploadApplication -
				No active profile set, falling back to default profiles: default 
20210122 10:32:42.560 [restartedMain] INFO c.e.u.FileUploadApplication -
				Started FileUploadApplication in 2.731 seconds (JVM running for 94.628) 
20210122 10:37:05.498 [restartedMain] INFO c.e.u.FileUploadApplication -
				Starting FileUploadApplication using Java 15 on LAPTOP-OGKDVBPP with PID 1992 (C:\Users\sjeon\Documents\workspace-spring-tool-suite-4-4.8.1.RELEASE\fileUpload\bin\main started by sjeon in C:\Users\sjeon\Documents\workspace-spring-tool-suite-4-4.8.1.RELEASE\fileUpload) 
20210122 10:37:05.500 [restartedMain] INFO c.e.u.FileUploadApplication -
				No active profile set, falling back to default profiles: default 
20210122 10:37:11.240 [restartedMain] INFO c.e.u.FileUploadApplication -
				Started FileUploadApplication in 6.161 seconds (JVM running for 7.094) 
20210122 10:39:24.660 [restartedMain] INFO c.e.u.FileUploadApplication -
				Starting FileUploadApplication using Java 15 on LAPTOP-OGKDVBPP with PID 9460 (C:\Users\sjeon\Documents\workspace-spring-tool-suite-4-4.8.1.RELEASE\fileUpload\bin\main started by sjeon in C:\Users\sjeon\Documents\workspace-spring-tool-suite-4-4.8.1.RELEASE\fileUpload) 
20210122 10:39:24.662 [restartedMain] INFO c.e.u.FileUploadApplication -
				No active profile set, falling back to default profiles: default 
20210122 10:39:30.359 [restartedMain] INFO c.e.u.FileUploadApplication -
				Started FileUploadApplication in 6.1 seconds (JVM running for 7.211) 
20210122 10:39:51.167 [restartedMain] INFO c.e.u.FileUploadApplication -
				Starting FileUploadApplication using Java 15 on LAPTOP-OGKDVBPP with PID 9460 (C:\Users\sjeon\Documents\workspace-spring-tool-suite-4-4.8.1.RELEASE\fileUpload\bin\main started by sjeon in C:\Users\sjeon\Documents\workspace-spring-tool-suite-4-4.8.1.RELEASE\fileUpload) 
20210122 10:39:51.168 [restartedMain] INFO c.e.u.FileUploadApplication -
				No active profile set, falling back to default profiles: default 
20210122 10:39:53.791 [restartedMain] INFO c.e.u.FileUploadApplication -
				Started FileUploadApplication in 2.656 seconds (JVM running for 30.643) 
20210122 10:40:37.320 [restartedMain] INFO c.e.u.FileUploadApplication -
				Starting FileUploadApplication using Java 15 on LAPTOP-OGKDVBPP with PID 9460 (C:\Users\sjeon\Documents\workspace-spring-tool-suite-4-4.8.1.RELEASE\fileUpload\bin\main started by sjeon in C:\Users\sjeon\Documents\workspace-spring-tool-suite-4-4.8.1.RELEASE\fileUpload) 
20210122 10:40:37.321 [restartedMain] INFO c.e.u.FileUploadApplication -
				No active profile set, falling back to default profiles: default 
20210122 10:40:40.020 [restartedMain] INFO c.e.u.FileUploadApplication -
				Started FileUploadApplication in 2.733 seconds (JVM running for 76.871) 
20210122 10:41:08.813 [restartedMain] INFO c.e.u.FileUploadApplication -
				Starting FileUploadApplication using Java 15 on LAPTOP-OGKDVBPP with PID 9460 (C:\Users\sjeon\Documents\workspace-spring-tool-suite-4-4.8.1.RELEASE\fileUpload\bin\main started by sjeon in C:\Users\sjeon\Documents\workspace-spring-tool-suite-4-4.8.1.RELEASE\fileUpload) 
20210122 10:41:08.814 [restartedMain] INFO c.e.u.FileUploadApplication -
				No active profile set, falling back to default profiles: default 
20210122 10:41:21.805 [restartedMain] INFO c.e.u.FileUploadApplication -
				Starting FileUploadApplication using Java 15 on LAPTOP-OGKDVBPP with PID 9460 (C:\Users\sjeon\Documents\workspace-spring-tool-suite-4-4.8.1.RELEASE\fileUpload\bin\main started by sjeon in C:\Users\sjeon\Documents\workspace-spring-tool-suite-4-4.8.1.RELEASE\fileUpload) 
20210122 10:41:21.806 [restartedMain] INFO c.e.u.FileUploadApplication -
				No active profile set, falling back to default profiles: default 
20210122 10:41:24.329 [restartedMain] INFO c.e.u.FileUploadApplication -
				Started FileUploadApplication in 2.544 seconds (JVM running for 121.18) 
20210122 11:28:31.796 [restartedMain] INFO c.e.u.FileUploadApplication -
				Starting FileUploadApplication using Java 15 on LAPTOP-OGKDVBPP with PID 9460 (C:\Users\sjeon\Documents\workspace-spring-tool-suite-4-4.8.1.RELEASE\fileUpload\bin\main started by sjeon in C:\Users\sjeon\Documents\workspace-spring-tool-suite-4-4.8.1.RELEASE\fileUpload) 
20210122 11:28:31.796 [restartedMain] INFO c.e.u.FileUploadApplication -
				No active profile set, falling back to default profiles: default 
20210122 11:28:35.408 [restartedMain] INFO c.e.u.FileUploadApplication -
				Started FileUploadApplication in 3.671 seconds (JVM running for 2950.969) 
20210122 11:30:04.196 [restartedMain] INFO c.e.u.FileUploadApplication -
				Starting FileUploadApplication using Java 15 on LAPTOP-OGKDVBPP with PID 9460 (C:\Users\sjeon\Documents\workspace-spring-tool-suite-4-4.8.1.RELEASE\fileUpload\bin\main started by sjeon in C:\Users\sjeon\Documents\workspace-spring-tool-suite-4-4.8.1.RELEASE\fileUpload) 
20210122 11:30:04.197 [restartedMain] INFO c.e.u.FileUploadApplication -
				No active profile set, falling back to default profiles: default 
20210122 11:30:27.161 [restartedMain] INFO c.e.u.FileUploadApplication -
				Starting FileUploadApplication using Java 15 on LAPTOP-OGKDVBPP with PID 9460 (C:\Users\sjeon\Documents\workspace-spring-tool-suite-4-4.8.1.RELEASE\fileUpload\bin\main started by sjeon in C:\Users\sjeon\Documents\workspace-spring-tool-suite-4-4.8.1.RELEASE\fileUpload) 
20210122 11:30:27.161 [restartedMain] INFO c.e.u.FileUploadApplication -
				No active profile set, falling back to default profiles: default 
20210122 11:30:37.927 [restartedMain] INFO c.e.u.FileUploadApplication -
				Starting FileUploadApplication using Java 15 on LAPTOP-OGKDVBPP with PID 9460 (C:\Users\sjeon\Documents\workspace-spring-tool-suite-4-4.8.1.RELEASE\fileUpload\bin\main started by sjeon in C:\Users\sjeon\Documents\workspace-spring-tool-suite-4-4.8.1.RELEASE\fileUpload) 
20210122 11:30:37.927 [restartedMain] INFO c.e.u.FileUploadApplication -
				No active profile set, falling back to default profiles: default 
20210122 11:30:40.472 [restartedMain] INFO c.e.u.FileUploadApplication -
				Started FileUploadApplication in 2.57 seconds (JVM running for 3076.032) 
20210122 11:31:40.845 [restartedMain] INFO c.e.u.FileUploadApplication -
				Starting FileUploadApplication using Java 15 on LAPTOP-OGKDVBPP with PID 9460 (C:\Users\sjeon\Documents\workspace-spring-tool-suite-4-4.8.1.RELEASE\fileUpload\bin\main started by sjeon in C:\Users\sjeon\Documents\workspace-spring-tool-suite-4-4.8.1.RELEASE\fileUpload) 
20210122 11:31:40.845 [restartedMain] INFO c.e.u.FileUploadApplication -
				No active profile set, falling back to default profiles: default 
20210122 11:31:43.415 [restartedMain] INFO c.e.u.FileUploadApplication -
				Started FileUploadApplication in 2.598 seconds (JVM running for 3138.976) 
20210122 11:44:12.036 [restartedMain] INFO c.e.u.FileUploadApplication -
				Starting FileUploadApplication using Java 15 on LAPTOP-OGKDVBPP with PID 9460 (C:\Users\sjeon\Documents\workspace-spring-tool-suite-4-4.8.1.RELEASE\fileUpload\bin\main started by sjeon in C:\Users\sjeon\Documents\workspace-spring-tool-suite-4-4.8.1.RELEASE\fileUpload) 
20210122 11:44:12.036 [restartedMain] INFO c.e.u.FileUploadApplication -
				No active profile set, falling back to default profiles: default 
20210122 11:44:14.664 [restartedMain] INFO c.e.u.FileUploadApplication -
				Started FileUploadApplication in 2.657 seconds (JVM running for 3890.225) 
20210122 11:44:26.323 [restartedMain] INFO c.e.u.FileUploadApplication -
				Starting FileUploadApplication using Java 15 on LAPTOP-OGKDVBPP with PID 9460 (C:\Users\sjeon\Documents\workspace-spring-tool-suite-4-4.8.1.RELEASE\fileUpload\bin\main started by sjeon in C:\Users\sjeon\Documents\workspace-spring-tool-suite-4-4.8.1.RELEASE\fileUpload) 
20210122 11:44:26.323 [restartedMain] INFO c.e.u.FileUploadApplication -
				No active profile set, falling back to default profiles: default 
20210122 11:44:28.861 [restartedMain] INFO c.e.u.FileUploadApplication -
				Started FileUploadApplication in 2.564 seconds (JVM running for 3904.422) 
20210122 11:44:58.764 [restartedMain] INFO c.e.u.FileUploadApplication -
				Starting FileUploadApplication using Java 15 on LAPTOP-OGKDVBPP with PID 9460 (C:\Users\sjeon\Documents\workspace-spring-tool-suite-4-4.8.1.RELEASE\fileUpload\bin\main started by sjeon in C:\Users\sjeon\Documents\workspace-spring-tool-suite-4-4.8.1.RELEASE\fileUpload) 
20210122 11:44:58.764 [restartedMain] INFO c.e.u.FileUploadApplication -
				No active profile set, falling back to default profiles: default 
20210122 11:45:01.428 [restartedMain] INFO c.e.u.FileUploadApplication -
				Started FileUploadApplication in 2.691 seconds (JVM running for 3936.989) 
20210122 11:45:05.993 [restartedMain] INFO c.e.u.FileUploadApplication -
				Starting FileUploadApplication using Java 15 on LAPTOP-OGKDVBPP with PID 9460 (C:\Users\sjeon\Documents\workspace-spring-tool-suite-4-4.8.1.RELEASE\fileUpload\bin\main started by sjeon in C:\Users\sjeon\Documents\workspace-spring-tool-suite-4-4.8.1.RELEASE\fileUpload) 
20210122 11:45:05.994 [restartedMain] INFO c.e.u.FileUploadApplication -
				No active profile set, falling back to default profiles: default 
20210122 11:45:08.474 [restartedMain] INFO c.e.u.FileUploadApplication -
				Started FileUploadApplication in 2.507 seconds (JVM running for 3944.035) 
20210122 11:45:17.084 [restartedMain] INFO c.e.u.FileUploadApplication -
				Starting FileUploadApplication using Java 15 on LAPTOP-OGKDVBPP with PID 9460 (C:\Users\sjeon\Documents\workspace-spring-tool-suite-4-4.8.1.RELEASE\fileUpload\bin\main started by sjeon in C:\Users\sjeon\Documents\workspace-spring-tool-suite-4-4.8.1.RELEASE\fileUpload) 
20210122 11:45:17.084 [restartedMain] INFO c.e.u.FileUploadApplication -
				No active profile set, falling back to default profiles: default 
20210122 11:45:19.778 [restartedMain] INFO c.e.u.FileUploadApplication -
				Started FileUploadApplication in 2.72 seconds (JVM running for 3955.339) 
20210122 11:45:52.713 [restartedMain] INFO c.e.u.FileUploadApplication -
				Starting FileUploadApplication using Java 15 on LAPTOP-OGKDVBPP with PID 9460 (C:\Users\sjeon\Documents\workspace-spring-tool-suite-4-4.8.1.RELEASE\fileUpload\bin\main started by sjeon in C:\Users\sjeon\Documents\workspace-spring-tool-suite-4-4.8.1.RELEASE\fileUpload) 
20210122 11:45:52.713 [restartedMain] INFO c.e.u.FileUploadApplication -
				No active profile set, falling back to default profiles: default 
20210122 11:45:55.333 [restartedMain] INFO c.e.u.FileUploadApplication -
				Started FileUploadApplication in 2.646 seconds (JVM running for 3990.894) 
20210122 11:45:56.862 [restartedMain] INFO c.e.u.FileUploadApplication -
				Starting FileUploadApplication using Java 15 on LAPTOP-OGKDVBPP with PID 9460 (C:\Users\sjeon\Documents\workspace-spring-tool-suite-4-4.8.1.RELEASE\fileUpload\bin\main started by sjeon in C:\Users\sjeon\Documents\workspace-spring-tool-suite-4-4.8.1.RELEASE\fileUpload) 
20210122 11:45:56.862 [restartedMain] INFO c.e.u.FileUploadApplication -
				No active profile set, falling back to default profiles: default 
20210122 11:45:59.347 [restartedMain] INFO c.e.u.FileUploadApplication -
				Started FileUploadApplication in 2.512 seconds (JVM running for 3994.908) 
20210122 11:47:19.020 [restartedMain] INFO c.e.u.FileUploadApplication -
				Starting FileUploadApplication using Java 15 on LAPTOP-OGKDVBPP with PID 9460 (C:\Users\sjeon\Documents\workspace-spring-tool-suite-4-4.8.1.RELEASE\fileUpload\bin\main started by sjeon in C:\Users\sjeon\Documents\workspace-spring-tool-suite-4-4.8.1.RELEASE\fileUpload) 
20210122 11:47:19.021 [restartedMain] INFO c.e.u.FileUploadApplication -
				No active profile set, falling back to default profiles: default 
20210122 11:47:21.600 [restartedMain] INFO c.e.u.FileUploadApplication -
				Started FileUploadApplication in 2.606 seconds (JVM running for 4077.161) 
20210122 11:48:24.931 [restartedMain] INFO c.e.u.FileUploadApplication -
				Starting FileUploadApplication using Java 15 on LAPTOP-OGKDVBPP with PID 9460 (C:\Users\sjeon\Documents\workspace-spring-tool-suite-4-4.8.1.RELEASE\fileUpload\bin\main started by sjeon in C:\Users\sjeon\Documents\workspace-spring-tool-suite-4-4.8.1.RELEASE\fileUpload) 
20210122 11:48:24.931 [restartedMain] INFO c.e.u.FileUploadApplication -
				No active profile set, falling back to default profiles: default 
20210122 11:48:27.573 [restartedMain] INFO c.e.u.FileUploadApplication -
				Started FileUploadApplication in 2.668 seconds (JVM running for 4143.134) 
20210122 11:48:39.253 [restartedMain] INFO c.e.u.FileUploadApplication -
				Starting FileUploadApplication using Java 15 on LAPTOP-OGKDVBPP with PID 9460 (C:\Users\sjeon\Documents\workspace-spring-tool-suite-4-4.8.1.RELEASE\fileUpload\bin\main started by sjeon in C:\Users\sjeon\Documents\workspace-spring-tool-suite-4-4.8.1.RELEASE\fileUpload) 
20210122 11:48:39.253 [restartedMain] INFO c.e.u.FileUploadApplication -
				No active profile set, falling back to default profiles: default 
20210122 11:48:41.883 [restartedMain] INFO c.e.u.FileUploadApplication -
				Started FileUploadApplication in 2.657 seconds (JVM running for 4157.444) 
20210122 11:48:43.448 [restartedMain] INFO c.e.u.FileUploadApplication -
				Starting FileUploadApplication using Java 15 on LAPTOP-OGKDVBPP with PID 9460 (C:\Users\sjeon\Documents\workspace-spring-tool-suite-4-4.8.1.RELEASE\fileUpload\bin\main started by sjeon in C:\Users\sjeon\Documents\workspace-spring-tool-suite-4-4.8.1.RELEASE\fileUpload) 
20210122 11:48:43.449 [restartedMain] INFO c.e.u.FileUploadApplication -
				No active profile set, falling back to default profiles: default 
20210122 11:48:45.970 [restartedMain] INFO c.e.u.FileUploadApplication -
				Started FileUploadApplication in 2.565 seconds (JVM running for 4161.531) 
20210122 11:49:15.930 [restartedMain] INFO c.e.u.FileUploadApplication -
				Starting FileUploadApplication using Java 15 on LAPTOP-OGKDVBPP with PID 9460 (C:\Users\sjeon\Documents\workspace-spring-tool-suite-4-4.8.1.RELEASE\fileUpload\bin\main started by sjeon in C:\Users\sjeon\Documents\workspace-spring-tool-suite-4-4.8.1.RELEASE\fileUpload) 
20210122 11:49:15.931 [restartedMain] INFO c.e.u.FileUploadApplication -
				No active profile set, falling back to default profiles: default 
20210122 11:49:18.541 [restartedMain] INFO c.e.u.FileUploadApplication -
				Started FileUploadApplication in 2.642 seconds (JVM running for 4194.101) 
20210122 11:50:46.438 [restartedMain] INFO c.e.u.FileUploadApplication -
				Starting FileUploadApplication using Java 15 on LAPTOP-OGKDVBPP with PID 9460 (C:\Users\sjeon\Documents\workspace-spring-tool-suite-4-4.8.1.RELEASE\fileUpload\bin\main started by sjeon in C:\Users\sjeon\Documents\workspace-spring-tool-suite-4-4.8.1.RELEASE\fileUpload) 
20210122 11:50:46.438 [restartedMain] INFO c.e.u.FileUploadApplication -
				No active profile set, falling back to default profiles: default 
20210122 11:50:49.120 [restartedMain] INFO c.e.u.FileUploadApplication -
				Started FileUploadApplication in 2.709 seconds (JVM running for 4284.68) 
20210122 11:51:08.880 [restartedMain] INFO c.e.u.FileUploadApplication -
				Starting FileUploadApplication using Java 15 on LAPTOP-OGKDVBPP with PID 9460 (C:\Users\sjeon\Documents\workspace-spring-tool-suite-4-4.8.1.RELEASE\fileUpload\bin\main started by sjeon in C:\Users\sjeon\Documents\workspace-spring-tool-suite-4-4.8.1.RELEASE\fileUpload) 
20210122 11:51:08.880 [restartedMain] INFO c.e.u.FileUploadApplication -
				No active profile set, falling back to default profiles: default 
20210122 11:51:11.333 [restartedMain] INFO c.e.u.FileUploadApplication -
				Started FileUploadApplication in 2.478 seconds (JVM running for 4306.894) 
20210122 11:51:33.162 [restartedMain] INFO c.e.u.FileUploadApplication -
				Starting FileUploadApplication using Java 15 on LAPTOP-OGKDVBPP with PID 9460 (C:\Users\sjeon\Documents\workspace-spring-tool-suite-4-4.8.1.RELEASE\fileUpload\bin\main started by sjeon in C:\Users\sjeon\Documents\workspace-spring-tool-suite-4-4.8.1.RELEASE\fileUpload) 
20210122 11:51:33.162 [restartedMain] INFO c.e.u.FileUploadApplication -
				No active profile set, falling back to default profiles: default 
20210122 11:51:35.704 [restartedMain] INFO c.e.u.FileUploadApplication -
				Started FileUploadApplication in 2.569 seconds (JVM running for 4331.264) 
20210122 11:51:39.270 [restartedMain] INFO c.e.u.FileUploadApplication -
				Starting FileUploadApplication using Java 15 on LAPTOP-OGKDVBPP with PID 9460 (C:\Users\sjeon\Documents\workspace-spring-tool-suite-4-4.8.1.RELEASE\fileUpload\bin\main started by sjeon in C:\Users\sjeon\Documents\workspace-spring-tool-suite-4-4.8.1.RELEASE\fileUpload) 
20210122 11:51:39.270 [restartedMain] INFO c.e.u.FileUploadApplication -
				No active profile set, falling back to default profiles: default 
20210122 11:51:41.784 [restartedMain] INFO c.e.u.FileUploadApplication -
				Started FileUploadApplication in 2.545 seconds (JVM running for 4337.344) 
20210122 12:49:52.028 [restartedMain] INFO c.e.u.FileUploadApplication -
				Starting FileUploadApplication using Java 15 on LAPTOP-OGKDVBPP with PID 9460 (C:\Users\sjeon\Documents\workspace-spring-tool-suite-4-4.8.1.RELEASE\fileUpload\bin\main started by sjeon in C:\Users\sjeon\Documents\workspace-spring-tool-suite-4-4.8.1.RELEASE\fileUpload) 
20210122 12:49:52.028 [restartedMain] INFO c.e.u.FileUploadApplication -
				No active profile set, falling back to default profiles: default 
20210122 13:00:05.573 [restartedMain] INFO c.e.u.FileUploadApplication -
				Starting FileUploadApplication using Java 15 on LAPTOP-OGKDVBPP with PID 19064 (C:\Users\sjeon\Documents\workspace-spring-tool-suite-4-4.8.1.RELEASE\fileUpload\bin\main started by sjeon in C:\Users\sjeon\Documents\workspace-spring-tool-suite-4-4.8.1.RELEASE\fileUpload) 
20210122 13:00:05.579 [restartedMain] INFO c.e.u.FileUploadApplication -
				No active profile set, falling back to default profiles: default 
20210122 13:00:51.605 [restartedMain] INFO c.e.u.FileUploadApplication -
				Starting FileUploadApplication using Java 15 on LAPTOP-OGKDVBPP with PID 21752 (C:\Users\sjeon\Documents\workspace-spring-tool-suite-4-4.8.1.RELEASE\fileUpload\bin\main started by sjeon in C:\Users\sjeon\Documents\workspace-spring-tool-suite-4-4.8.1.RELEASE\fileUpload) 
20210122 13:00:51.609 [restartedMain] INFO c.e.u.FileUploadApplication -
				No active profile set, falling back to default profiles: default 
20210122 13:01:01.788 [restartedMain] INFO c.e.u.FileUploadApplication -
				Started FileUploadApplication in 11.044 seconds (JVM running for 12.912) 
20210122 13:05:12.597 [restartedMain] INFO c.e.u.FileUploadApplication -
				Starting FileUploadApplication using Java 15 on LAPTOP-OGKDVBPP with PID 21752 (C:\Users\sjeon\Documents\workspace-spring-tool-suite-4-4.8.1.RELEASE\fileUpload\bin\main started by sjeon in C:\Users\sjeon\Documents\workspace-spring-tool-suite-4-4.8.1.RELEASE\fileUpload) 
20210122 13:05:12.598 [restartedMain] INFO c.e.u.FileUploadApplication -
				No active profile set, falling back to default profiles: default 
20210122 13:05:16.467 [restartedMain] INFO c.e.u.FileUploadApplication -
				Started FileUploadApplication in 3.939 seconds (JVM running for 267.591) 
20210122 13:05:33.266 [restartedMain] INFO c.e.u.FileUploadApplication -
				Starting FileUploadApplication using Java 15 on LAPTOP-OGKDVBPP with PID 21752 (C:\Users\sjeon\Documents\workspace-spring-tool-suite-4-4.8.1.RELEASE\fileUpload\bin\main started by sjeon in C:\Users\sjeon\Documents\workspace-spring-tool-suite-4-4.8.1.RELEASE\fileUpload) 
20210122 13:05:33.266 [restartedMain] INFO c.e.u.FileUploadApplication -
				No active profile set, falling back to default profiles: default 
20210122 13:05:37.439 [restartedMain] INFO c.e.u.FileUploadApplication -
				Started FileUploadApplication in 4.234 seconds (JVM running for 288.563) 
20210122 13:07:00.711 [restartedMain] INFO c.e.u.FileUploadApplication -
				Starting FileUploadApplication using Java 15 on LAPTOP-OGKDVBPP with PID 21752 (C:\Users\sjeon\Documents\workspace-spring-tool-suite-4-4.8.1.RELEASE\fileUpload\bin\main started by sjeon in C:\Users\sjeon\Documents\workspace-spring-tool-suite-4-4.8.1.RELEASE\fileUpload) 
20210122 13:07:00.711 [restartedMain] INFO c.e.u.FileUploadApplication -
				No active profile set, falling back to default profiles: default 
20210122 13:07:04.133 [restartedMain] INFO c.e.u.FileUploadApplication -
				Started FileUploadApplication in 3.493 seconds (JVM running for 375.258) 
20210122 13:07:09.795 [restartedMain] INFO c.e.u.FileUploadApplication -
				Starting FileUploadApplication using Java 15 on LAPTOP-OGKDVBPP with PID 21752 (C:\Users\sjeon\Documents\workspace-spring-tool-suite-4-4.8.1.RELEASE\fileUpload\bin\main started by sjeon in C:\Users\sjeon\Documents\workspace-spring-tool-suite-4-4.8.1.RELEASE\fileUpload) 
20210122 13:07:09.795 [restartedMain] INFO c.e.u.FileUploadApplication -
				No active profile set, falling back to default profiles: default 
20210122 13:07:13.361 [restartedMain] INFO c.e.u.FileUploadApplication -
				Started FileUploadApplication in 3.631 seconds (JVM running for 384.485) 
20210122 13:08:00.938 [restartedMain] INFO c.e.u.FileUploadApplication -
				Starting FileUploadApplication using Java 15 on LAPTOP-OGKDVBPP with PID 21752 (C:\Users\sjeon\Documents\workspace-spring-tool-suite-4-4.8.1.RELEASE\fileUpload\bin\main started by sjeon in C:\Users\sjeon\Documents\workspace-spring-tool-suite-4-4.8.1.RELEASE\fileUpload) 
20210122 13:08:00.939 [restartedMain] INFO c.e.u.FileUploadApplication -
				No active profile set, falling back to default profiles: default 
20210122 13:08:05.204 [restartedMain] INFO c.e.u.FileUploadApplication -
				Started FileUploadApplication in 4.332 seconds (JVM running for 436.328) 
20210122 13:09:19.228 [restartedMain] INFO c.e.u.FileUploadApplication -
				Starting FileUploadApplication using Java 15 on LAPTOP-OGKDVBPP with PID 21752 (C:\Users\sjeon\Documents\workspace-spring-tool-suite-4-4.8.1.RELEASE\fileUpload\bin\main started by sjeon in C:\Users\sjeon\Documents\workspace-spring-tool-suite-4-4.8.1.RELEASE\fileUpload) 
20210122 13:09:19.229 [restartedMain] INFO c.e.u.FileUploadApplication -
				No active profile set, falling back to default profiles: default 
20210122 13:09:23.171 [restartedMain] INFO c.e.u.FileUploadApplication -
				Started FileUploadApplication in 3.997 seconds (JVM running for 514.296) 
20210122 13:09:55.368 [restartedMain] INFO c.e.u.FileUploadApplication -
				Starting FileUploadApplication using Java 15 on LAPTOP-OGKDVBPP with PID 21752 (C:\Users\sjeon\Documents\workspace-spring-tool-suite-4-4.8.1.RELEASE\fileUpload\bin\main started by sjeon in C:\Users\sjeon\Documents\workspace-spring-tool-suite-4-4.8.1.RELEASE\fileUpload) 
20210122 13:09:55.369 [restartedMain] INFO c.e.u.FileUploadApplication -
				No active profile set, falling back to default profiles: default 
20210122 13:09:58.404 [restartedMain] INFO c.e.u.FileUploadApplication -
				Started FileUploadApplication in 3.09 seconds (JVM running for 549.528) 
20210122 13:10:30.660 [restartedMain] INFO c.e.u.FileUploadApplication -
				Starting FileUploadApplication using Java 15 on LAPTOP-OGKDVBPP with PID 21752 (C:\Users\sjeon\Documents\workspace-spring-tool-suite-4-4.8.1.RELEASE\fileUpload\bin\main started by sjeon in C:\Users\sjeon\Documents\workspace-spring-tool-suite-4-4.8.1.RELEASE\fileUpload) 
20210122 13:10:30.660 [restartedMain] INFO c.e.u.FileUploadApplication -
				No active profile set, falling back to default profiles: default 
20210122 13:10:34.207 [restartedMain] INFO c.e.u.FileUploadApplication -
				Started FileUploadApplication in 3.61 seconds (JVM running for 585.332) 
20210122 14:14:05.005 [restartedMain] INFO c.e.u.FileUploadApplication -
				Starting FileUploadApplication using Java 15 on LAPTOP-OGKDVBPP with PID 14796 (C:\Users\sjeon\Documents\workspace-spring-tool-suite-4-4.8.1.RELEASE\fileUpload\bin\main started by sjeon in C:\Users\sjeon\Documents\workspace-spring-tool-suite-4-4.8.1.RELEASE\fileUpload) 
20210122 14:14:05.007 [restartedMain] INFO c.e.u.FileUploadApplication -
				No active profile set, falling back to default profiles: default 
20210122 14:14:11.926 [restartedMain] INFO c.e.u.FileUploadApplication -
				Started FileUploadApplication in 7.326 seconds (JVM running for 8.682) 
