20210125 09:08:02.711 [restartedMain] INFO c.e.u.FileUploadApplication -
				Starting FileUploadApplication using Java 15 on LAPTOP-OGKDVBPP with PID 13764 (C:\Users\sjeon\Documents\workspace-spring-tool-suite-4-4.8.1.RELEASE\fileUpload\bin\main started by sjeon in C:\Users\sjeon\Documents\workspace-spring-tool-suite-4-4.8.1.RELEASE\fileUpload) 
20210125 09:08:02.713 [restartedMain] INFO c.e.u.FileUploadApplication -
				No active profile set, falling back to default profiles: default 
20210125 09:08:10.976 [restartedMain] INFO c.e.u.FileUploadApplication -
				Started FileUploadApplication in 8.754 seconds (JVM running for 10.162) 
20210125 09:09:58.310 [restartedMain] INFO c.e.u.FileUploadApplication -
				Starting FileUploadApplication using Java 15 on LAPTOP-OGKDVBPP with PID 13764 (C:\Users\sjeon\Documents\workspace-spring-tool-suite-4-4.8.1.RELEASE\fileUpload\bin\main started by sjeon in C:\Users\sjeon\Documents\workspace-spring-tool-suite-4-4.8.1.RELEASE\fileUpload) 
20210125 09:09:58.311 [restartedMain] INFO c.e.u.FileUploadApplication -
				No active profile set, falling back to default profiles: default 
20210125 09:10:00.927 [restartedMain] INFO c.e.u.FileUploadApplication -
				Started FileUploadApplication in 2.658 seconds (JVM running for 120.114) 
20210125 09:10:06.510 [restartedMain] INFO c.e.u.FileUploadApplication -
				Starting FileUploadApplication using Java 15 on LAPTOP-OGKDVBPP with PID 13764 (C:\Users\sjeon\Documents\workspace-spring-tool-suite-4-4.8.1.RELEASE\fileUpload\bin\main started by sjeon in C:\Users\sjeon\Documents\workspace-spring-tool-suite-4-4.8.1.RELEASE\fileUpload) 
20210125 09:10:06.511 [restartedMain] INFO c.e.u.FileUploadApplication -
				No active profile set, falling back to default profiles: default 
20210125 09:10:08.976 [restartedMain] INFO c.e.u.FileUploadApplication -
				Started FileUploadApplication in 2.492 seconds (JVM running for 128.163) 
20210125 09:10:13.563 [restartedMain] INFO c.e.u.FileUploadApplication -
				Starting FileUploadApplication using Java 15 on LAPTOP-OGKDVBPP with PID 13764 (C:\Users\sjeon\Documents\workspace-spring-tool-suite-4-4.8.1.RELEASE\fileUpload\bin\main started by sjeon in C:\Users\sjeon\Documents\workspace-spring-tool-suite-4-4.8.1.RELEASE\fileUpload) 
20210125 09:10:13.564 [restartedMain] INFO c.e.u.FileUploadApplication -
				No active profile set, falling back to default profiles: default 
20210125 09:10:16.915 [restartedMain] INFO c.e.u.FileUploadApplication -
				Started FileUploadApplication in 3.377 seconds (JVM running for 136.102) 
20210125 09:11:06.130 [restartedMain] INFO c.e.u.FileUploadApplication -
				Starting FileUploadApplication using Java 15 on LAPTOP-OGKDVBPP with PID 13764 (C:\Users\sjeon\Documents\workspace-spring-tool-suite-4-4.8.1.RELEASE\fileUpload\bin\main started by sjeon in C:\Users\sjeon\Documents\workspace-spring-tool-suite-4-4.8.1.RELEASE\fileUpload) 
20210125 09:11:06.130 [restartedMain] INFO c.e.u.FileUploadApplication -
				No active profile set, falling back to default profiles: default 
20210125 09:11:09.069 [restartedMain] INFO c.e.u.FileUploadApplication -
				Started FileUploadApplication in 2.965 seconds (JVM running for 188.256) 
20210125 09:12:12.466 [restartedMain] INFO c.e.u.FileUploadApplication -
				Starting FileUploadApplication using Java 15 on LAPTOP-OGKDVBPP with PID 13764 (C:\Users\sjeon\Documents\workspace-spring-tool-suite-4-4.8.1.RELEASE\fileUpload\bin\main started by sjeon in C:\Users\sjeon\Documents\workspace-spring-tool-suite-4-4.8.1.RELEASE\fileUpload) 
20210125 09:12:12.466 [restartedMain] INFO c.e.u.FileUploadApplication -
				No active profile set, falling back to default profiles: default 
20210125 09:12:14.912 [restartedMain] INFO c.e.u.FileUploadApplication -
				Started FileUploadApplication in 2.492 seconds (JVM running for 254.1) 
20210125 09:12:35.717 [restartedMain] INFO c.e.u.FileUploadApplication -
				Starting FileUploadApplication using Java 15 on LAPTOP-OGKDVBPP with PID 13764 (C:\Users\sjeon\Documents\workspace-spring-tool-suite-4-4.8.1.RELEASE\fileUpload\bin\main started by sjeon in C:\Users\sjeon\Documents\workspace-spring-tool-suite-4-4.8.1.RELEASE\fileUpload) 
20210125 09:12:35.717 [restartedMain] INFO c.e.u.FileUploadApplication -
				No active profile set, falling back to default profiles: default 
20210125 09:12:38.128 [restartedMain] INFO c.e.u.FileUploadApplication -
				Started FileUploadApplication in 2.436 seconds (JVM running for 277.315) 
20210125 09:14:14.200 [restartedMain] INFO c.e.u.FileUploadApplication -
				Starting FileUploadApplication using Java 15 on LAPTOP-OGKDVBPP with PID 13764 (C:\Users\sjeon\Documents\workspace-spring-tool-suite-4-4.8.1.RELEASE\fileUpload\bin\main started by sjeon in C:\Users\sjeon\Documents\workspace-spring-tool-suite-4-4.8.1.RELEASE\fileUpload) 
20210125 09:14:14.200 [restartedMain] INFO c.e.u.FileUploadApplication -
				No active profile set, falling back to default profiles: default 
20210125 09:16:50.006 [restartedMain] INFO c.e.u.FileUploadApplication -
				Starting FileUploadApplication using Java 15 on LAPTOP-OGKDVBPP with PID 5808 (C:\Users\sjeon\Documents\workspace-spring-tool-suite-4-4.8.1.RELEASE\fileUpload\bin\main started by sjeon in C:\Users\sjeon\Documents\workspace-spring-tool-suite-4-4.8.1.RELEASE\fileUpload) 
20210125 09:16:50.009 [restartedMain] INFO c.e.u.FileUploadApplication -
				No active profile set, falling back to default profiles: default 
20210125 09:19:32.147 [restartedMain] INFO c.e.u.FileUploadApplication -
				Starting FileUploadApplication using Java 15 on LAPTOP-OGKDVBPP with PID 18564 (C:\Users\sjeon\Documents\workspace-spring-tool-suite-4-4.8.1.RELEASE\fileUpload\bin\main started by sjeon in C:\Users\sjeon\Documents\workspace-spring-tool-suite-4-4.8.1.RELEASE\fileUpload) 
20210125 09:19:32.150 [restartedMain] INFO c.e.u.FileUploadApplication -
				No active profile set, falling back to default profiles: default 
20210125 09:19:37.758 [restartedMain] INFO c.e.u.FileUploadApplication -
				Started FileUploadApplication in 6.047 seconds (JVM running for 6.987) 
20210125 09:20:21.933 [restartedMain] INFO c.e.u.FileUploadApplication -
				Starting FileUploadApplication using Java 15 on LAPTOP-OGKDVBPP with PID 18564 (C:\Users\sjeon\Documents\workspace-spring-tool-suite-4-4.8.1.RELEASE\fileUpload\bin\main started by sjeon in C:\Users\sjeon\Documents\workspace-spring-tool-suite-4-4.8.1.RELEASE\fileUpload) 
20210125 09:20:21.934 [restartedMain] INFO c.e.u.FileUploadApplication -
				No active profile set, falling back to default profiles: default 
20210125 09:20:24.529 [restartedMain] INFO c.e.u.FileUploadApplication -
				Started FileUploadApplication in 2.627 seconds (JVM running for 53.758) 
20210125 09:20:39.293 [restartedMain] INFO c.e.u.FileUploadApplication -
				Starting FileUploadApplication using Java 15 on LAPTOP-OGKDVBPP with PID 18564 (C:\Users\sjeon\Documents\workspace-spring-tool-suite-4-4.8.1.RELEASE\fileUpload\bin\main started by sjeon in C:\Users\sjeon\Documents\workspace-spring-tool-suite-4-4.8.1.RELEASE\fileUpload) 
20210125 09:20:39.293 [restartedMain] INFO c.e.u.FileUploadApplication -
				No active profile set, falling back to default profiles: default 
20210125 09:20:42.351 [restartedMain] INFO c.e.u.FileUploadApplication -
				Started FileUploadApplication in 3.087 seconds (JVM running for 71.581) 
20210125 09:20:59.072 [restartedMain] INFO c.e.u.FileUploadApplication -
				Starting FileUploadApplication using Java 15 on LAPTOP-OGKDVBPP with PID 18564 (C:\Users\sjeon\Documents\workspace-spring-tool-suite-4-4.8.1.RELEASE\fileUpload\bin\main started by sjeon in C:\Users\sjeon\Documents\workspace-spring-tool-suite-4-4.8.1.RELEASE\fileUpload) 
20210125 09:20:59.072 [restartedMain] INFO c.e.u.FileUploadApplication -
				No active profile set, falling back to default profiles: default 
20210125 09:21:01.612 [restartedMain] INFO c.e.u.FileUploadApplication -
				Started FileUploadApplication in 2.567 seconds (JVM running for 90.841) 
20210125 09:22:35.402 [restartedMain] INFO c.e.u.FileUploadApplication -
				Starting FileUploadApplication using Java 15 on LAPTOP-OGKDVBPP with PID 18564 (C:\Users\sjeon\Documents\workspace-spring-tool-suite-4-4.8.1.RELEASE\fileUpload\bin\main started by sjeon in C:\Users\sjeon\Documents\workspace-spring-tool-suite-4-4.8.1.RELEASE\fileUpload) 
20210125 09:22:35.403 [restartedMain] INFO c.e.u.FileUploadApplication -
				No active profile set, falling back to default profiles: default 
20210125 09:22:37.904 [restartedMain] INFO c.e.u.FileUploadApplication -
				Started FileUploadApplication in 2.533 seconds (JVM running for 187.134) 
20210125 09:22:51.582 [restartedMain] INFO c.e.u.FileUploadApplication -
				Starting FileUploadApplication using Java 15 on LAPTOP-OGKDVBPP with PID 18564 (C:\Users\sjeon\Documents\workspace-spring-tool-suite-4-4.8.1.RELEASE\fileUpload\bin\main started by sjeon in C:\Users\sjeon\Documents\workspace-spring-tool-suite-4-4.8.1.RELEASE\fileUpload) 
20210125 09:22:51.582 [restartedMain] INFO c.e.u.FileUploadApplication -
				No active profile set, falling back to default profiles: default 
20210125 09:22:54.164 [restartedMain] INFO c.e.u.FileUploadApplication -
				Started FileUploadApplication in 2.61 seconds (JVM running for 203.394) 
20210125 09:23:01.757 [restartedMain] INFO c.e.u.FileUploadApplication -
				Starting FileUploadApplication using Java 15 on LAPTOP-OGKDVBPP with PID 18564 (C:\Users\sjeon\Documents\workspace-spring-tool-suite-4-4.8.1.RELEASE\fileUpload\bin\main started by sjeon in C:\Users\sjeon\Documents\workspace-spring-tool-suite-4-4.8.1.RELEASE\fileUpload) 
20210125 09:23:01.757 [restartedMain] INFO c.e.u.FileUploadApplication -
				No active profile set, falling back to default profiles: default 
20210125 09:23:04.566 [restartedMain] INFO c.e.u.FileUploadApplication -
				Started FileUploadApplication in 2.837 seconds (JVM running for 213.795) 
20210125 09:24:33.437 [restartedMain] INFO c.e.u.FileUploadApplication -
				Starting FileUploadApplication using Java 15 on LAPTOP-OGKDVBPP with PID 18564 (C:\Users\sjeon\Documents\workspace-spring-tool-suite-4-4.8.1.RELEASE\fileUpload\bin\main started by sjeon in C:\Users\sjeon\Documents\workspace-spring-tool-suite-4-4.8.1.RELEASE\fileUpload) 
20210125 09:24:33.437 [restartedMain] INFO c.e.u.FileUploadApplication -
				No active profile set, falling back to default profiles: default 
20210125 09:24:36.013 [restartedMain] INFO c.e.u.FileUploadApplication -
				Started FileUploadApplication in 2.606 seconds (JVM running for 305.242) 
20210125 09:33:09.619 [restartedMain] INFO c.e.u.FileUploadApplication -
				Starting FileUploadApplication using Java 15 on LAPTOP-OGKDVBPP with PID 18564 (C:\Users\sjeon\Documents\workspace-spring-tool-suite-4-4.8.1.RELEASE\fileUpload\bin\main started by sjeon in C:\Users\sjeon\Documents\workspace-spring-tool-suite-4-4.8.1.RELEASE\fileUpload) 
20210125 09:33:09.620 [restartedMain] INFO c.e.u.FileUploadApplication -
				No active profile set, falling back to default profiles: default 
20210125 09:33:12.270 [restartedMain] INFO c.e.u.FileUploadApplication -
				Started FileUploadApplication in 2.676 seconds (JVM running for 821.499) 
20210125 09:33:31.096 [restartedMain] INFO c.e.u.FileUploadApplication -
				Starting FileUploadApplication using Java 15 on LAPTOP-OGKDVBPP with PID 18564 (C:\Users\sjeon\Documents\workspace-spring-tool-suite-4-4.8.1.RELEASE\fileUpload\bin\main started by sjeon in C:\Users\sjeon\Documents\workspace-spring-tool-suite-4-4.8.1.RELEASE\fileUpload) 
20210125 09:33:31.096 [restartedMain] INFO c.e.u.FileUploadApplication -
				No active profile set, falling back to default profiles: default 
20210125 09:34:29.906 [restartedMain] INFO c.e.u.FileUploadApplication -
				Starting FileUploadApplication using Java 15 on LAPTOP-OGKDVBPP with PID 1776 (C:\Users\sjeon\Documents\workspace-spring-tool-suite-4-4.8.1.RELEASE\fileUpload\bin\main started by sjeon in C:\Users\sjeon\Documents\workspace-spring-tool-suite-4-4.8.1.RELEASE\fileUpload) 
20210125 09:34:29.908 [restartedMain] INFO c.e.u.FileUploadApplication -
				No active profile set, falling back to default profiles: default 
20210125 09:34:36.266 [restartedMain] INFO c.e.u.FileUploadApplication -
				Started FileUploadApplication in 6.766 seconds (JVM running for 7.625) 
20210125 09:35:08.363 [restartedMain] INFO c.e.u.FileUploadApplication -
				Starting FileUploadApplication using Java 15 on LAPTOP-OGKDVBPP with PID 1776 (C:\Users\sjeon\Documents\workspace-spring-tool-suite-4-4.8.1.RELEASE\fileUpload\bin\main started by sjeon in C:\Users\sjeon\Documents\workspace-spring-tool-suite-4-4.8.1.RELEASE\fileUpload) 
20210125 09:35:08.363 [restartedMain] INFO c.e.u.FileUploadApplication -
				No active profile set, falling back to default profiles: default 
20210125 09:35:10.989 [restartedMain] INFO c.e.u.FileUploadApplication -
				Started FileUploadApplication in 2.674 seconds (JVM running for 42.348) 
20210125 09:35:25.728 [restartedMain] INFO c.e.u.FileUploadApplication -
				Starting FileUploadApplication using Java 15 on LAPTOP-OGKDVBPP with PID 1776 (C:\Users\sjeon\Documents\workspace-spring-tool-suite-4-4.8.1.RELEASE\fileUpload\bin\main started by sjeon in C:\Users\sjeon\Documents\workspace-spring-tool-suite-4-4.8.1.RELEASE\fileUpload) 
20210125 09:35:25.728 [restartedMain] INFO c.e.u.FileUploadApplication -
				No active profile set, falling back to default profiles: default 
20210125 09:35:28.228 [restartedMain] INFO c.e.u.FileUploadApplication -
				Started FileUploadApplication in 2.528 seconds (JVM running for 59.587) 
20210125 09:35:44.996 [restartedMain] INFO c.e.u.FileUploadApplication -
				Starting FileUploadApplication using Java 15 on LAPTOP-OGKDVBPP with PID 1776 (C:\Users\sjeon\Documents\workspace-spring-tool-suite-4-4.8.1.RELEASE\fileUpload\bin\main started by sjeon in C:\Users\sjeon\Documents\workspace-spring-tool-suite-4-4.8.1.RELEASE\fileUpload) 
20210125 09:35:44.996 [restartedMain] INFO c.e.u.FileUploadApplication -
				No active profile set, falling back to default profiles: default 
20210125 09:35:47.678 [restartedMain] INFO c.e.u.FileUploadApplication -
				Started FileUploadApplication in 2.713 seconds (JVM running for 79.038) 
20210125 09:38:08.671 [restartedMain] INFO c.e.u.FileUploadApplication -
				Starting FileUploadApplication using Java 15 on LAPTOP-OGKDVBPP with PID 17352 (C:\Users\sjeon\Documents\workspace-spring-tool-suite-4-4.8.1.RELEASE\fileUpload\bin\main started by sjeon in C:\Users\sjeon\Documents\workspace-spring-tool-suite-4-4.8.1.RELEASE\fileUpload) 
20210125 09:38:08.674 [restartedMain] INFO c.e.u.FileUploadApplication -
				No active profile set, falling back to default profiles: default 
20210125 09:38:14.386 [restartedMain] INFO c.e.u.FileUploadApplication -
				Started FileUploadApplication in 6.118 seconds (JVM running for 7.012) 
20210125 09:39:24.822 [restartedMain] INFO c.e.u.FileUploadApplication -
				Starting FileUploadApplication using Java 15 on LAPTOP-OGKDVBPP with PID 17352 (C:\Users\sjeon\Documents\workspace-spring-tool-suite-4-4.8.1.RELEASE\fileUpload\bin\main started by sjeon in C:\Users\sjeon\Documents\workspace-spring-tool-suite-4-4.8.1.RELEASE\fileUpload) 
20210125 09:39:24.823 [restartedMain] INFO c.e.u.FileUploadApplication -
				No active profile set, falling back to default profiles: default 
20210125 09:39:27.453 [restartedMain] INFO c.e.u.FileUploadApplication -
				Started FileUploadApplication in 2.663 seconds (JVM running for 80.079) 
20210125 09:39:34.045 [restartedMain] INFO c.e.u.FileUploadApplication -
				Starting FileUploadApplication using Java 15 on LAPTOP-OGKDVBPP with PID 17352 (C:\Users\sjeon\Documents\workspace-spring-tool-suite-4-4.8.1.RELEASE\fileUpload\bin\main started by sjeon in C:\Users\sjeon\Documents\workspace-spring-tool-suite-4-4.8.1.RELEASE\fileUpload) 
20210125 09:39:34.046 [restartedMain] INFO c.e.u.FileUploadApplication -
				No active profile set, falling back to default profiles: default 
20210125 09:39:36.938 [restartedMain] INFO c.e.u.FileUploadApplication -
				Started FileUploadApplication in 2.922 seconds (JVM running for 89.564) 
20210125 09:39:42.511 [restartedMain] INFO c.e.u.FileUploadApplication -
				Starting FileUploadApplication using Java 15 on LAPTOP-OGKDVBPP with PID 17352 (C:\Users\sjeon\Documents\workspace-spring-tool-suite-4-4.8.1.RELEASE\fileUpload\bin\main started by sjeon in C:\Users\sjeon\Documents\workspace-spring-tool-suite-4-4.8.1.RELEASE\fileUpload) 
20210125 09:39:42.512 [restartedMain] INFO c.e.u.FileUploadApplication -
				No active profile set, falling back to default profiles: default 
20210125 09:39:45.675 [restartedMain] INFO c.e.u.FileUploadApplication -
				Started FileUploadApplication in 3.191 seconds (JVM running for 98.302) 
20210125 09:39:53.307 [restartedMain] INFO c.e.u.FileUploadApplication -
				Starting FileUploadApplication using Java 15 on LAPTOP-OGKDVBPP with PID 17352 (C:\Users\sjeon\Documents\workspace-spring-tool-suite-4-4.8.1.RELEASE\fileUpload\bin\main started by sjeon in C:\Users\sjeon\Documents\workspace-spring-tool-suite-4-4.8.1.RELEASE\fileUpload) 
20210125 09:39:53.307 [restartedMain] INFO c.e.u.FileUploadApplication -
				No active profile set, falling back to default profiles: default 
20210125 09:39:55.847 [restartedMain] INFO c.e.u.FileUploadApplication -
				Started FileUploadApplication in 2.567 seconds (JVM running for 108.473) 
20210125 09:40:18.663 [restartedMain] INFO c.e.u.FileUploadApplication -
				Starting FileUploadApplication using Java 15 on LAPTOP-OGKDVBPP with PID 17352 (C:\Users\sjeon\Documents\workspace-spring-tool-suite-4-4.8.1.RELEASE\fileUpload\bin\main started by sjeon in C:\Users\sjeon\Documents\workspace-spring-tool-suite-4-4.8.1.RELEASE\fileUpload) 
20210125 09:40:18.663 [restartedMain] INFO c.e.u.FileUploadApplication -
				No active profile set, falling back to default profiles: default 
20210125 09:40:21.149 [restartedMain] INFO c.e.u.FileUploadApplication -
				Started FileUploadApplication in 2.517 seconds (JVM running for 133.775) 
20210125 09:40:39.914 [restartedMain] INFO c.e.u.FileUploadApplication -
				Starting FileUploadApplication using Java 15 on LAPTOP-OGKDVBPP with PID 17352 (C:\Users\sjeon\Documents\workspace-spring-tool-suite-4-4.8.1.RELEASE\fileUpload\bin\main started by sjeon in C:\Users\sjeon\Documents\workspace-spring-tool-suite-4-4.8.1.RELEASE\fileUpload) 
20210125 09:40:39.914 [restartedMain] INFO c.e.u.FileUploadApplication -
				No active profile set, falling back to default profiles: default 
20210125 09:40:42.572 [restartedMain] INFO c.e.u.FileUploadApplication -
				Started FileUploadApplication in 2.699 seconds (JVM running for 155.198) 
20210125 09:45:37.792 [http-nio-8080-exec-7] INFO jdbc.sqlonly -
				select renrakutus0_.PNO as pno1_0_, renrakutus0_.CARTON_ON as carton_on2_0_, renrakutus0_.DME_PNO 
as dme_pno3_0_, renrakutus0_.FCS_DATE as fcs_date4_0_, renrakutus0_.GLOBAL_SKU as global_sku5_0_, 
renrakutus0_.GMDL_PL_CD as gmdl_pl_cd6_0_, renrakutus0_.GMDL_PL_NO as gmdl_pl_no7_0_, renrakutus0_.JAN_UPC_EAN 
as jan_upc_ean8_0_, renrakutus0_.MATNR as matnr9_0_, renrakutus0_.MFG_NO as mfg_no10_0_, renrakutus0_.MODEL_NO 
as model_no11_0_, renrakutus0_.PRODUCT_CATEGORY as product_category12_0_, renrakutus0_.PRODUCT_NAME 
as product_name13_0_, renrakutus0_.REGION as region14_0_, renrakutus0_.REGIST_DAY as regist_day15_0_, 
renrakutus0_.ROUTE as route16_0_, renrakutus0_.SUB_PRODUCT_NAME as sub_product_name17_0_, renrakutus0_.VENDER 
as vender18_0_ from RENRAKUTSUCHI_V renrakutus0_ where renrakutus0_.MATNR='A1PBS10E112H' 
 
20210125 09:45:40.613 [http-nio-8080-exec-7] INFO jdbc.sqltiming -
				select renrakutus0_.PNO as pno1_0_, renrakutus0_.CARTON_ON as carton_on2_0_, renrakutus0_.DME_PNO 
as dme_pno3_0_, renrakutus0_.FCS_DATE as fcs_date4_0_, renrakutus0_.GLOBAL_SKU as global_sku5_0_, 
renrakutus0_.GMDL_PL_CD as gmdl_pl_cd6_0_, renrakutus0_.GMDL_PL_NO as gmdl_pl_no7_0_, renrakutus0_.JAN_UPC_EAN 
as jan_upc_ean8_0_, renrakutus0_.MATNR as matnr9_0_, renrakutus0_.MFG_NO as mfg_no10_0_, renrakutus0_.MODEL_NO 
as model_no11_0_, renrakutus0_.PRODUCT_CATEGORY as product_category12_0_, renrakutus0_.PRODUCT_NAME 
as product_name13_0_, renrakutus0_.REGION as region14_0_, renrakutus0_.REGIST_DAY as regist_day15_0_, 
renrakutus0_.ROUTE as route16_0_, renrakutus0_.SUB_PRODUCT_NAME as sub_product_name17_0_, renrakutus0_.VENDER 
as vender18_0_ from RENRAKUTSUCHI_V renrakutus0_ where renrakutus0_.MATNR='A1PBS10E112H' 
 {executed in 2821 msec} 
20210125 09:47:35.852 [restartedMain] INFO c.e.u.FileUploadApplication -
				Starting FileUploadApplication using Java 15 on LAPTOP-OGKDVBPP with PID 17352 (C:\Users\sjeon\Documents\workspace-spring-tool-suite-4-4.8.1.RELEASE\fileUpload\bin\main started by sjeon in C:\Users\sjeon\Documents\workspace-spring-tool-suite-4-4.8.1.RELEASE\fileUpload) 
20210125 09:47:35.853 [restartedMain] INFO c.e.u.FileUploadApplication -
				No active profile set, falling back to default profiles: default 
20210125 09:47:38.354 [restartedMain] INFO c.e.u.FileUploadApplication -
				Started FileUploadApplication in 2.543 seconds (JVM running for 570.98) 
20210125 09:47:45.946 [restartedMain] INFO c.e.u.FileUploadApplication -
				Starting FileUploadApplication using Java 15 on LAPTOP-OGKDVBPP with PID 17352 (C:\Users\sjeon\Documents\workspace-spring-tool-suite-4-4.8.1.RELEASE\fileUpload\bin\main started by sjeon in C:\Users\sjeon\Documents\workspace-spring-tool-suite-4-4.8.1.RELEASE\fileUpload) 
20210125 09:47:45.946 [restartedMain] INFO c.e.u.FileUploadApplication -
				No active profile set, falling back to default profiles: default 
20210125 09:47:48.363 [restartedMain] INFO c.e.u.FileUploadApplication -
				Started FileUploadApplication in 2.451 seconds (JVM running for 580.989) 
20210125 09:48:30.446 [restartedMain] INFO c.e.u.FileUploadApplication -
				Starting FileUploadApplication using Java 15 on LAPTOP-OGKDVBPP with PID 17352 (C:\Users\sjeon\Documents\workspace-spring-tool-suite-4-4.8.1.RELEASE\fileUpload\bin\main started by sjeon in C:\Users\sjeon\Documents\workspace-spring-tool-suite-4-4.8.1.RELEASE\fileUpload) 
20210125 09:48:30.447 [restartedMain] INFO c.e.u.FileUploadApplication -
				No active profile set, falling back to default profiles: default 
20210125 09:48:32.947 [restartedMain] INFO c.e.u.FileUploadApplication -
				Started FileUploadApplication in 2.527 seconds (JVM running for 625.573) 
20210125 09:48:35.479 [restartedMain] INFO c.e.u.FileUploadApplication -
				Starting FileUploadApplication using Java 15 on LAPTOP-OGKDVBPP with PID 17352 (C:\Users\sjeon\Documents\workspace-spring-tool-suite-4-4.8.1.RELEASE\fileUpload\bin\main started by sjeon in C:\Users\sjeon\Documents\workspace-spring-tool-suite-4-4.8.1.RELEASE\fileUpload) 
20210125 09:48:35.479 [restartedMain] INFO c.e.u.FileUploadApplication -
				No active profile set, falling back to default profiles: default 
20210125 09:48:37.808 [restartedMain] INFO c.e.u.FileUploadApplication -
				Started FileUploadApplication in 2.355 seconds (JVM running for 630.434) 
20210125 09:48:52.568 [restartedMain] INFO c.e.u.FileUploadApplication -
				Starting FileUploadApplication using Java 15 on LAPTOP-OGKDVBPP with PID 17352 (C:\Users\sjeon\Documents\workspace-spring-tool-suite-4-4.8.1.RELEASE\fileUpload\bin\main started by sjeon in C:\Users\sjeon\Documents\workspace-spring-tool-suite-4-4.8.1.RELEASE\fileUpload) 
20210125 09:48:52.568 [restartedMain] INFO c.e.u.FileUploadApplication -
				No active profile set, falling back to default profiles: default 
20210125 09:48:55.009 [restartedMain] INFO c.e.u.FileUploadApplication -
				Started FileUploadApplication in 2.469 seconds (JVM running for 647.635) 
20210125 09:49:45.188 [restartedMain] INFO c.e.u.FileUploadApplication -
				Starting FileUploadApplication using Java 15 on LAPTOP-OGKDVBPP with PID 17352 (C:\Users\sjeon\Documents\workspace-spring-tool-suite-4-4.8.1.RELEASE\fileUpload\bin\main started by sjeon in C:\Users\sjeon\Documents\workspace-spring-tool-suite-4-4.8.1.RELEASE\fileUpload) 
20210125 09:49:45.189 [restartedMain] INFO c.e.u.FileUploadApplication -
				No active profile set, falling back to default profiles: default 
20210125 09:49:48.395 [restartedMain] INFO c.e.u.FileUploadApplication -
				Started FileUploadApplication in 3.232 seconds (JVM running for 701.021) 
20210125 09:50:00.045 [restartedMain] INFO c.e.u.FileUploadApplication -
				Starting FileUploadApplication using Java 15 on LAPTOP-OGKDVBPP with PID 17352 (C:\Users\sjeon\Documents\workspace-spring-tool-suite-4-4.8.1.RELEASE\fileUpload\bin\main started by sjeon in C:\Users\sjeon\Documents\workspace-spring-tool-suite-4-4.8.1.RELEASE\fileUpload) 
20210125 09:50:00.045 [restartedMain] INFO c.e.u.FileUploadApplication -
				No active profile set, falling back to default profiles: default 
20210125 09:50:02.420 [restartedMain] INFO c.e.u.FileUploadApplication -
				Started FileUploadApplication in 2.403 seconds (JVM running for 715.046) 
20210125 09:50:05.978 [restartedMain] INFO c.e.u.FileUploadApplication -
				Starting FileUploadApplication using Java 15 on LAPTOP-OGKDVBPP with PID 17352 (C:\Users\sjeon\Documents\workspace-spring-tool-suite-4-4.8.1.RELEASE\fileUpload\bin\main started by sjeon in C:\Users\sjeon\Documents\workspace-spring-tool-suite-4-4.8.1.RELEASE\fileUpload) 
20210125 09:50:05.979 [restartedMain] INFO c.e.u.FileUploadApplication -
				No active profile set, falling back to default profiles: default 
20210125 09:50:08.349 [restartedMain] INFO c.e.u.FileUploadApplication -
				Started FileUploadApplication in 2.402 seconds (JVM running for 720.975) 
20210125 10:02:42.186 [restartedMain] INFO c.e.u.FileUploadApplication -
				Starting FileUploadApplication using Java 15 on LAPTOP-OGKDVBPP with PID 4248 (C:\Users\sjeon\Documents\workspace-spring-tool-suite-4-4.8.1.RELEASE\fileUpload\bin\main started by sjeon in C:\Users\sjeon\Documents\workspace-spring-tool-suite-4-4.8.1.RELEASE\fileUpload) 
20210125 10:02:42.188 [restartedMain] INFO c.e.u.FileUploadApplication -
				No active profile set, falling back to default profiles: default 
20210125 10:02:48.507 [restartedMain] INFO c.e.u.FileUploadApplication -
				Started FileUploadApplication in 6.78 seconds (JVM running for 7.699) 
